<test-run id="2" name="Challenge.exe" fullname="C:\Users\Админ\Desktop\Шпора\testing\Challenge\bin\Debug\Challenge.exe" testcasecount="360" result="Failed" total="17" passed="16" failed="1" inconclusive="0" skipped="0" asserts="0" engine-version="3.7.0.0" clr-version="4.0.30319.42000" start-time="2017-10-19 08:15:28Z" end-time="2017-10-19 08:15:28Z" duration="0.180518"><command-line><![CDATA["C:\Users\Админ\Desktop\Шпора\testing\Challenge\bin\Debug\Challenge.exe"   ]]></command-line><filter><test>Challenge.Infrastructure.WordsStatistics_EN1_Tests</test></filter><test-suite type="Assembly" id="0-1383" name="Challenge.exe" fullname="C:\Users\Админ\Desktop\Шпора\testing\Challenge\bin\Debug\Challenge.exe" runstate="Runnable" testcasecount="360" result="Failed" site="Child" start-time="2017-10-19 08:15:28Z" end-time="2017-10-19 08:15:28Z" duration="0.164951" total="17" passed="16" failed="1" warnings="0" inconclusive="0" skipped="0" asserts="0"><environment framework-version="3.8.1.0" clr-version="4.0.30319.42000" os-version="Microsoft Windows NT 10.0.15063.0" platform="Win32NT" cwd="C:\Users\Админ\Desktop\Шпора\testing\Challenge\bin\Debug" machine-name="DAGEPOKLAPTOP" user="Админ" user-domain="DAGEPOKLAPTOP" culture="ru-RU" uiculture="ru-RU" os-architecture="x86" /><settings><setting name="ImageRuntimeVersion" value="4.0.30319" /><setting name="ImageTargetFrameworkName" value=".NETFramework,Version=v4.5" /><setting name="ImageRequiresX86" value="True" /><setting name="RunAsX86" value="True" /><setting name="ImageRequiresDefaultAppDomainAssemblyResolver" value="False" /><setting name="RuntimeFramework" value="net-4.0" /><setting name="NumberOfTestWorkers" value="4" /></settings><properties><property name="_PID" value="1472" /><property name="_APPDOMAIN" value="domain-87e06b39-Challenge.exe" /></properties><failure><message><![CDATA[One or more child tests had errors]]></message></failure><test-suite type="TestSuite" id="0-1384" name="Challenge" fullname="Challenge" runstate="Runnable" testcasecount="360" result="Failed" site="Child" start-time="2017-10-19 08:15:28Z" end-time="2017-10-19 08:15:28Z" duration="0.164841" total="17" passed="16" failed="1" warnings="0" inconclusive="0" skipped="0" asserts="0"><failure><message><![CDATA[One or more child tests had errors]]></message></failure><test-suite type="TestSuite" id="0-1385" name="Infrastructure" fullname="Challenge.Infrastructure" runstate="Runnable" testcasecount="343" result="Failed" site="Child" start-time="2017-10-19 08:15:28Z" end-time="2017-10-19 08:15:28Z" duration="0.164821" total="17" passed="16" failed="1" warnings="0" inconclusive="0" skipped="0" asserts="0"><failure><message><![CDATA[One or more child tests had errors]]></message></failure><test-suite type="TestFixture" id="0-1311" name="WordsStatistics_EN1_Tests" fullname="Challenge.Infrastructure.WordsStatistics_EN1_Tests" classname="Challenge.Infrastructure.WordsStatistics_EN1_Tests" runstate="Runnable" testcasecount="17" result="Failed" site="Child" start-time="2017-10-19 08:15:28Z" end-time="2017-10-19 08:15:28Z" duration="0.164369" total="17" passed="16" failed="1" warnings="0" inconclusive="0" skipped="0" asserts="0"><failure><message><![CDATA[One or more child tests had errors]]></message></failure><test-case id="0-1324" name="GetStatisitcs_OrderByDesceding_AfterAlmostSameWordsWithAlmostSameCount" fullname="Challenge.Infrastructure.WordsStatistics_EN1_Tests.GetStatisitcs_OrderByDesceding_AfterAlmostSameWordsWithAlmostSameCount" methodname="GetStatisitcs_OrderByDesceding_AfterAlmostSameWordsWithAlmostSameCount" classname="Challenge.WordsStatistics_Tests" runstate="Runnable" seed="507707164" result="Passed" start-time="2017-10-19 08:15:28Z" end-time="2017-10-19 08:15:28Z" duration="0.002531" asserts="0" /><test-case id="0-1325" name="GetStatistics_AfterGet" fullname="Challenge.Infrastructure.WordsStatistics_EN1_Tests.GetStatistics_AfterGet" methodname="GetStatistics_AfterGet" classname="Challenge.WordsStatistics_Tests" runstate="Runnable" seed="1078675123" result="Passed" start-time="2017-10-19 08:15:28Z" end-time="2017-10-19 08:15:28Z" duration="0.000157" asserts="0" /><test-case id="0-1313" name="GetStatistics_ContainsItem_AfterAddition" fullname="Challenge.Infrastructure.WordsStatistics_EN1_Tests.GetStatistics_ContainsItem_AfterAddition" methodname="GetStatistics_ContainsItem_AfterAddition" classname="Challenge.WordsStatistics_Tests" runstate="Runnable" seed="1587742965" result="Passed" start-time="2017-10-19 08:15:28Z" end-time="2017-10-19 08:15:28Z" duration="0.000205" asserts="0" /><test-case id="0-1321" name="GetStatistics_ContainsItem_AfterAdditionRussionWord" fullname="Challenge.Infrastructure.WordsStatistics_EN1_Tests.GetStatistics_ContainsItem_AfterAdditionRussionWord" methodname="GetStatistics_ContainsItem_AfterAdditionRussionWord" classname="Challenge.WordsStatistics_Tests" runstate="Runnable" seed="640524656" result="Passed" start-time="2017-10-19 08:15:28Z" end-time="2017-10-19 08:15:28Z" duration="0.000100" asserts="0" /><test-case id="0-1320" name="GetStatistics_ContainsItem_AfterAdditionWordsWithTenWhiteSpaces" fullname="Challenge.Infrastructure.WordsStatistics_EN1_Tests.GetStatistics_ContainsItem_AfterAdditionWordsWithTenWhiteSpaces" methodname="GetStatistics_ContainsItem_AfterAdditionWordsWithTenWhiteSpaces" classname="Challenge.WordsStatistics_Tests" runstate="Runnable" seed="1345037812" result="Passed" start-time="2017-10-19 08:15:28Z" end-time="2017-10-19 08:15:28Z" duration="0.000053" asserts="0" /><test-case id="0-1314" name="GetStatistics_ContainsManyItems_AfterAdditionOfDifferentWords" fullname="Challenge.Infrastructure.WordsStatistics_EN1_Tests.GetStatistics_ContainsManyItems_AfterAdditionOfDifferentWords" methodname="GetStatistics_ContainsManyItems_AfterAdditionOfDifferentWords" classname="Challenge.WordsStatistics_Tests" runstate="Runnable" seed="870588123" result="Passed" start-time="2017-10-19 08:15:28Z" end-time="2017-10-19 08:15:28Z" duration="0.000065" asserts="0" /><test-case id="0-1319" name="GetStatistics_ContainsTwoSameItems_AfterAddiotionWordswithSamePrefixDifferentCase" fullname="Challenge.Infrastructure.WordsStatistics_EN1_Tests.GetStatistics_ContainsTwoSameItems_AfterAddiotionWordswithSamePrefixDifferentCase" methodname="GetStatistics_ContainsTwoSameItems_AfterAddiotionWordswithSamePrefixDifferentCase" classname="Challenge.WordsStatistics_Tests" runstate="Runnable" seed="1044681230" result="Passed" start-time="2017-10-19 08:15:28Z" end-time="2017-10-19 08:15:28Z" duration="0.000078" asserts="0" /><test-case id="0-1315" name="GetStatistics_ContainsTwoSameItems_AfterAdditionOfDifferentWordsWithSamePrefices" fullname="Challenge.Infrastructure.WordsStatistics_EN1_Tests.GetStatistics_ContainsTwoSameItems_AfterAdditionOfDifferentWordsWithSamePrefices" methodname="GetStatistics_ContainsTwoSameItems_AfterAdditionOfDifferentWordsWithSamePrefices" classname="Challenge.WordsStatistics_Tests" runstate="Runnable" seed="434906651" result="Passed" start-time="2017-10-19 08:15:28Z" end-time="2017-10-19 08:15:28Z" duration="0.000073" asserts="0" /><test-case id="0-1316" name="GetStatistics_ContainsTwoSameItems_AfterAdditionOfSameWordsDifferentCase" fullname="Challenge.Infrastructure.WordsStatistics_EN1_Tests.GetStatistics_ContainsTwoSameItems_AfterAdditionOfSameWordsDifferentCase" methodname="GetStatistics_ContainsTwoSameItems_AfterAdditionOfSameWordsDifferentCase" classname="Challenge.WordsStatistics_Tests" runstate="Runnable" seed="1523927107" result="Passed" start-time="2017-10-19 08:15:28Z" end-time="2017-10-19 08:15:28Z" duration="0.000067" asserts="0" /><test-case id="0-1322" name="GetStatistics_IsEmpty_AfterAdditionEmptyWord" fullname="Challenge.Infrastructure.WordsStatistics_EN1_Tests.GetStatistics_IsEmpty_AfterAdditionEmptyWord" methodname="GetStatistics_IsEmpty_AfterAdditionEmptyWord" classname="Challenge.WordsStatistics_Tests" runstate="Runnable" seed="1031855142" result="Passed" start-time="2017-10-19 08:15:28Z" end-time="2017-10-19 08:15:28Z" duration="0.000118" asserts="0" /><test-case id="0-1318" name="GetStatistics_IsEmpty_AfterAdditionWhiteSpaces" fullname="Challenge.Infrastructure.WordsStatistics_EN1_Tests.GetStatistics_IsEmpty_AfterAdditionWhiteSpaces" methodname="GetStatistics_IsEmpty_AfterAdditionWhiteSpaces" classname="Challenge.WordsStatistics_Tests" runstate="Runnable" seed="888506590" result="Passed" start-time="2017-10-19 08:15:28Z" end-time="2017-10-19 08:15:28Z" duration="0.000118" asserts="0" /><test-case id="0-1312" name="GetStatistics_IsEmpty_AfterCreation" fullname="Challenge.Infrastructure.WordsStatistics_EN1_Tests.GetStatistics_IsEmpty_AfterCreation" methodname="GetStatistics_IsEmpty_AfterCreation" classname="Challenge.WordsStatistics_Tests" runstate="Runnable" seed="401058654" result="Passed" start-time="2017-10-19 08:15:28Z" end-time="2017-10-19 08:15:28Z" duration="0.000155" asserts="0" /><test-case id="0-1323" name="GetStatistics_IsEmpty_AfterNoAddiotional" fullname="Challenge.Infrastructure.WordsStatistics_EN1_Tests.GetStatistics_IsEmpty_AfterNoAddiotional" methodname="GetStatistics_IsEmpty_AfterNoAddiotional" classname="Challenge.WordsStatistics_Tests" runstate="Runnable" seed="2090501076" result="Passed" start-time="2017-10-19 08:15:28Z" end-time="2017-10-19 08:15:28Z" duration="0.000131" asserts="0" /><test-case id="0-1327" name="GetStatistics_NotEmpty_AfterTowGetCalls" fullname="Challenge.Infrastructure.WordsStatistics_EN1_Tests.GetStatistics_NotEmpty_AfterTowGetCalls" methodname="GetStatistics_NotEmpty_AfterTowGetCalls" classname="Challenge.WordsStatistics_Tests" runstate="Runnable" seed="1380465639" result="Failed" start-time="2017-10-19 08:15:28Z" end-time="2017-10-19 08:15:28Z" duration="0.001801" asserts="0"><failure><message><![CDATA[Expected collection to contain 1 item(s), but found 0.]]></message><stack-trace><![CDATA[   в FluentAssertions.Execution.LateBoundTestFramework.Throw(String message) в C:\projects\fluentassertions-vf06b\Src\Shared\Execution\LateBoundTestFramework.cs:строка 23
   в FluentAssertions.Execution.TestFrameworkProvider.Throw(String message) в C:\projects\fluentassertions-vf06b\Src\FluentAssertions.Net40\Execution\TestFrameworkProvider.cs:строка 43
   в FluentAssertions.Execution.DefaultAssertionStrategy.HandleFailure(String message) в C:\projects\fluentassertions-vf06b\Src\Core\Execution\DefaultAssertionStrategy.cs:строка 25
   в FluentAssertions.Execution.AssertionScope.FailWith(String message, Object[] args) в C:\projects\fluentassertions-vf06b\Src\Core\Execution\AssertionScope.cs:строка 197
   в FluentAssertions.Collections.SelfReferencingCollectionAssertions`2.HaveCount(Int32 expected, String because, Object[] becauseArgs) в C:\projects\fluentassertions-vf06b\Src\Core\Collections\SelfReferencingCollectionAssertions.cs:строка 39
   в Challenge.WordsStatistics_Tests.GetStatistics_NotEmpty_AfterTowGetCalls() в C:\Users\Админ\Desktop\Шпора\testing\Challenge\WordsStatistics_Tests.cs:строка 150
]]></stack-trace></failure><assertions><assertion result="Failed"><message><![CDATA[Expected collection to contain 1 item(s), but found 0.]]></message><stack-trace><![CDATA[   в FluentAssertions.Execution.LateBoundTestFramework.Throw(String message) в C:\projects\fluentassertions-vf06b\Src\Shared\Execution\LateBoundTestFramework.cs:строка 23
   в FluentAssertions.Execution.TestFrameworkProvider.Throw(String message) в C:\projects\fluentassertions-vf06b\Src\FluentAssertions.Net40\Execution\TestFrameworkProvider.cs:строка 43
   в FluentAssertions.Execution.DefaultAssertionStrategy.HandleFailure(String message) в C:\projects\fluentassertions-vf06b\Src\Core\Execution\DefaultAssertionStrategy.cs:строка 25
   в FluentAssertions.Execution.AssertionScope.FailWith(String message, Object[] args) в C:\projects\fluentassertions-vf06b\Src\Core\Execution\AssertionScope.cs:строка 197
   в FluentAssertions.Collections.SelfReferencingCollectionAssertions`2.HaveCount(Int32 expected, String because, Object[] becauseArgs) в C:\projects\fluentassertions-vf06b\Src\Core\Collections\SelfReferencingCollectionAssertions.cs:строка 39
   в Challenge.WordsStatistics_Tests.GetStatistics_NotEmpty_AfterTowGetCalls() в C:\Users\Админ\Desktop\Шпора\testing\Challenge\WordsStatistics_Tests.cs:строка 150
]]></stack-trace></assertion></assertions></test-case><test-case id="0-1317" name="GetStatistics_SortedByDescendingCount_AfterAdditionOfTwoWordsAndOneMore" fullname="Challenge.Infrastructure.WordsStatistics_EN1_Tests.GetStatistics_SortedByDescendingCount_AfterAdditionOfTwoWordsAndOneMore" methodname="GetStatistics_SortedByDescendingCount_AfterAdditionOfTwoWordsAndOneMore" classname="Challenge.WordsStatistics_Tests" runstate="Runnable" seed="1856046984" result="Passed" start-time="2017-10-19 08:15:28Z" end-time="2017-10-19 08:15:28Z" duration="0.000146" asserts="0" /><test-case id="0-1328" name="GetStatistics_TImeOut_AfterManyWords" fullname="Challenge.Infrastructure.WordsStatistics_EN1_Tests.GetStatistics_TImeOut_AfterManyWords" methodname="GetStatistics_TImeOut_AfterManyWords" classname="Challenge.WordsStatistics_Tests" runstate="Runnable" seed="2079665692" result="Passed" start-time="2017-10-19 08:15:28Z" end-time="2017-10-19 08:15:28Z" duration="0.157847" asserts="0"><properties><property name="Timeout" value="1000" /></properties></test-case><test-case id="0-1326" name="GetStatistics_UpperCase_AfterYO" fullname="Challenge.Infrastructure.WordsStatistics_EN1_Tests.GetStatistics_UpperCase_AfterYO" methodname="GetStatistics_UpperCase_AfterYO" classname="Challenge.WordsStatistics_Tests" runstate="Runnable" seed="596182035" result="Passed" start-time="2017-10-19 08:15:28Z" end-time="2017-10-19 08:15:28Z" duration="0.000192" asserts="0" /></test-suite></test-suite></test-suite></test-suite></test-run>