<test-run id="2" name="Challenge.exe" fullname="C:\Users\Админ\Desktop\Шпора\testing\Challenge\bin\Debug\Challenge.exe" testcasecount="360" result="Failed" total="17" passed="14" failed="3" inconclusive="0" skipped="0" asserts="0" engine-version="3.7.0.0" clr-version="4.0.30319.42000" start-time="2017-10-25 09:20:17Z" end-time="2017-10-25 09:20:18Z" duration="1.726562"><command-line><![CDATA["C:\Users\Админ\Desktop\Шпора\testing\Challenge\bin\Debug\Challenge.exe" ]]></command-line><filter><test>Challenge.Infrastructure.WordsStatisticsC_Tests</test></filter><test-suite type="Assembly" id="0-1383" name="Challenge.exe" fullname="C:\Users\Админ\Desktop\Шпора\testing\Challenge\bin\Debug\Challenge.exe" runstate="Runnable" testcasecount="360" result="Failed" site="Child" start-time="2017-10-25 09:20:17Z" end-time="2017-10-25 09:20:18Z" duration="1.695372" total="17" passed="14" failed="3" warnings="0" inconclusive="0" skipped="0" asserts="0"><environment framework-version="3.8.1.0" clr-version="4.0.30319.42000" os-version="Microsoft Windows NT 10.0.15063.0" platform="Win32NT" cwd="C:\Users\Админ\Desktop\Шпора\testing\Challenge\bin\Debug" machine-name="DAGEPOKLAPTOP" user="Админ" user-domain="DAGEPOKLAPTOP" culture="ru-RU" uiculture="ru-RU" os-architecture="x86" /><settings><setting name="ImageRuntimeVersion" value="4.0.30319" /><setting name="ImageTargetFrameworkName" value=".NETFramework,Version=v4.5" /><setting name="ImageRequiresX86" value="True" /><setting name="RunAsX86" value="True" /><setting name="ImageRequiresDefaultAppDomainAssemblyResolver" value="False" /><setting name="RuntimeFramework" value="net-4.0" /><setting name="NumberOfTestWorkers" value="4" /></settings><properties><property name="_PID" value="15988" /><property name="_APPDOMAIN" value="domain-87e06b39-Challenge.exe" /></properties><failure><message><![CDATA[One or more child tests had errors]]></message></failure><test-suite type="TestSuite" id="0-1384" name="Challenge" fullname="Challenge" runstate="Runnable" testcasecount="360" result="Failed" site="Child" start-time="2017-10-25 09:20:17Z" end-time="2017-10-25 09:20:18Z" duration="1.695271" total="17" passed="14" failed="3" warnings="0" inconclusive="0" skipped="0" asserts="0"><failure><message><![CDATA[One or more child tests had errors]]></message></failure><test-suite type="TestSuite" id="0-1385" name="Infrastructure" fullname="Challenge.Infrastructure" runstate="Runnable" testcasecount="343" result="Failed" site="Child" start-time="2017-10-25 09:20:17Z" end-time="2017-10-25 09:20:18Z" duration="1.695248" total="17" passed="14" failed="3" warnings="0" inconclusive="0" skipped="0" asserts="0"><failure><message><![CDATA[One or more child tests had errors]]></message></failure><test-suite type="TestFixture" id="0-1023" name="WordsStatisticsC_Tests" fullname="Challenge.Infrastructure.WordsStatisticsC_Tests" classname="Challenge.Infrastructure.WordsStatisticsC_Tests" runstate="Runnable" testcasecount="17" result="Failed" site="Child" start-time="2017-10-25 09:20:17Z" end-time="2017-10-25 09:20:18Z" duration="1.694791" total="17" passed="14" failed="3" warnings="0" inconclusive="0" skipped="0" asserts="0"><failure><message><![CDATA[One or more child tests had errors]]></message></failure><test-case id="0-1036" name="GetStatisitcs_OrderByDesceding_AfterAlmostSameWordsWithAlmostSameCount" fullname="Challenge.Infrastructure.WordsStatisticsC_Tests.GetStatisitcs_OrderByDesceding_AfterAlmostSameWordsWithAlmostSameCount" methodname="GetStatisitcs_OrderByDesceding_AfterAlmostSameWordsWithAlmostSameCount" classname="Challenge.WordsStatistics_Tests" runstate="Runnable" seed="465115250" result="Passed" start-time="2017-10-25 09:20:17Z" end-time="2017-10-25 09:20:17Z" duration="0.001229" asserts="0" /><test-case id="0-1037" name="GetStatistics_AfterGet" fullname="Challenge.Infrastructure.WordsStatisticsC_Tests.GetStatistics_AfterGet" methodname="GetStatistics_AfterGet" classname="Challenge.WordsStatistics_Tests" runstate="Runnable" seed="966144068" result="Passed" start-time="2017-10-25 09:20:17Z" end-time="2017-10-25 09:20:17Z" duration="0.000204" asserts="0" /><test-case id="0-1025" name="GetStatistics_ContainsItem_AfterAddition" fullname="Challenge.Infrastructure.WordsStatisticsC_Tests.GetStatistics_ContainsItem_AfterAddition" methodname="GetStatistics_ContainsItem_AfterAddition" classname="Challenge.WordsStatistics_Tests" runstate="Runnable" seed="309316689" result="Passed" start-time="2017-10-25 09:20:17Z" end-time="2017-10-25 09:20:17Z" duration="0.000247" asserts="0" /><test-case id="0-1033" name="GetStatistics_ContainsItem_AfterAdditionRussionWord" fullname="Challenge.Infrastructure.WordsStatisticsC_Tests.GetStatistics_ContainsItem_AfterAdditionRussionWord" methodname="GetStatistics_ContainsItem_AfterAdditionRussionWord" classname="Challenge.WordsStatistics_Tests" runstate="Runnable" seed="2018932069" result="Failed" start-time="2017-10-25 09:20:17Z" end-time="2017-10-25 09:20:18Z" duration="1.503203" asserts="0"><failure><message><![CDATA[Expected collection {(1, РУССКИЙ)} to contain (1, русский).]]></message><stack-trace><![CDATA[   в FluentAssertions.Execution.LateBoundTestFramework.Throw(String message) в C:\projects\fluentassertions-vf06b\Src\Shared\Execution\LateBoundTestFramework.cs:строка 23
   в FluentAssertions.Execution.TestFrameworkProvider.Throw(String message) в C:\projects\fluentassertions-vf06b\Src\FluentAssertions.Net40\Execution\TestFrameworkProvider.cs:строка 43
   в FluentAssertions.Execution.DefaultAssertionStrategy.HandleFailure(String message) в C:\projects\fluentassertions-vf06b\Src\Core\Execution\DefaultAssertionStrategy.cs:строка 25
   в FluentAssertions.Execution.AssertionScope.FailWith(String message, Object[] args) в C:\projects\fluentassertions-vf06b\Src\Core\Execution\AssertionScope.cs:строка 197
   в FluentAssertions.Collections.SelfReferencingCollectionAssertions`2.Contain(T expected, String because, Object[] becauseArgs) в C:\projects\fluentassertions-vf06b\Src\Core\Collections\SelfReferencingCollectionAssertions.cs:строка 262
   в Challenge.WordsStatistics_Tests.GetStatistics_ContainsItem_AfterAdditionRussionWord() в C:\Users\Админ\Desktop\Шпора\testing\Challenge\WordsStatistics_Tests.cs:строка 100
]]></stack-trace></failure><assertions><assertion result="Failed"><message><![CDATA[Expected collection {(1, РУССКИЙ)} to contain (1, русский).]]></message><stack-trace><![CDATA[   в FluentAssertions.Execution.LateBoundTestFramework.Throw(String message) в C:\projects\fluentassertions-vf06b\Src\Shared\Execution\LateBoundTestFramework.cs:строка 23
   в FluentAssertions.Execution.TestFrameworkProvider.Throw(String message) в C:\projects\fluentassertions-vf06b\Src\FluentAssertions.Net40\Execution\TestFrameworkProvider.cs:строка 43
   в FluentAssertions.Execution.DefaultAssertionStrategy.HandleFailure(String message) в C:\projects\fluentassertions-vf06b\Src\Core\Execution\DefaultAssertionStrategy.cs:строка 25
   в FluentAssertions.Execution.AssertionScope.FailWith(String message, Object[] args) в C:\projects\fluentassertions-vf06b\Src\Core\Execution\AssertionScope.cs:строка 197
   в FluentAssertions.Collections.SelfReferencingCollectionAssertions`2.Contain(T expected, String because, Object[] becauseArgs) в C:\projects\fluentassertions-vf06b\Src\Core\Collections\SelfReferencingCollectionAssertions.cs:строка 262
   в Challenge.WordsStatistics_Tests.GetStatistics_ContainsItem_AfterAdditionRussionWord() в C:\Users\Админ\Desktop\Шпора\testing\Challenge\WordsStatistics_Tests.cs:строка 100
]]></stack-trace></assertion></assertions></test-case><test-case id="0-1032" name="GetStatistics_ContainsItem_AfterAdditionWordsWithTenWhiteSpaces" fullname="Challenge.Infrastructure.WordsStatisticsC_Tests.GetStatistics_ContainsItem_AfterAdditionWordsWithTenWhiteSpaces" methodname="GetStatistics_ContainsItem_AfterAdditionWordsWithTenWhiteSpaces" classname="Challenge.WordsStatistics_Tests" runstate="Runnable" seed="2027400731" result="Passed" start-time="2017-10-25 09:20:18Z" end-time="2017-10-25 09:20:18Z" duration="0.000209" asserts="0" /><test-case id="0-1026" name="GetStatistics_ContainsManyItems_AfterAdditionOfDifferentWords" fullname="Challenge.Infrastructure.WordsStatisticsC_Tests.GetStatistics_ContainsManyItems_AfterAdditionOfDifferentWords" methodname="GetStatistics_ContainsManyItems_AfterAdditionOfDifferentWords" classname="Challenge.WordsStatistics_Tests" runstate="Runnable" seed="1609108832" result="Passed" start-time="2017-10-25 09:20:18Z" end-time="2017-10-25 09:20:18Z" duration="0.000128" asserts="0" /><test-case id="0-1031" name="GetStatistics_ContainsTwoSameItems_AfterAddiotionWordswithSamePrefixDifferentCase" fullname="Challenge.Infrastructure.WordsStatisticsC_Tests.GetStatistics_ContainsTwoSameItems_AfterAddiotionWordswithSamePrefixDifferentCase" methodname="GetStatistics_ContainsTwoSameItems_AfterAddiotionWordswithSamePrefixDifferentCase" classname="Challenge.WordsStatistics_Tests" runstate="Runnable" seed="655418326" result="Passed" start-time="2017-10-25 09:20:18Z" end-time="2017-10-25 09:20:18Z" duration="0.000132" asserts="0" /><test-case id="0-1027" name="GetStatistics_ContainsTwoSameItems_AfterAdditionOfDifferentWordsWithSamePrefices" fullname="Challenge.Infrastructure.WordsStatisticsC_Tests.GetStatistics_ContainsTwoSameItems_AfterAdditionOfDifferentWordsWithSamePrefices" methodname="GetStatistics_ContainsTwoSameItems_AfterAdditionOfDifferentWordsWithSamePrefices" classname="Challenge.WordsStatistics_Tests" runstate="Runnable" seed="242004773" result="Passed" start-time="2017-10-25 09:20:18Z" end-time="2017-10-25 09:20:18Z" duration="0.000081" asserts="0" /><test-case id="0-1028" name="GetStatistics_ContainsTwoSameItems_AfterAdditionOfSameWordsDifferentCase" fullname="Challenge.Infrastructure.WordsStatisticsC_Tests.GetStatistics_ContainsTwoSameItems_AfterAdditionOfSameWordsDifferentCase" methodname="GetStatistics_ContainsTwoSameItems_AfterAdditionOfSameWordsDifferentCase" classname="Challenge.WordsStatistics_Tests" runstate="Runnable" seed="934776529" result="Failed" start-time="2017-10-25 09:20:18Z" end-time="2017-10-25 09:20:18Z" duration="0.002100" asserts="0"><failure><message><![CDATA[Expected collection {(1, abcDEF), (1, ABCDEF)} to contain (2, abcdef).]]></message><stack-trace><![CDATA[   в FluentAssertions.Execution.LateBoundTestFramework.Throw(String message) в C:\projects\fluentassertions-vf06b\Src\Shared\Execution\LateBoundTestFramework.cs:строка 23
   в FluentAssertions.Execution.TestFrameworkProvider.Throw(String message) в C:\projects\fluentassertions-vf06b\Src\FluentAssertions.Net40\Execution\TestFrameworkProvider.cs:строка 43
   в FluentAssertions.Execution.DefaultAssertionStrategy.HandleFailure(String message) в C:\projects\fluentassertions-vf06b\Src\Core\Execution\DefaultAssertionStrategy.cs:строка 25
   в FluentAssertions.Execution.AssertionScope.FailWith(String message, Object[] args) в C:\projects\fluentassertions-vf06b\Src\Core\Execution\AssertionScope.cs:строка 197
   в FluentAssertions.Collections.SelfReferencingCollectionAssertions`2.Contain(T expected, String because, Object[] becauseArgs) в C:\projects\fluentassertions-vf06b\Src\Core\Collections\SelfReferencingCollectionAssertions.cs:строка 262
   в Challenge.WordsStatistics_Tests.GetStatistics_ContainsTwoSameItems_AfterAdditionOfSameWordsDifferentCase() в C:\Users\Админ\Desktop\Шпора\testing\Challenge\WordsStatistics_Tests.cs:строка 62
]]></stack-trace></failure><assertions><assertion result="Failed"><message><![CDATA[Expected collection {(1, abcDEF), (1, ABCDEF)} to contain (2, abcdef).]]></message><stack-trace><![CDATA[   в FluentAssertions.Execution.LateBoundTestFramework.Throw(String message) в C:\projects\fluentassertions-vf06b\Src\Shared\Execution\LateBoundTestFramework.cs:строка 23
   в FluentAssertions.Execution.TestFrameworkProvider.Throw(String message) в C:\projects\fluentassertions-vf06b\Src\FluentAssertions.Net40\Execution\TestFrameworkProvider.cs:строка 43
   в FluentAssertions.Execution.DefaultAssertionStrategy.HandleFailure(String message) в C:\projects\fluentassertions-vf06b\Src\Core\Execution\DefaultAssertionStrategy.cs:строка 25
   в FluentAssertions.Execution.AssertionScope.FailWith(String message, Object[] args) в C:\projects\fluentassertions-vf06b\Src\Core\Execution\AssertionScope.cs:строка 197
   в FluentAssertions.Collections.SelfReferencingCollectionAssertions`2.Contain(T expected, String because, Object[] becauseArgs) в C:\projects\fluentassertions-vf06b\Src\Core\Collections\SelfReferencingCollectionAssertions.cs:строка 262
   в Challenge.WordsStatistics_Tests.GetStatistics_ContainsTwoSameItems_AfterAdditionOfSameWordsDifferentCase() в C:\Users\Админ\Desktop\Шпора\testing\Challenge\WordsStatistics_Tests.cs:строка 62
]]></stack-trace></assertion></assertions></test-case><test-case id="0-1034" name="GetStatistics_IsEmpty_AfterAdditionEmptyWord" fullname="Challenge.Infrastructure.WordsStatisticsC_Tests.GetStatistics_IsEmpty_AfterAdditionEmptyWord" methodname="GetStatistics_IsEmpty_AfterAdditionEmptyWord" classname="Challenge.WordsStatistics_Tests" runstate="Runnable" seed="1595865190" result="Passed" start-time="2017-10-25 09:20:18Z" end-time="2017-10-25 09:20:18Z" duration="0.000186" asserts="0" /><test-case id="0-1030" name="GetStatistics_IsEmpty_AfterAdditionWhiteSpaces" fullname="Challenge.Infrastructure.WordsStatisticsC_Tests.GetStatistics_IsEmpty_AfterAdditionWhiteSpaces" methodname="GetStatistics_IsEmpty_AfterAdditionWhiteSpaces" classname="Challenge.WordsStatistics_Tests" runstate="Runnable" seed="243527443" result="Passed" start-time="2017-10-25 09:20:18Z" end-time="2017-10-25 09:20:18Z" duration="0.000138" asserts="0" /><test-case id="0-1024" name="GetStatistics_IsEmpty_AfterCreation" fullname="Challenge.Infrastructure.WordsStatisticsC_Tests.GetStatistics_IsEmpty_AfterCreation" methodname="GetStatistics_IsEmpty_AfterCreation" classname="Challenge.WordsStatistics_Tests" runstate="Runnable" seed="74521382" result="Passed" start-time="2017-10-25 09:20:18Z" end-time="2017-10-25 09:20:18Z" duration="0.000129" asserts="0" /><test-case id="0-1035" name="GetStatistics_IsEmpty_AfterNoAddiotional" fullname="Challenge.Infrastructure.WordsStatisticsC_Tests.GetStatistics_IsEmpty_AfterNoAddiotional" methodname="GetStatistics_IsEmpty_AfterNoAddiotional" classname="Challenge.WordsStatistics_Tests" runstate="Runnable" seed="1605645209" result="Passed" start-time="2017-10-25 09:20:18Z" end-time="2017-10-25 09:20:18Z" duration="0.000122" asserts="0" /><test-case id="0-1039" name="GetStatistics_NotEmpty_AfterTowGetCalls" fullname="Challenge.Infrastructure.WordsStatisticsC_Tests.GetStatistics_NotEmpty_AfterTowGetCalls" methodname="GetStatistics_NotEmpty_AfterTowGetCalls" classname="Challenge.WordsStatistics_Tests" runstate="Runnable" seed="1069817199" result="Passed" start-time="2017-10-25 09:20:18Z" end-time="2017-10-25 09:20:18Z" duration="0.000085" asserts="0" /><test-case id="0-1029" name="GetStatistics_SortedByDescendingCount_AfterAdditionOfTwoWordsAndOneMore" fullname="Challenge.Infrastructure.WordsStatisticsC_Tests.GetStatistics_SortedByDescendingCount_AfterAdditionOfTwoWordsAndOneMore" methodname="GetStatistics_SortedByDescendingCount_AfterAdditionOfTwoWordsAndOneMore" classname="Challenge.WordsStatistics_Tests" runstate="Runnable" seed="1913733748" result="Passed" start-time="2017-10-25 09:20:18Z" end-time="2017-10-25 09:20:18Z" duration="0.000089" asserts="0" /><test-case id="0-1040" name="GetStatistics_TImeOut_AfterManyWords" fullname="Challenge.Infrastructure.WordsStatisticsC_Tests.GetStatistics_TImeOut_AfterManyWords" methodname="GetStatistics_TImeOut_AfterManyWords" classname="Challenge.WordsStatistics_Tests" runstate="Runnable" seed="1999494296" result="Passed" start-time="2017-10-25 09:20:18Z" end-time="2017-10-25 09:20:18Z" duration="0.182311" asserts="0"><properties><property name="Timeout" value="1000" /></properties></test-case><test-case id="0-1038" name="GetStatistics_UpperCase_AfterYO" fullname="Challenge.Infrastructure.WordsStatisticsC_Tests.GetStatistics_UpperCase_AfterYO" methodname="GetStatistics_UpperCase_AfterYO" classname="Challenge.WordsStatistics_Tests" runstate="Runnable" seed="760815145" result="Failed" start-time="2017-10-25 09:20:18Z" end-time="2017-10-25 09:20:18Z" duration="0.001908" asserts="0"><failure><message><![CDATA[Expected collection {(1, Ё)} to contain (1, ё).]]></message><stack-trace><![CDATA[   в FluentAssertions.Execution.LateBoundTestFramework.Throw(String message) в C:\projects\fluentassertions-vf06b\Src\Shared\Execution\LateBoundTestFramework.cs:строка 23
   в FluentAssertions.Execution.TestFrameworkProvider.Throw(String message) в C:\projects\fluentassertions-vf06b\Src\FluentAssertions.Net40\Execution\TestFrameworkProvider.cs:строка 43
   в FluentAssertions.Execution.DefaultAssertionStrategy.HandleFailure(String message) в C:\projects\fluentassertions-vf06b\Src\Core\Execution\DefaultAssertionStrategy.cs:строка 25
   в FluentAssertions.Execution.AssertionScope.FailWith(String message, Object[] args) в C:\projects\fluentassertions-vf06b\Src\Core\Execution\AssertionScope.cs:строка 197
   в FluentAssertions.Collections.SelfReferencingCollectionAssertions`2.Contain(T expected, String because, Object[] becauseArgs) в C:\projects\fluentassertions-vf06b\Src\Core\Collections\SelfReferencingCollectionAssertions.cs:строка 262
   в Challenge.WordsStatistics_Tests.GetStatistics_UpperCase_AfterYO() в C:\Users\Админ\Desktop\Шпора\testing\Challenge\WordsStatistics_Tests.cs:строка 142
]]></stack-trace></failure><assertions><assertion result="Failed"><message><![CDATA[Expected collection {(1, Ё)} to contain (1, ё).]]></message><stack-trace><![CDATA[   в FluentAssertions.Execution.LateBoundTestFramework.Throw(String message) в C:\projects\fluentassertions-vf06b\Src\Shared\Execution\LateBoundTestFramework.cs:строка 23
   в FluentAssertions.Execution.TestFrameworkProvider.Throw(String message) в C:\projects\fluentassertions-vf06b\Src\FluentAssertions.Net40\Execution\TestFrameworkProvider.cs:строка 43
   в FluentAssertions.Execution.DefaultAssertionStrategy.HandleFailure(String message) в C:\projects\fluentassertions-vf06b\Src\Core\Execution\DefaultAssertionStrategy.cs:строка 25
   в FluentAssertions.Execution.AssertionScope.FailWith(String message, Object[] args) в C:\projects\fluentassertions-vf06b\Src\Core\Execution\AssertionScope.cs:строка 197
   в FluentAssertions.Collections.SelfReferencingCollectionAssertions`2.Contain(T expected, String because, Object[] becauseArgs) в C:\projects\fluentassertions-vf06b\Src\Core\Collections\SelfReferencingCollectionAssertions.cs:строка 262
   в Challenge.WordsStatistics_Tests.GetStatistics_UpperCase_AfterYO() в C:\Users\Админ\Desktop\Шпора\testing\Challenge\WordsStatistics_Tests.cs:строка 142
]]></stack-trace></assertion></assertions></test-case></test-suite></test-suite></test-suite></test-suite></test-run>