<test-run id="2" name="Challenge.exe" fullname="C:\Users\Админ\Desktop\Шпора\testing\Challenge\bin\Debug\Challenge.exe" testcasecount="360" result="Failed" total="17" passed="16" failed="1" inconclusive="0" skipped="0" asserts="0" engine-version="3.7.0.0" clr-version="4.0.30319.42000" start-time="2017-10-25 09:20:20Z" end-time="2017-10-25 09:20:21Z" duration="0.237485"><command-line><![CDATA["C:\Users\Админ\Desktop\Шпора\testing\Challenge\bin\Debug\Challenge.exe" ]]></command-line><filter><test>Challenge.Infrastructure.WordsStatisticsO1_Tests</test></filter><test-suite type="Assembly" id="0-1383" name="Challenge.exe" fullname="C:\Users\Админ\Desktop\Шпора\testing\Challenge\bin\Debug\Challenge.exe" runstate="Runnable" testcasecount="360" result="Failed" site="Child" start-time="2017-10-25 09:20:20Z" end-time="2017-10-25 09:20:21Z" duration="0.216779" total="17" passed="16" failed="1" warnings="0" inconclusive="0" skipped="0" asserts="0"><environment framework-version="3.8.1.0" clr-version="4.0.30319.42000" os-version="Microsoft Windows NT 10.0.15063.0" platform="Win32NT" cwd="C:\Users\Админ\Desktop\Шпора\testing\Challenge\bin\Debug" machine-name="DAGEPOKLAPTOP" user="Админ" user-domain="DAGEPOKLAPTOP" culture="ru-RU" uiculture="ru-RU" os-architecture="x86" /><settings><setting name="ImageRuntimeVersion" value="4.0.30319" /><setting name="ImageTargetFrameworkName" value=".NETFramework,Version=v4.5" /><setting name="ImageRequiresX86" value="True" /><setting name="RunAsX86" value="True" /><setting name="ImageRequiresDefaultAppDomainAssemblyResolver" value="False" /><setting name="RuntimeFramework" value="net-4.0" /><setting name="NumberOfTestWorkers" value="4" /></settings><properties><property name="_PID" value="15988" /><property name="_APPDOMAIN" value="domain-87e06b39-Challenge.exe" /></properties><failure><message><![CDATA[One or more child tests had errors]]></message></failure><test-suite type="TestSuite" id="0-1384" name="Challenge" fullname="Challenge" runstate="Runnable" testcasecount="360" result="Failed" site="Child" start-time="2017-10-25 09:20:20Z" end-time="2017-10-25 09:20:21Z" duration="0.215971" total="17" passed="16" failed="1" warnings="0" inconclusive="0" skipped="0" asserts="0"><failure><message><![CDATA[One or more child tests had errors]]></message></failure><test-suite type="TestSuite" id="0-1385" name="Infrastructure" fullname="Challenge.Infrastructure" runstate="Runnable" testcasecount="343" result="Failed" site="Child" start-time="2017-10-25 09:20:20Z" end-time="2017-10-25 09:20:21Z" duration="0.214158" total="17" passed="16" failed="1" warnings="0" inconclusive="0" skipped="0" asserts="0"><failure><message><![CDATA[One or more child tests had errors]]></message></failure><test-suite type="TestFixture" id="0-1185" name="WordsStatisticsO1_Tests" fullname="Challenge.Infrastructure.WordsStatisticsO1_Tests" classname="Challenge.Infrastructure.WordsStatisticsO1_Tests" runstate="Runnable" testcasecount="17" result="Failed" site="Child" start-time="2017-10-25 09:20:20Z" end-time="2017-10-25 09:20:21Z" duration="0.206338" total="17" passed="16" failed="1" warnings="0" inconclusive="0" skipped="0" asserts="0"><failure><message><![CDATA[One or more child tests had errors]]></message></failure><test-case id="0-1198" name="GetStatisitcs_OrderByDesceding_AfterAlmostSameWordsWithAlmostSameCount" fullname="Challenge.Infrastructure.WordsStatisticsO1_Tests.GetStatisitcs_OrderByDesceding_AfterAlmostSameWordsWithAlmostSameCount" methodname="GetStatisitcs_OrderByDesceding_AfterAlmostSameWordsWithAlmostSameCount" classname="Challenge.WordsStatistics_Tests" runstate="Runnable" seed="1803374428" result="Passed" start-time="2017-10-25 09:20:20Z" end-time="2017-10-25 09:20:20Z" duration="0.002575" asserts="0" /><test-case id="0-1199" name="GetStatistics_AfterGet" fullname="Challenge.Infrastructure.WordsStatisticsO1_Tests.GetStatistics_AfterGet" methodname="GetStatistics_AfterGet" classname="Challenge.WordsStatistics_Tests" runstate="Runnable" seed="4961103" result="Passed" start-time="2017-10-25 09:20:20Z" end-time="2017-10-25 09:20:20Z" duration="0.000167" asserts="0" /><test-case id="0-1187" name="GetStatistics_ContainsItem_AfterAddition" fullname="Challenge.Infrastructure.WordsStatisticsO1_Tests.GetStatistics_ContainsItem_AfterAddition" methodname="GetStatistics_ContainsItem_AfterAddition" classname="Challenge.WordsStatistics_Tests" runstate="Runnable" seed="1276657178" result="Passed" start-time="2017-10-25 09:20:20Z" end-time="2017-10-25 09:20:20Z" duration="0.000203" asserts="0" /><test-case id="0-1195" name="GetStatistics_ContainsItem_AfterAdditionRussionWord" fullname="Challenge.Infrastructure.WordsStatisticsO1_Tests.GetStatistics_ContainsItem_AfterAdditionRussionWord" methodname="GetStatistics_ContainsItem_AfterAdditionRussionWord" classname="Challenge.WordsStatistics_Tests" runstate="Runnable" seed="1478770989" result="Passed" start-time="2017-10-25 09:20:20Z" end-time="2017-10-25 09:20:20Z" duration="0.000089" asserts="0" /><test-case id="0-1194" name="GetStatistics_ContainsItem_AfterAdditionWordsWithTenWhiteSpaces" fullname="Challenge.Infrastructure.WordsStatisticsO1_Tests.GetStatistics_ContainsItem_AfterAdditionWordsWithTenWhiteSpaces" methodname="GetStatistics_ContainsItem_AfterAdditionWordsWithTenWhiteSpaces" classname="Challenge.WordsStatistics_Tests" runstate="Runnable" seed="1257354547" result="Passed" start-time="2017-10-25 09:20:20Z" end-time="2017-10-25 09:20:20Z" duration="0.000099" asserts="0" /><test-case id="0-1188" name="GetStatistics_ContainsManyItems_AfterAdditionOfDifferentWords" fullname="Challenge.Infrastructure.WordsStatisticsO1_Tests.GetStatistics_ContainsManyItems_AfterAdditionOfDifferentWords" methodname="GetStatistics_ContainsManyItems_AfterAdditionOfDifferentWords" classname="Challenge.WordsStatistics_Tests" runstate="Runnable" seed="1973660186" result="Passed" start-time="2017-10-25 09:20:20Z" end-time="2017-10-25 09:20:20Z" duration="0.000077" asserts="0" /><test-case id="0-1193" name="GetStatistics_ContainsTwoSameItems_AfterAddiotionWordswithSamePrefixDifferentCase" fullname="Challenge.Infrastructure.WordsStatisticsO1_Tests.GetStatistics_ContainsTwoSameItems_AfterAddiotionWordswithSamePrefixDifferentCase" methodname="GetStatistics_ContainsTwoSameItems_AfterAddiotionWordswithSamePrefixDifferentCase" classname="Challenge.WordsStatistics_Tests" runstate="Runnable" seed="616896375" result="Passed" start-time="2017-10-25 09:20:20Z" end-time="2017-10-25 09:20:20Z" duration="0.000071" asserts="0" /><test-case id="0-1189" name="GetStatistics_ContainsTwoSameItems_AfterAdditionOfDifferentWordsWithSamePrefices" fullname="Challenge.Infrastructure.WordsStatisticsO1_Tests.GetStatistics_ContainsTwoSameItems_AfterAdditionOfDifferentWordsWithSamePrefices" methodname="GetStatistics_ContainsTwoSameItems_AfterAdditionOfDifferentWordsWithSamePrefices" classname="Challenge.WordsStatistics_Tests" runstate="Runnable" seed="1211245993" result="Passed" start-time="2017-10-25 09:20:20Z" end-time="2017-10-25 09:20:20Z" duration="0.000070" asserts="0" /><test-case id="0-1190" name="GetStatistics_ContainsTwoSameItems_AfterAdditionOfSameWordsDifferentCase" fullname="Challenge.Infrastructure.WordsStatisticsO1_Tests.GetStatistics_ContainsTwoSameItems_AfterAdditionOfSameWordsDifferentCase" methodname="GetStatistics_ContainsTwoSameItems_AfterAdditionOfSameWordsDifferentCase" classname="Challenge.WordsStatistics_Tests" runstate="Runnable" seed="1936230665" result="Passed" start-time="2017-10-25 09:20:20Z" end-time="2017-10-25 09:20:20Z" duration="0.000071" asserts="0" /><test-case id="0-1196" name="GetStatistics_IsEmpty_AfterAdditionEmptyWord" fullname="Challenge.Infrastructure.WordsStatisticsO1_Tests.GetStatistics_IsEmpty_AfterAdditionEmptyWord" methodname="GetStatistics_IsEmpty_AfterAdditionEmptyWord" classname="Challenge.WordsStatistics_Tests" runstate="Runnable" seed="781110324" result="Passed" start-time="2017-10-25 09:20:20Z" end-time="2017-10-25 09:20:20Z" duration="0.000143" asserts="0" /><test-case id="0-1192" name="GetStatistics_IsEmpty_AfterAdditionWhiteSpaces" fullname="Challenge.Infrastructure.WordsStatisticsO1_Tests.GetStatistics_IsEmpty_AfterAdditionWhiteSpaces" methodname="GetStatistics_IsEmpty_AfterAdditionWhiteSpaces" classname="Challenge.WordsStatistics_Tests" runstate="Runnable" seed="1073362254" result="Passed" start-time="2017-10-25 09:20:20Z" end-time="2017-10-25 09:20:20Z" duration="0.000118" asserts="0" /><test-case id="0-1186" name="GetStatistics_IsEmpty_AfterCreation" fullname="Challenge.Infrastructure.WordsStatisticsO1_Tests.GetStatistics_IsEmpty_AfterCreation" methodname="GetStatistics_IsEmpty_AfterCreation" classname="Challenge.WordsStatistics_Tests" runstate="Runnable" seed="418940195" result="Passed" start-time="2017-10-25 09:20:20Z" end-time="2017-10-25 09:20:20Z" duration="0.000114" asserts="0" /><test-case id="0-1197" name="GetStatistics_IsEmpty_AfterNoAddiotional" fullname="Challenge.Infrastructure.WordsStatisticsO1_Tests.GetStatistics_IsEmpty_AfterNoAddiotional" methodname="GetStatistics_IsEmpty_AfterNoAddiotional" classname="Challenge.WordsStatistics_Tests" runstate="Runnable" seed="1648858036" result="Passed" start-time="2017-10-25 09:20:20Z" end-time="2017-10-25 09:20:20Z" duration="0.000109" asserts="0" /><test-case id="0-1201" name="GetStatistics_NotEmpty_AfterTowGetCalls" fullname="Challenge.Infrastructure.WordsStatisticsO1_Tests.GetStatistics_NotEmpty_AfterTowGetCalls" methodname="GetStatistics_NotEmpty_AfterTowGetCalls" classname="Challenge.WordsStatistics_Tests" runstate="Runnable" seed="1201675761" result="Passed" start-time="2017-10-25 09:20:20Z" end-time="2017-10-25 09:20:20Z" duration="0.000075" asserts="0" /><test-case id="0-1191" name="GetStatistics_SortedByDescendingCount_AfterAdditionOfTwoWordsAndOneMore" fullname="Challenge.Infrastructure.WordsStatisticsO1_Tests.GetStatistics_SortedByDescendingCount_AfterAdditionOfTwoWordsAndOneMore" methodname="GetStatistics_SortedByDescendingCount_AfterAdditionOfTwoWordsAndOneMore" classname="Challenge.WordsStatistics_Tests" runstate="Runnable" seed="1826437209" result="Failed" start-time="2017-10-25 09:20:20Z" end-time="2017-10-25 09:20:20Z" duration="0.015490" asserts="0"><failure><message><![CDATA[Expected collection {(1, abb), (2, abc)} to contain items {(2, abc), (1, abb)} in order, but (1, abb) (index 1) did not appear (in the right order).]]></message><stack-trace><![CDATA[   в FluentAssertions.Execution.LateBoundTestFramework.Throw(String message) в C:\projects\fluentassertions-vf06b\Src\Shared\Execution\LateBoundTestFramework.cs:строка 23
   в FluentAssertions.Execution.TestFrameworkProvider.Throw(String message) в C:\projects\fluentassertions-vf06b\Src\FluentAssertions.Net40\Execution\TestFrameworkProvider.cs:строка 43
   в FluentAssertions.Execution.DefaultAssertionStrategy.HandleFailure(String message) в C:\projects\fluentassertions-vf06b\Src\Core\Execution\DefaultAssertionStrategy.cs:строка 25
   в FluentAssertions.Execution.AssertionScope.FailWith(String message, Object[] args) в C:\projects\fluentassertions-vf06b\Src\Core\Execution\AssertionScope.cs:строка 197
   в FluentAssertions.Collections.CollectionAssertions`2.ContainInOrder(IEnumerable expected, String because, Object[] becauseArgs) в C:\projects\fluentassertions-vf06b\Src\Core\Collections\CollectionAssertions.cs:строка 590
   в FluentAssertions.Collections.CollectionAssertions`2.ContainInOrder(Object[] expected) в C:\projects\fluentassertions-vf06b\Src\Core\Collections\CollectionAssertions.cs:строка 545
   в Challenge.WordsStatistics_Tests.GetStatistics_SortedByDescendingCount_AfterAdditionOfTwoWordsAndOneMore() в C:\Users\Админ\Desktop\Шпора\testing\Challenge\WordsStatistics_Tests.cs:строка 71
]]></stack-trace></failure><assertions><assertion result="Failed"><message><![CDATA[Expected collection {(1, abb), (2, abc)} to contain items {(2, abc), (1, abb)} in order, but (1, abb) (index 1) did not appear (in the right order).]]></message><stack-trace><![CDATA[   в FluentAssertions.Execution.LateBoundTestFramework.Throw(String message) в C:\projects\fluentassertions-vf06b\Src\Shared\Execution\LateBoundTestFramework.cs:строка 23
   в FluentAssertions.Execution.TestFrameworkProvider.Throw(String message) в C:\projects\fluentassertions-vf06b\Src\FluentAssertions.Net40\Execution\TestFrameworkProvider.cs:строка 43
   в FluentAssertions.Execution.DefaultAssertionStrategy.HandleFailure(String message) в C:\projects\fluentassertions-vf06b\Src\Core\Execution\DefaultAssertionStrategy.cs:строка 25
   в FluentAssertions.Execution.AssertionScope.FailWith(String message, Object[] args) в C:\projects\fluentassertions-vf06b\Src\Core\Execution\AssertionScope.cs:строка 197
   в FluentAssertions.Collections.CollectionAssertions`2.ContainInOrder(IEnumerable expected, String because, Object[] becauseArgs) в C:\projects\fluentassertions-vf06b\Src\Core\Collections\CollectionAssertions.cs:строка 590
   в FluentAssertions.Collections.CollectionAssertions`2.ContainInOrder(Object[] expected) в C:\projects\fluentassertions-vf06b\Src\Core\Collections\CollectionAssertions.cs:строка 545
   в Challenge.WordsStatistics_Tests.GetStatistics_SortedByDescendingCount_AfterAdditionOfTwoWordsAndOneMore() в C:\Users\Админ\Desktop\Шпора\testing\Challenge\WordsStatistics_Tests.cs:строка 71
]]></stack-trace></assertion></assertions></test-case><test-case id="0-1202" name="GetStatistics_TImeOut_AfterManyWords" fullname="Challenge.Infrastructure.WordsStatisticsO1_Tests.GetStatistics_TImeOut_AfterManyWords" methodname="GetStatistics_TImeOut_AfterManyWords" classname="Challenge.WordsStatistics_Tests" runstate="Runnable" seed="8138996" result="Passed" start-time="2017-10-25 09:20:20Z" end-time="2017-10-25 09:20:21Z" duration="0.183853" asserts="0"><properties><property name="Timeout" value="1000" /></properties></test-case><test-case id="0-1200" name="GetStatistics_UpperCase_AfterYO" fullname="Challenge.Infrastructure.WordsStatisticsO1_Tests.GetStatistics_UpperCase_AfterYO" methodname="GetStatistics_UpperCase_AfterYO" classname="Challenge.WordsStatistics_Tests" runstate="Runnable" seed="843729314" result="Passed" start-time="2017-10-25 09:20:21Z" end-time="2017-10-25 09:20:21Z" duration="0.000177" asserts="0" /></test-suite></test-suite></test-suite></test-suite></test-run>