<test-run id="2" name="Challenge.exe" fullname="C:\Users\Админ\Desktop\Шпора\testing\Challenge\bin\Debug\Challenge.exe" testcasecount="360" result="Failed" total="17" passed="15" failed="2" inconclusive="0" skipped="0" asserts="0" engine-version="3.7.0.0" clr-version="4.0.30319.42000" start-time="2017-10-25 09:20:18Z" end-time="2017-10-25 09:20:19Z" duration="0.220532"><command-line><![CDATA["C:\Users\Админ\Desktop\Шпора\testing\Challenge\bin\Debug\Challenge.exe" ]]></command-line><filter><test>Challenge.Infrastructure.WordsStatisticsE_Tests</test></filter><test-suite type="Assembly" id="0-1383" name="Challenge.exe" fullname="C:\Users\Админ\Desktop\Шпора\testing\Challenge\bin\Debug\Challenge.exe" runstate="Runnable" testcasecount="360" result="Failed" site="Child" start-time="2017-10-25 09:20:18Z" end-time="2017-10-25 09:20:19Z" duration="0.197075" total="17" passed="15" failed="2" warnings="0" inconclusive="0" skipped="0" asserts="0"><environment framework-version="3.8.1.0" clr-version="4.0.30319.42000" os-version="Microsoft Windows NT 10.0.15063.0" platform="Win32NT" cwd="C:\Users\Админ\Desktop\Шпора\testing\Challenge\bin\Debug" machine-name="DAGEPOKLAPTOP" user="Админ" user-domain="DAGEPOKLAPTOP" culture="ru-RU" uiculture="ru-RU" os-architecture="x86" /><settings><setting name="ImageRuntimeVersion" value="4.0.30319" /><setting name="ImageTargetFrameworkName" value=".NETFramework,Version=v4.5" /><setting name="ImageRequiresX86" value="True" /><setting name="RunAsX86" value="True" /><setting name="ImageRequiresDefaultAppDomainAssemblyResolver" value="False" /><setting name="RuntimeFramework" value="net-4.0" /><setting name="NumberOfTestWorkers" value="4" /></settings><properties><property name="_PID" value="15988" /><property name="_APPDOMAIN" value="domain-87e06b39-Challenge.exe" /></properties><failure><message><![CDATA[One or more child tests had errors]]></message></failure><test-suite type="TestSuite" id="0-1384" name="Challenge" fullname="Challenge" runstate="Runnable" testcasecount="360" result="Failed" site="Child" start-time="2017-10-25 09:20:18Z" end-time="2017-10-25 09:20:19Z" duration="0.195860" total="17" passed="15" failed="2" warnings="0" inconclusive="0" skipped="0" asserts="0"><failure><message><![CDATA[One or more child tests had errors]]></message></failure><test-suite type="TestSuite" id="0-1385" name="Infrastructure" fullname="Challenge.Infrastructure" runstate="Runnable" testcasecount="343" result="Failed" site="Child" start-time="2017-10-25 09:20:18Z" end-time="2017-10-25 09:20:19Z" duration="0.195457" total="17" passed="15" failed="2" warnings="0" inconclusive="0" skipped="0" asserts="0"><failure><message><![CDATA[One or more child tests had errors]]></message></failure><test-suite type="TestFixture" id="0-1041" name="WordsStatisticsE_Tests" fullname="Challenge.Infrastructure.WordsStatisticsE_Tests" classname="Challenge.Infrastructure.WordsStatisticsE_Tests" runstate="Runnable" testcasecount="17" result="Failed" site="Child" start-time="2017-10-25 09:20:18Z" end-time="2017-10-25 09:20:19Z" duration="0.194084" total="17" passed="15" failed="2" warnings="0" inconclusive="0" skipped="0" asserts="0"><failure><message><![CDATA[One or more child tests had errors]]></message></failure><test-case id="0-1054" name="GetStatisitcs_OrderByDesceding_AfterAlmostSameWordsWithAlmostSameCount" fullname="Challenge.Infrastructure.WordsStatisticsE_Tests.GetStatisitcs_OrderByDesceding_AfterAlmostSameWordsWithAlmostSameCount" methodname="GetStatisitcs_OrderByDesceding_AfterAlmostSameWordsWithAlmostSameCount" classname="Challenge.WordsStatistics_Tests" runstate="Runnable" seed="632464777" result="Passed" start-time="2017-10-25 09:20:18Z" end-time="2017-10-25 09:20:18Z" duration="0.000746" asserts="0" /><test-case id="0-1055" name="GetStatistics_AfterGet" fullname="Challenge.Infrastructure.WordsStatisticsE_Tests.GetStatistics_AfterGet" methodname="GetStatistics_AfterGet" classname="Challenge.WordsStatistics_Tests" runstate="Runnable" seed="1352228790" result="Passed" start-time="2017-10-25 09:20:18Z" end-time="2017-10-25 09:20:18Z" duration="0.000163" asserts="0" /><test-case id="0-1043" name="GetStatistics_ContainsItem_AfterAddition" fullname="Challenge.Infrastructure.WordsStatisticsE_Tests.GetStatistics_ContainsItem_AfterAddition" methodname="GetStatistics_ContainsItem_AfterAddition" classname="Challenge.WordsStatistics_Tests" runstate="Runnable" seed="330525147" result="Passed" start-time="2017-10-25 09:20:18Z" end-time="2017-10-25 09:20:18Z" duration="0.000213" asserts="0" /><test-case id="0-1051" name="GetStatistics_ContainsItem_AfterAdditionRussionWord" fullname="Challenge.Infrastructure.WordsStatisticsE_Tests.GetStatistics_ContainsItem_AfterAdditionRussionWord" methodname="GetStatistics_ContainsItem_AfterAdditionRussionWord" classname="Challenge.WordsStatistics_Tests" runstate="Runnable" seed="2005225789" result="Passed" start-time="2017-10-25 09:20:18Z" end-time="2017-10-25 09:20:18Z" duration="0.000096" asserts="0" /><test-case id="0-1050" name="GetStatistics_ContainsItem_AfterAdditionWordsWithTenWhiteSpaces" fullname="Challenge.Infrastructure.WordsStatisticsE_Tests.GetStatistics_ContainsItem_AfterAdditionWordsWithTenWhiteSpaces" methodname="GetStatistics_ContainsItem_AfterAdditionWordsWithTenWhiteSpaces" classname="Challenge.WordsStatistics_Tests" runstate="Runnable" seed="872240245" result="Passed" start-time="2017-10-25 09:20:18Z" end-time="2017-10-25 09:20:18Z" duration="0.000077" asserts="0" /><test-case id="0-1044" name="GetStatistics_ContainsManyItems_AfterAdditionOfDifferentWords" fullname="Challenge.Infrastructure.WordsStatisticsE_Tests.GetStatistics_ContainsManyItems_AfterAdditionOfDifferentWords" methodname="GetStatistics_ContainsManyItems_AfterAdditionOfDifferentWords" classname="Challenge.WordsStatistics_Tests" runstate="Runnable" seed="156364994" result="Passed" start-time="2017-10-25 09:20:18Z" end-time="2017-10-25 09:20:18Z" duration="0.000078" asserts="0" /><test-case id="0-1049" name="GetStatistics_ContainsTwoSameItems_AfterAddiotionWordswithSamePrefixDifferentCase" fullname="Challenge.Infrastructure.WordsStatisticsE_Tests.GetStatistics_ContainsTwoSameItems_AfterAddiotionWordswithSamePrefixDifferentCase" methodname="GetStatistics_ContainsTwoSameItems_AfterAddiotionWordswithSamePrefixDifferentCase" classname="Challenge.WordsStatistics_Tests" runstate="Runnable" seed="779167180" result="Passed" start-time="2017-10-25 09:20:18Z" end-time="2017-10-25 09:20:18Z" duration="0.000077" asserts="0" /><test-case id="0-1045" name="GetStatistics_ContainsTwoSameItems_AfterAdditionOfDifferentWordsWithSamePrefices" fullname="Challenge.Infrastructure.WordsStatisticsE_Tests.GetStatistics_ContainsTwoSameItems_AfterAdditionOfDifferentWordsWithSamePrefices" methodname="GetStatistics_ContainsTwoSameItems_AfterAdditionOfDifferentWordsWithSamePrefices" classname="Challenge.WordsStatistics_Tests" runstate="Runnable" seed="670714879" result="Passed" start-time="2017-10-25 09:20:18Z" end-time="2017-10-25 09:20:18Z" duration="0.000091" asserts="0" /><test-case id="0-1046" name="GetStatistics_ContainsTwoSameItems_AfterAdditionOfSameWordsDifferentCase" fullname="Challenge.Infrastructure.WordsStatisticsE_Tests.GetStatistics_ContainsTwoSameItems_AfterAdditionOfSameWordsDifferentCase" methodname="GetStatistics_ContainsTwoSameItems_AfterAdditionOfSameWordsDifferentCase" classname="Challenge.WordsStatistics_Tests" runstate="Runnable" seed="723345889" result="Passed" start-time="2017-10-25 09:20:18Z" end-time="2017-10-25 09:20:18Z" duration="0.000142" asserts="0" /><test-case id="0-1052" name="GetStatistics_IsEmpty_AfterAdditionEmptyWord" fullname="Challenge.Infrastructure.WordsStatisticsE_Tests.GetStatistics_IsEmpty_AfterAdditionEmptyWord" methodname="GetStatistics_IsEmpty_AfterAdditionEmptyWord" classname="Challenge.WordsStatistics_Tests" runstate="Runnable" seed="733414094" result="Failed" label="Error" start-time="2017-10-25 09:20:18Z" end-time="2017-10-25 09:20:18Z" duration="0.018968" asserts="0"><failure><message><![CDATA[System.ArgumentNullException : Значение не может быть неопределенным.
Имя параметра: word]]></message><stack-trace><![CDATA[   в Challenge.IncorrectImplementations.WordsStatisticsE.AddWord(String word) в C:\Users\Админ\Desktop\Шпора\testing\Challenge\IncorrectImplementations\DoNotOpen.cs:строка 69
   в Challenge.WordsStatistics_Tests.GetStatistics_IsEmpty_AfterAdditionEmptyWord() в C:\Users\Админ\Desktop\Шпора\testing\Challenge\WordsStatistics_Tests.cs:строка 106]]></stack-trace></failure></test-case><test-case id="0-1048" name="GetStatistics_IsEmpty_AfterAdditionWhiteSpaces" fullname="Challenge.Infrastructure.WordsStatisticsE_Tests.GetStatistics_IsEmpty_AfterAdditionWhiteSpaces" methodname="GetStatistics_IsEmpty_AfterAdditionWhiteSpaces" classname="Challenge.WordsStatistics_Tests" runstate="Runnable" seed="119392965" result="Failed" label="Error" start-time="2017-10-25 09:20:18Z" end-time="2017-10-25 09:20:18Z" duration="0.001223" asserts="0"><failure><message><![CDATA[System.ArgumentNullException : Значение не может быть неопределенным.
Имя параметра: word]]></message><stack-trace><![CDATA[   в Challenge.IncorrectImplementations.WordsStatisticsE.AddWord(String word) в C:\Users\Админ\Desktop\Шпора\testing\Challenge\IncorrectImplementations\DoNotOpen.cs:строка 69
   в Challenge.WordsStatistics_Tests.GetStatistics_IsEmpty_AfterAdditionWhiteSpaces() в C:\Users\Админ\Desktop\Шпора\testing\Challenge\WordsStatistics_Tests.cs:строка 77]]></stack-trace></failure></test-case><test-case id="0-1042" name="GetStatistics_IsEmpty_AfterCreation" fullname="Challenge.Infrastructure.WordsStatisticsE_Tests.GetStatistics_IsEmpty_AfterCreation" methodname="GetStatistics_IsEmpty_AfterCreation" classname="Challenge.WordsStatistics_Tests" runstate="Runnable" seed="1710618244" result="Passed" start-time="2017-10-25 09:20:18Z" end-time="2017-10-25 09:20:18Z" duration="0.000177" asserts="0" /><test-case id="0-1053" name="GetStatistics_IsEmpty_AfterNoAddiotional" fullname="Challenge.Infrastructure.WordsStatisticsE_Tests.GetStatistics_IsEmpty_AfterNoAddiotional" methodname="GetStatistics_IsEmpty_AfterNoAddiotional" classname="Challenge.WordsStatistics_Tests" runstate="Runnable" seed="1133895914" result="Passed" start-time="2017-10-25 09:20:18Z" end-time="2017-10-25 09:20:18Z" duration="0.000129" asserts="0" /><test-case id="0-1057" name="GetStatistics_NotEmpty_AfterTowGetCalls" fullname="Challenge.Infrastructure.WordsStatisticsE_Tests.GetStatistics_NotEmpty_AfterTowGetCalls" methodname="GetStatistics_NotEmpty_AfterTowGetCalls" classname="Challenge.WordsStatistics_Tests" runstate="Runnable" seed="1917828058" result="Passed" start-time="2017-10-25 09:20:18Z" end-time="2017-10-25 09:20:18Z" duration="0.000084" asserts="0" /><test-case id="0-1047" name="GetStatistics_SortedByDescendingCount_AfterAdditionOfTwoWordsAndOneMore" fullname="Challenge.Infrastructure.WordsStatisticsE_Tests.GetStatistics_SortedByDescendingCount_AfterAdditionOfTwoWordsAndOneMore" methodname="GetStatistics_SortedByDescendingCount_AfterAdditionOfTwoWordsAndOneMore" classname="Challenge.WordsStatistics_Tests" runstate="Runnable" seed="1610766837" result="Passed" start-time="2017-10-25 09:20:18Z" end-time="2017-10-25 09:20:18Z" duration="0.000093" asserts="0" /><test-case id="0-1058" name="GetStatistics_TImeOut_AfterManyWords" fullname="Challenge.Infrastructure.WordsStatisticsE_Tests.GetStatistics_TImeOut_AfterManyWords" methodname="GetStatistics_TImeOut_AfterManyWords" classname="Challenge.WordsStatistics_Tests" runstate="Runnable" seed="905910205" result="Passed" start-time="2017-10-25 09:20:18Z" end-time="2017-10-25 09:20:19Z" duration="0.169152" asserts="0"><properties><property name="Timeout" value="1000" /></properties></test-case><test-case id="0-1056" name="GetStatistics_UpperCase_AfterYO" fullname="Challenge.Infrastructure.WordsStatisticsE_Tests.GetStatistics_UpperCase_AfterYO" methodname="GetStatistics_UpperCase_AfterYO" classname="Challenge.WordsStatistics_Tests" runstate="Runnable" seed="123846877" result="Passed" start-time="2017-10-25 09:20:19Z" end-time="2017-10-25 09:20:19Z" duration="0.000169" asserts="0" /></test-suite></test-suite></test-suite></test-suite></test-run>