<test-run id="2" name="Challenge.exe" fullname="C:\Users\Админ\Desktop\Шпора\testing\Challenge\bin\Debug\Challenge.exe" testcasecount="360" result="Passed" total="17" passed="17" failed="0" inconclusive="0" skipped="0" asserts="0" engine-version="3.7.0.0" clr-version="4.0.30319.42000" start-time="2017-10-25 09:20:23Z" end-time="2017-10-25 09:20:24Z" duration="0.196726"><command-line><![CDATA["C:\Users\Админ\Desktop\Шпора\testing\Challenge\bin\Debug\Challenge.exe" ]]></command-line><filter><test>Challenge.Infrastructure.WordsStatistics_999_Tests</test></filter><test-suite type="Assembly" id="0-1383" name="Challenge.exe" fullname="C:\Users\Админ\Desktop\Шпора\testing\Challenge\bin\Debug\Challenge.exe" runstate="Runnable" testcasecount="360" result="Passed" start-time="2017-10-25 09:20:23Z" end-time="2017-10-25 09:20:24Z" duration="0.179766" total="17" passed="17" failed="0" warnings="0" inconclusive="0" skipped="0" asserts="0"><environment framework-version="3.8.1.0" clr-version="4.0.30319.42000" os-version="Microsoft Windows NT 10.0.15063.0" platform="Win32NT" cwd="C:\Users\Админ\Desktop\Шпора\testing\Challenge\bin\Debug" machine-name="DAGEPOKLAPTOP" user="Админ" user-domain="DAGEPOKLAPTOP" culture="ru-RU" uiculture="ru-RU" os-architecture="x86" /><settings><setting name="ImageRuntimeVersion" value="4.0.30319" /><setting name="ImageTargetFrameworkName" value=".NETFramework,Version=v4.5" /><setting name="ImageRequiresX86" value="True" /><setting name="RunAsX86" value="True" /><setting name="ImageRequiresDefaultAppDomainAssemblyResolver" value="False" /><setting name="RuntimeFramework" value="net-4.0" /><setting name="NumberOfTestWorkers" value="4" /></settings><properties><property name="_PID" value="15988" /><property name="_APPDOMAIN" value="domain-87e06b39-Challenge.exe" /></properties><test-suite type="TestSuite" id="0-1384" name="Challenge" fullname="Challenge" runstate="Runnable" testcasecount="360" result="Passed" start-time="2017-10-25 09:20:23Z" end-time="2017-10-25 09:20:24Z" duration="0.179590" total="17" passed="17" failed="0" warnings="0" inconclusive="0" skipped="0" asserts="0"><test-suite type="TestSuite" id="0-1385" name="Infrastructure" fullname="Challenge.Infrastructure" runstate="Runnable" testcasecount="343" result="Passed" start-time="2017-10-25 09:20:23Z" end-time="2017-10-25 09:20:24Z" duration="0.179444" total="17" passed="17" failed="0" warnings="0" inconclusive="0" skipped="0" asserts="0"><test-suite type="TestFixture" id="0-1293" name="WordsStatistics_999_Tests" fullname="Challenge.Infrastructure.WordsStatistics_999_Tests" classname="Challenge.Infrastructure.WordsStatistics_999_Tests" runstate="Runnable" testcasecount="17" result="Passed" start-time="2017-10-25 09:20:23Z" end-time="2017-10-25 09:20:24Z" duration="0.178646" total="17" passed="17" failed="0" warnings="0" inconclusive="0" skipped="0" asserts="0"><test-case id="0-1306" name="GetStatisitcs_OrderByDesceding_AfterAlmostSameWordsWithAlmostSameCount" fullname="Challenge.Infrastructure.WordsStatistics_999_Tests.GetStatisitcs_OrderByDesceding_AfterAlmostSameWordsWithAlmostSameCount" methodname="GetStatisitcs_OrderByDesceding_AfterAlmostSameWordsWithAlmostSameCount" classname="Challenge.WordsStatistics_Tests" runstate="Runnable" seed="2057903053" result="Passed" start-time="2017-10-25 09:20:23Z" end-time="2017-10-25 09:20:23Z" duration="0.009007" asserts="0" /><test-case id="0-1307" name="GetStatistics_AfterGet" fullname="Challenge.Infrastructure.WordsStatistics_999_Tests.GetStatistics_AfterGet" methodname="GetStatistics_AfterGet" classname="Challenge.WordsStatistics_Tests" runstate="Runnable" seed="993225033" result="Passed" start-time="2017-10-25 09:20:23Z" end-time="2017-10-25 09:20:23Z" duration="0.000176" asserts="0" /><test-case id="0-1295" name="GetStatistics_ContainsItem_AfterAddition" fullname="Challenge.Infrastructure.WordsStatistics_999_Tests.GetStatistics_ContainsItem_AfterAddition" methodname="GetStatistics_ContainsItem_AfterAddition" classname="Challenge.WordsStatistics_Tests" runstate="Runnable" seed="1700345044" result="Passed" start-time="2017-10-25 09:20:23Z" end-time="2017-10-25 09:20:23Z" duration="0.000241" asserts="0" /><test-case id="0-1303" name="GetStatistics_ContainsItem_AfterAdditionRussionWord" fullname="Challenge.Infrastructure.WordsStatistics_999_Tests.GetStatistics_ContainsItem_AfterAdditionRussionWord" methodname="GetStatistics_ContainsItem_AfterAdditionRussionWord" classname="Challenge.WordsStatistics_Tests" runstate="Runnable" seed="1182745737" result="Passed" start-time="2017-10-25 09:20:23Z" end-time="2017-10-25 09:20:23Z" duration="0.000099" asserts="0" /><test-case id="0-1302" name="GetStatistics_ContainsItem_AfterAdditionWordsWithTenWhiteSpaces" fullname="Challenge.Infrastructure.WordsStatistics_999_Tests.GetStatistics_ContainsItem_AfterAdditionWordsWithTenWhiteSpaces" methodname="GetStatistics_ContainsItem_AfterAdditionWordsWithTenWhiteSpaces" classname="Challenge.WordsStatistics_Tests" runstate="Runnable" seed="1840502465" result="Passed" start-time="2017-10-25 09:20:23Z" end-time="2017-10-25 09:20:23Z" duration="0.000121" asserts="0" /><test-case id="0-1296" name="GetStatistics_ContainsManyItems_AfterAdditionOfDifferentWords" fullname="Challenge.Infrastructure.WordsStatistics_999_Tests.GetStatistics_ContainsManyItems_AfterAdditionOfDifferentWords" methodname="GetStatistics_ContainsManyItems_AfterAdditionOfDifferentWords" classname="Challenge.WordsStatistics_Tests" runstate="Runnable" seed="1560698197" result="Passed" start-time="2017-10-25 09:20:23Z" end-time="2017-10-25 09:20:23Z" duration="0.000140" asserts="0" /><test-case id="0-1301" name="GetStatistics_ContainsTwoSameItems_AfterAddiotionWordswithSamePrefixDifferentCase" fullname="Challenge.Infrastructure.WordsStatistics_999_Tests.GetStatistics_ContainsTwoSameItems_AfterAddiotionWordswithSamePrefixDifferentCase" methodname="GetStatistics_ContainsTwoSameItems_AfterAddiotionWordswithSamePrefixDifferentCase" classname="Challenge.WordsStatistics_Tests" runstate="Runnable" seed="1644197447" result="Passed" start-time="2017-10-25 09:20:23Z" end-time="2017-10-25 09:20:23Z" duration="0.000145" asserts="0" /><test-case id="0-1297" name="GetStatistics_ContainsTwoSameItems_AfterAdditionOfDifferentWordsWithSamePrefices" fullname="Challenge.Infrastructure.WordsStatistics_999_Tests.GetStatistics_ContainsTwoSameItems_AfterAdditionOfDifferentWordsWithSamePrefices" methodname="GetStatistics_ContainsTwoSameItems_AfterAdditionOfDifferentWordsWithSamePrefices" classname="Challenge.WordsStatistics_Tests" runstate="Runnable" seed="1663370769" result="Passed" start-time="2017-10-25 09:20:23Z" end-time="2017-10-25 09:20:23Z" duration="0.000087" asserts="0" /><test-case id="0-1298" name="GetStatistics_ContainsTwoSameItems_AfterAdditionOfSameWordsDifferentCase" fullname="Challenge.Infrastructure.WordsStatistics_999_Tests.GetStatistics_ContainsTwoSameItems_AfterAdditionOfSameWordsDifferentCase" methodname="GetStatistics_ContainsTwoSameItems_AfterAdditionOfSameWordsDifferentCase" classname="Challenge.WordsStatistics_Tests" runstate="Runnable" seed="991255040" result="Passed" start-time="2017-10-25 09:20:23Z" end-time="2017-10-25 09:20:23Z" duration="0.000083" asserts="0" /><test-case id="0-1304" name="GetStatistics_IsEmpty_AfterAdditionEmptyWord" fullname="Challenge.Infrastructure.WordsStatistics_999_Tests.GetStatistics_IsEmpty_AfterAdditionEmptyWord" methodname="GetStatistics_IsEmpty_AfterAdditionEmptyWord" classname="Challenge.WordsStatistics_Tests" runstate="Runnable" seed="1901145404" result="Passed" start-time="2017-10-25 09:20:23Z" end-time="2017-10-25 09:20:23Z" duration="0.000170" asserts="0" /><test-case id="0-1300" name="GetStatistics_IsEmpty_AfterAdditionWhiteSpaces" fullname="Challenge.Infrastructure.WordsStatistics_999_Tests.GetStatistics_IsEmpty_AfterAdditionWhiteSpaces" methodname="GetStatistics_IsEmpty_AfterAdditionWhiteSpaces" classname="Challenge.WordsStatistics_Tests" runstate="Runnable" seed="2079397516" result="Passed" start-time="2017-10-25 09:20:23Z" end-time="2017-10-25 09:20:23Z" duration="0.000132" asserts="0" /><test-case id="0-1294" name="GetStatistics_IsEmpty_AfterCreation" fullname="Challenge.Infrastructure.WordsStatistics_999_Tests.GetStatistics_IsEmpty_AfterCreation" methodname="GetStatistics_IsEmpty_AfterCreation" classname="Challenge.WordsStatistics_Tests" runstate="Runnable" seed="1097824538" result="Passed" start-time="2017-10-25 09:20:23Z" end-time="2017-10-25 09:20:23Z" duration="0.000130" asserts="0" /><test-case id="0-1305" name="GetStatistics_IsEmpty_AfterNoAddiotional" fullname="Challenge.Infrastructure.WordsStatistics_999_Tests.GetStatistics_IsEmpty_AfterNoAddiotional" methodname="GetStatistics_IsEmpty_AfterNoAddiotional" classname="Challenge.WordsStatistics_Tests" runstate="Runnable" seed="153220548" result="Passed" start-time="2017-10-25 09:20:23Z" end-time="2017-10-25 09:20:23Z" duration="0.000119" asserts="0" /><test-case id="0-1309" name="GetStatistics_NotEmpty_AfterTowGetCalls" fullname="Challenge.Infrastructure.WordsStatistics_999_Tests.GetStatistics_NotEmpty_AfterTowGetCalls" methodname="GetStatistics_NotEmpty_AfterTowGetCalls" classname="Challenge.WordsStatistics_Tests" runstate="Runnable" seed="537443624" result="Passed" start-time="2017-10-25 09:20:23Z" end-time="2017-10-25 09:20:23Z" duration="0.000081" asserts="0" /><test-case id="0-1299" name="GetStatistics_SortedByDescendingCount_AfterAdditionOfTwoWordsAndOneMore" fullname="Challenge.Infrastructure.WordsStatistics_999_Tests.GetStatistics_SortedByDescendingCount_AfterAdditionOfTwoWordsAndOneMore" methodname="GetStatistics_SortedByDescendingCount_AfterAdditionOfTwoWordsAndOneMore" classname="Challenge.WordsStatistics_Tests" runstate="Runnable" seed="190205112" result="Passed" start-time="2017-10-25 09:20:23Z" end-time="2017-10-25 09:20:23Z" duration="0.000089" asserts="0" /><test-case id="0-1310" name="GetStatistics_TImeOut_AfterManyWords" fullname="Challenge.Infrastructure.WordsStatistics_999_Tests.GetStatistics_TImeOut_AfterManyWords" methodname="GetStatistics_TImeOut_AfterManyWords" classname="Challenge.WordsStatistics_Tests" runstate="Runnable" seed="2050830748" result="Passed" start-time="2017-10-25 09:20:23Z" end-time="2017-10-25 09:20:24Z" duration="0.164433" asserts="0"><properties><property name="Timeout" value="1000" /></properties></test-case><test-case id="0-1308" name="GetStatistics_UpperCase_AfterYO" fullname="Challenge.Infrastructure.WordsStatistics_999_Tests.GetStatistics_UpperCase_AfterYO" methodname="GetStatistics_UpperCase_AfterYO" classname="Challenge.WordsStatistics_Tests" runstate="Runnable" seed="1272915927" result="Passed" start-time="2017-10-25 09:20:24Z" end-time="2017-10-25 09:20:24Z" duration="0.000171" asserts="0" /></test-suite></test-suite></test-suite></test-suite></test-run>