<test-run id="2" name="Challenge.exe" fullname="C:\Users\Админ\Desktop\Шпора\testing\Challenge\bin\Debug\Challenge.exe" testcasecount="360" result="Passed" total="17" passed="17" failed="0" inconclusive="0" skipped="0" asserts="0" engine-version="3.7.0.0" clr-version="4.0.30319.42000" start-time="2017-10-25 09:20:13Z" end-time="2017-10-25 09:20:16Z" duration="3.214236"><command-line><![CDATA["C:\Users\Админ\Desktop\Шпора\testing\Challenge\bin\Debug\Challenge.exe" ]]></command-line><filter><test>Challenge.WordsStatistics_Tests</test></filter><test-suite type="Assembly" id="0-1383" name="Challenge.exe" fullname="C:\Users\Админ\Desktop\Шпора\testing\Challenge\bin\Debug\Challenge.exe" runstate="Runnable" testcasecount="360" result="Passed" start-time="2017-10-25 09:20:15Z" end-time="2017-10-25 09:20:16Z" duration="1.443705" total="17" passed="17" failed="0" warnings="0" inconclusive="0" skipped="0" asserts="0"><environment framework-version="3.8.1.0" clr-version="4.0.30319.42000" os-version="Microsoft Windows NT 10.0.15063.0" platform="Win32NT" cwd="C:\Users\Админ\Desktop\Шпора\testing\Challenge\bin\Debug" machine-name="DAGEPOKLAPTOP" user="Админ" user-domain="DAGEPOKLAPTOP" culture="ru-RU" uiculture="ru-RU" os-architecture="x86" /><settings><setting name="ImageRuntimeVersion" value="4.0.30319" /><setting name="ImageTargetFrameworkName" value=".NETFramework,Version=v4.5" /><setting name="ImageRequiresX86" value="True" /><setting name="RunAsX86" value="True" /><setting name="ImageRequiresDefaultAppDomainAssemblyResolver" value="False" /><setting name="RuntimeFramework" value="net-4.0" /><setting name="NumberOfTestWorkers" value="4" /></settings><properties><property name="_PID" value="15988" /><property name="_APPDOMAIN" value="domain-87e06b39-Challenge.exe" /></properties><test-suite type="TestSuite" id="0-1384" name="Challenge" fullname="Challenge" runstate="Runnable" testcasecount="360" result="Passed" start-time="2017-10-25 09:20:15Z" end-time="2017-10-25 09:20:16Z" duration="1.415427" total="17" passed="17" failed="0" warnings="0" inconclusive="0" skipped="0" asserts="0"><test-suite type="TestFixture" id="0-1000" name="WordsStatistics_Tests" fullname="Challenge.WordsStatistics_Tests" classname="Challenge.WordsStatistics_Tests" runstate="Runnable" testcasecount="17" result="Passed" start-time="2017-10-25 09:20:15Z" end-time="2017-10-25 09:20:16Z" duration="1.407554" total="17" passed="17" failed="0" warnings="0" inconclusive="0" skipped="0" asserts="0"><test-case id="0-1013" name="GetStatisitcs_OrderByDesceding_AfterAlmostSameWordsWithAlmostSameCount" fullname="Challenge.WordsStatistics_Tests.GetStatisitcs_OrderByDesceding_AfterAlmostSameWordsWithAlmostSameCount" methodname="GetStatisitcs_OrderByDesceding_AfterAlmostSameWordsWithAlmostSameCount" classname="Challenge.WordsStatistics_Tests" runstate="Runnable" seed="2118230999" result="Passed" start-time="2017-10-25 09:20:15Z" end-time="2017-10-25 09:20:16Z" duration="0.916518" asserts="0" /><test-case id="0-1014" name="GetStatistics_AfterGet" fullname="Challenge.WordsStatistics_Tests.GetStatistics_AfterGet" methodname="GetStatistics_AfterGet" classname="Challenge.WordsStatistics_Tests" runstate="Runnable" seed="1568807873" result="Passed" start-time="2017-10-25 09:20:16Z" end-time="2017-10-25 09:20:16Z" duration="0.011891" asserts="0" /><test-case id="0-1002" name="GetStatistics_ContainsItem_AfterAddition" fullname="Challenge.WordsStatistics_Tests.GetStatistics_ContainsItem_AfterAddition" methodname="GetStatistics_ContainsItem_AfterAddition" classname="Challenge.WordsStatistics_Tests" runstate="Runnable" seed="541529184" result="Passed" start-time="2017-10-25 09:20:16Z" end-time="2017-10-25 09:20:16Z" duration="0.292809" asserts="0" /><test-case id="0-1010" name="GetStatistics_ContainsItem_AfterAdditionRussionWord" fullname="Challenge.WordsStatistics_Tests.GetStatistics_ContainsItem_AfterAdditionRussionWord" methodname="GetStatistics_ContainsItem_AfterAdditionRussionWord" classname="Challenge.WordsStatistics_Tests" runstate="Runnable" seed="743572292" result="Passed" start-time="2017-10-25 09:20:16Z" end-time="2017-10-25 09:20:16Z" duration="0.004686" asserts="0" /><test-case id="0-1009" name="GetStatistics_ContainsItem_AfterAdditionWordsWithTenWhiteSpaces" fullname="Challenge.WordsStatistics_Tests.GetStatistics_ContainsItem_AfterAdditionWordsWithTenWhiteSpaces" methodname="GetStatistics_ContainsItem_AfterAdditionWordsWithTenWhiteSpaces" classname="Challenge.WordsStatistics_Tests" runstate="Runnable" seed="1423793005" result="Passed" start-time="2017-10-25 09:20:16Z" end-time="2017-10-25 09:20:16Z" duration="0.000397" asserts="0" /><test-case id="0-1003" name="GetStatistics_ContainsManyItems_AfterAdditionOfDifferentWords" fullname="Challenge.WordsStatistics_Tests.GetStatistics_ContainsManyItems_AfterAdditionOfDifferentWords" methodname="GetStatistics_ContainsManyItems_AfterAdditionOfDifferentWords" classname="Challenge.WordsStatistics_Tests" runstate="Runnable" seed="1828743486" result="Passed" start-time="2017-10-25 09:20:16Z" end-time="2017-10-25 09:20:16Z" duration="0.000354" asserts="0" /><test-case id="0-1008" name="GetStatistics_ContainsTwoSameItems_AfterAddiotionWordswithSamePrefixDifferentCase" fullname="Challenge.WordsStatistics_Tests.GetStatistics_ContainsTwoSameItems_AfterAddiotionWordswithSamePrefixDifferentCase" methodname="GetStatistics_ContainsTwoSameItems_AfterAddiotionWordswithSamePrefixDifferentCase" classname="Challenge.WordsStatistics_Tests" runstate="Runnable" seed="983437442" result="Passed" start-time="2017-10-25 09:20:16Z" end-time="2017-10-25 09:20:16Z" duration="0.000396" asserts="0" /><test-case id="0-1004" name="GetStatistics_ContainsTwoSameItems_AfterAdditionOfDifferentWordsWithSamePrefices" fullname="Challenge.WordsStatistics_Tests.GetStatistics_ContainsTwoSameItems_AfterAdditionOfDifferentWordsWithSamePrefices" methodname="GetStatistics_ContainsTwoSameItems_AfterAdditionOfDifferentWordsWithSamePrefices" classname="Challenge.WordsStatistics_Tests" runstate="Runnable" seed="1682523349" result="Passed" start-time="2017-10-25 09:20:16Z" end-time="2017-10-25 09:20:16Z" duration="0.000480" asserts="0" /><test-case id="0-1005" name="GetStatistics_ContainsTwoSameItems_AfterAdditionOfSameWordsDifferentCase" fullname="Challenge.WordsStatistics_Tests.GetStatistics_ContainsTwoSameItems_AfterAdditionOfSameWordsDifferentCase" methodname="GetStatistics_ContainsTwoSameItems_AfterAdditionOfSameWordsDifferentCase" classname="Challenge.WordsStatistics_Tests" runstate="Runnable" seed="455839273" result="Passed" start-time="2017-10-25 09:20:16Z" end-time="2017-10-25 09:20:16Z" duration="0.003771" asserts="0" /><test-case id="0-1011" name="GetStatistics_IsEmpty_AfterAdditionEmptyWord" fullname="Challenge.WordsStatistics_Tests.GetStatistics_IsEmpty_AfterAdditionEmptyWord" methodname="GetStatistics_IsEmpty_AfterAdditionEmptyWord" classname="Challenge.WordsStatistics_Tests" runstate="Runnable" seed="1753143957" result="Passed" start-time="2017-10-25 09:20:16Z" end-time="2017-10-25 09:20:16Z" duration="0.004252" asserts="0" /><test-case id="0-1007" name="GetStatistics_IsEmpty_AfterAdditionWhiteSpaces" fullname="Challenge.WordsStatistics_Tests.GetStatistics_IsEmpty_AfterAdditionWhiteSpaces" methodname="GetStatistics_IsEmpty_AfterAdditionWhiteSpaces" classname="Challenge.WordsStatistics_Tests" runstate="Runnable" seed="1499880777" result="Passed" start-time="2017-10-25 09:20:16Z" end-time="2017-10-25 09:20:16Z" duration="0.000469" asserts="0" /><test-case id="0-1001" name="GetStatistics_IsEmpty_AfterCreation" fullname="Challenge.WordsStatistics_Tests.GetStatistics_IsEmpty_AfterCreation" methodname="GetStatistics_IsEmpty_AfterCreation" classname="Challenge.WordsStatistics_Tests" runstate="Runnable" seed="10997312" result="Passed" start-time="2017-10-25 09:20:16Z" end-time="2017-10-25 09:20:16Z" duration="0.000394" asserts="0" /><test-case id="0-1012" name="GetStatistics_IsEmpty_AfterNoAddiotional" fullname="Challenge.WordsStatistics_Tests.GetStatistics_IsEmpty_AfterNoAddiotional" methodname="GetStatistics_IsEmpty_AfterNoAddiotional" classname="Challenge.WordsStatistics_Tests" runstate="Runnable" seed="469537542" result="Passed" start-time="2017-10-25 09:20:16Z" end-time="2017-10-25 09:20:16Z" duration="0.000410" asserts="0" /><test-case id="0-1016" name="GetStatistics_NotEmpty_AfterTowGetCalls" fullname="Challenge.WordsStatistics_Tests.GetStatistics_NotEmpty_AfterTowGetCalls" methodname="GetStatistics_NotEmpty_AfterTowGetCalls" classname="Challenge.WordsStatistics_Tests" runstate="Runnable" seed="125174711" result="Passed" start-time="2017-10-25 09:20:16Z" end-time="2017-10-25 09:20:16Z" duration="0.000395" asserts="0" /><test-case id="0-1006" name="GetStatistics_SortedByDescendingCount_AfterAdditionOfTwoWordsAndOneMore" fullname="Challenge.WordsStatistics_Tests.GetStatistics_SortedByDescendingCount_AfterAdditionOfTwoWordsAndOneMore" methodname="GetStatistics_SortedByDescendingCount_AfterAdditionOfTwoWordsAndOneMore" classname="Challenge.WordsStatistics_Tests" runstate="Runnable" seed="1650214793" result="Passed" start-time="2017-10-25 09:20:16Z" end-time="2017-10-25 09:20:16Z" duration="0.000460" asserts="0" /><test-case id="0-1017" name="GetStatistics_TImeOut_AfterManyWords" fullname="Challenge.WordsStatistics_Tests.GetStatistics_TImeOut_AfterManyWords" methodname="GetStatistics_TImeOut_AfterManyWords" classname="Challenge.WordsStatistics_Tests" runstate="Runnable" seed="516818206" result="Passed" start-time="2017-10-25 09:20:16Z" end-time="2017-10-25 09:20:16Z" duration="0.155342" asserts="0"><properties><property name="Timeout" value="1000" /></properties></test-case><test-case id="0-1015" name="GetStatistics_UpperCase_AfterYO" fullname="Challenge.WordsStatistics_Tests.GetStatistics_UpperCase_AfterYO" methodname="GetStatistics_UpperCase_AfterYO" classname="Challenge.WordsStatistics_Tests" runstate="Runnable" seed="1777892383" result="Passed" start-time="2017-10-25 09:20:16Z" end-time="2017-10-25 09:20:16Z" duration="0.000412" asserts="0" /></test-suite></test-suite></test-suite></test-run>