<test-run id="2" name="Challenge.exe" fullname="C:\Users\Админ\Desktop\Шпора\testing\Challenge\bin\Debug\Challenge.exe" testcasecount="360" result="Failed" total="17" passed="16" failed="1" inconclusive="0" skipped="0" asserts="0" engine-version="3.7.0.0" clr-version="4.0.30319.42000" start-time="2017-10-25 09:20:21Z" end-time="2017-10-25 09:20:21Z" duration="0.310680"><command-line><![CDATA["C:\Users\Админ\Desktop\Шпора\testing\Challenge\bin\Debug\Challenge.exe" ]]></command-line><filter><test>Challenge.Infrastructure.WordsStatisticsO3_Tests</test></filter><test-suite type="Assembly" id="0-1383" name="Challenge.exe" fullname="C:\Users\Админ\Desktop\Шпора\testing\Challenge\bin\Debug\Challenge.exe" runstate="Runnable" testcasecount="360" result="Failed" site="Child" start-time="2017-10-25 09:20:21Z" end-time="2017-10-25 09:20:21Z" duration="0.292598" total="17" passed="16" failed="1" warnings="0" inconclusive="0" skipped="0" asserts="0"><environment framework-version="3.8.1.0" clr-version="4.0.30319.42000" os-version="Microsoft Windows NT 10.0.15063.0" platform="Win32NT" cwd="C:\Users\Админ\Desktop\Шпора\testing\Challenge\bin\Debug" machine-name="DAGEPOKLAPTOP" user="Админ" user-domain="DAGEPOKLAPTOP" culture="ru-RU" uiculture="ru-RU" os-architecture="x86" /><settings><setting name="ImageRuntimeVersion" value="4.0.30319" /><setting name="ImageTargetFrameworkName" value=".NETFramework,Version=v4.5" /><setting name="ImageRequiresX86" value="True" /><setting name="RunAsX86" value="True" /><setting name="ImageRequiresDefaultAppDomainAssemblyResolver" value="False" /><setting name="RuntimeFramework" value="net-4.0" /><setting name="NumberOfTestWorkers" value="4" /></settings><properties><property name="_PID" value="15988" /><property name="_APPDOMAIN" value="domain-87e06b39-Challenge.exe" /></properties><failure><message><![CDATA[One or more child tests had errors]]></message></failure><test-suite type="TestSuite" id="0-1384" name="Challenge" fullname="Challenge" runstate="Runnable" testcasecount="360" result="Failed" site="Child" start-time="2017-10-25 09:20:21Z" end-time="2017-10-25 09:20:21Z" duration="0.292493" total="17" passed="16" failed="1" warnings="0" inconclusive="0" skipped="0" asserts="0"><failure><message><![CDATA[One or more child tests had errors]]></message></failure><test-suite type="TestSuite" id="0-1385" name="Infrastructure" fullname="Challenge.Infrastructure" runstate="Runnable" testcasecount="343" result="Failed" site="Child" start-time="2017-10-25 09:20:21Z" end-time="2017-10-25 09:20:21Z" duration="0.292473" total="17" passed="16" failed="1" warnings="0" inconclusive="0" skipped="0" asserts="0"><failure><message><![CDATA[One or more child tests had errors]]></message></failure><test-suite type="TestFixture" id="0-1221" name="WordsStatisticsO3_Tests" fullname="Challenge.Infrastructure.WordsStatisticsO3_Tests" classname="Challenge.Infrastructure.WordsStatisticsO3_Tests" runstate="Runnable" testcasecount="17" result="Failed" site="Child" start-time="2017-10-25 09:20:21Z" end-time="2017-10-25 09:20:21Z" duration="0.292145" total="17" passed="16" failed="1" warnings="0" inconclusive="0" skipped="0" asserts="0"><failure><message><![CDATA[One or more child tests had errors]]></message></failure><test-case id="0-1234" name="GetStatisitcs_OrderByDesceding_AfterAlmostSameWordsWithAlmostSameCount" fullname="Challenge.Infrastructure.WordsStatisticsO3_Tests.GetStatisitcs_OrderByDesceding_AfterAlmostSameWordsWithAlmostSameCount" methodname="GetStatisitcs_OrderByDesceding_AfterAlmostSameWordsWithAlmostSameCount" classname="Challenge.WordsStatistics_Tests" runstate="Runnable" seed="1385931651" result="Passed" start-time="2017-10-25 09:20:21Z" end-time="2017-10-25 09:20:21Z" duration="0.005879" asserts="0" /><test-case id="0-1235" name="GetStatistics_AfterGet" fullname="Challenge.Infrastructure.WordsStatisticsO3_Tests.GetStatistics_AfterGet" methodname="GetStatistics_AfterGet" classname="Challenge.WordsStatistics_Tests" runstate="Runnable" seed="1344682375" result="Passed" start-time="2017-10-25 09:20:21Z" end-time="2017-10-25 09:20:21Z" duration="0.000221" asserts="0" /><test-case id="0-1223" name="GetStatistics_ContainsItem_AfterAddition" fullname="Challenge.Infrastructure.WordsStatisticsO3_Tests.GetStatistics_ContainsItem_AfterAddition" methodname="GetStatistics_ContainsItem_AfterAddition" classname="Challenge.WordsStatistics_Tests" runstate="Runnable" seed="1610420582" result="Passed" start-time="2017-10-25 09:20:21Z" end-time="2017-10-25 09:20:21Z" duration="0.000309" asserts="0" /><test-case id="0-1231" name="GetStatistics_ContainsItem_AfterAdditionRussionWord" fullname="Challenge.Infrastructure.WordsStatisticsO3_Tests.GetStatistics_ContainsItem_AfterAdditionRussionWord" methodname="GetStatistics_ContainsItem_AfterAdditionRussionWord" classname="Challenge.WordsStatistics_Tests" runstate="Runnable" seed="245845729" result="Passed" start-time="2017-10-25 09:20:21Z" end-time="2017-10-25 09:20:21Z" duration="0.000374" asserts="0" /><test-case id="0-1230" name="GetStatistics_ContainsItem_AfterAdditionWordsWithTenWhiteSpaces" fullname="Challenge.Infrastructure.WordsStatisticsO3_Tests.GetStatistics_ContainsItem_AfterAdditionWordsWithTenWhiteSpaces" methodname="GetStatistics_ContainsItem_AfterAdditionWordsWithTenWhiteSpaces" classname="Challenge.WordsStatistics_Tests" runstate="Runnable" seed="2142421193" result="Passed" start-time="2017-10-25 09:20:21Z" end-time="2017-10-25 09:20:21Z" duration="0.000119" asserts="0" /><test-case id="0-1224" name="GetStatistics_ContainsManyItems_AfterAdditionOfDifferentWords" fullname="Challenge.Infrastructure.WordsStatisticsO3_Tests.GetStatistics_ContainsManyItems_AfterAdditionOfDifferentWords" methodname="GetStatistics_ContainsManyItems_AfterAdditionOfDifferentWords" classname="Challenge.WordsStatistics_Tests" runstate="Runnable" seed="1899726298" result="Passed" start-time="2017-10-25 09:20:21Z" end-time="2017-10-25 09:20:21Z" duration="0.000088" asserts="0" /><test-case id="0-1229" name="GetStatistics_ContainsTwoSameItems_AfterAddiotionWordswithSamePrefixDifferentCase" fullname="Challenge.Infrastructure.WordsStatisticsO3_Tests.GetStatistics_ContainsTwoSameItems_AfterAddiotionWordswithSamePrefixDifferentCase" methodname="GetStatistics_ContainsTwoSameItems_AfterAddiotionWordswithSamePrefixDifferentCase" classname="Challenge.WordsStatistics_Tests" runstate="Runnable" seed="1929787554" result="Passed" start-time="2017-10-25 09:20:21Z" end-time="2017-10-25 09:20:21Z" duration="0.000079" asserts="0" /><test-case id="0-1225" name="GetStatistics_ContainsTwoSameItems_AfterAdditionOfDifferentWordsWithSamePrefices" fullname="Challenge.Infrastructure.WordsStatisticsO3_Tests.GetStatistics_ContainsTwoSameItems_AfterAdditionOfDifferentWordsWithSamePrefices" methodname="GetStatistics_ContainsTwoSameItems_AfterAdditionOfDifferentWordsWithSamePrefices" classname="Challenge.WordsStatistics_Tests" runstate="Runnable" seed="780333253" result="Passed" start-time="2017-10-25 09:20:21Z" end-time="2017-10-25 09:20:21Z" duration="0.000074" asserts="0" /><test-case id="0-1226" name="GetStatistics_ContainsTwoSameItems_AfterAdditionOfSameWordsDifferentCase" fullname="Challenge.Infrastructure.WordsStatisticsO3_Tests.GetStatistics_ContainsTwoSameItems_AfterAdditionOfSameWordsDifferentCase" methodname="GetStatistics_ContainsTwoSameItems_AfterAdditionOfSameWordsDifferentCase" classname="Challenge.WordsStatistics_Tests" runstate="Runnable" seed="166817133" result="Passed" start-time="2017-10-25 09:20:21Z" end-time="2017-10-25 09:20:21Z" duration="0.000074" asserts="0" /><test-case id="0-1232" name="GetStatistics_IsEmpty_AfterAdditionEmptyWord" fullname="Challenge.Infrastructure.WordsStatisticsO3_Tests.GetStatistics_IsEmpty_AfterAdditionEmptyWord" methodname="GetStatistics_IsEmpty_AfterAdditionEmptyWord" classname="Challenge.WordsStatistics_Tests" runstate="Runnable" seed="84251793" result="Passed" start-time="2017-10-25 09:20:21Z" end-time="2017-10-25 09:20:21Z" duration="0.000170" asserts="0" /><test-case id="0-1228" name="GetStatistics_IsEmpty_AfterAdditionWhiteSpaces" fullname="Challenge.Infrastructure.WordsStatisticsO3_Tests.GetStatistics_IsEmpty_AfterAdditionWhiteSpaces" methodname="GetStatistics_IsEmpty_AfterAdditionWhiteSpaces" classname="Challenge.WordsStatistics_Tests" runstate="Runnable" seed="66785060" result="Passed" start-time="2017-10-25 09:20:21Z" end-time="2017-10-25 09:20:21Z" duration="0.000136" asserts="0" /><test-case id="0-1222" name="GetStatistics_IsEmpty_AfterCreation" fullname="Challenge.Infrastructure.WordsStatisticsO3_Tests.GetStatistics_IsEmpty_AfterCreation" methodname="GetStatistics_IsEmpty_AfterCreation" classname="Challenge.WordsStatistics_Tests" runstate="Runnable" seed="508481902" result="Passed" start-time="2017-10-25 09:20:21Z" end-time="2017-10-25 09:20:21Z" duration="0.000128" asserts="0" /><test-case id="0-1233" name="GetStatistics_IsEmpty_AfterNoAddiotional" fullname="Challenge.Infrastructure.WordsStatisticsO3_Tests.GetStatistics_IsEmpty_AfterNoAddiotional" methodname="GetStatistics_IsEmpty_AfterNoAddiotional" classname="Challenge.WordsStatistics_Tests" runstate="Runnable" seed="1677436304" result="Passed" start-time="2017-10-25 09:20:21Z" end-time="2017-10-25 09:20:21Z" duration="0.000128" asserts="0" /><test-case id="0-1237" name="GetStatistics_NotEmpty_AfterTowGetCalls" fullname="Challenge.Infrastructure.WordsStatisticsO3_Tests.GetStatistics_NotEmpty_AfterTowGetCalls" methodname="GetStatistics_NotEmpty_AfterTowGetCalls" classname="Challenge.WordsStatistics_Tests" runstate="Runnable" seed="308961599" result="Passed" start-time="2017-10-25 09:20:21Z" end-time="2017-10-25 09:20:21Z" duration="0.000089" asserts="0" /><test-case id="0-1227" name="GetStatistics_SortedByDescendingCount_AfterAdditionOfTwoWordsAndOneMore" fullname="Challenge.Infrastructure.WordsStatisticsO3_Tests.GetStatistics_SortedByDescendingCount_AfterAdditionOfTwoWordsAndOneMore" methodname="GetStatistics_SortedByDescendingCount_AfterAdditionOfTwoWordsAndOneMore" classname="Challenge.WordsStatistics_Tests" runstate="Runnable" seed="1207085646" result="Failed" start-time="2017-10-25 09:20:21Z" end-time="2017-10-25 09:20:21Z" duration="0.001696" asserts="0"><failure><message><![CDATA[Expected collection {(1, abb), (2, abc)} to contain items {(2, abc), (1, abb)} in order, but (1, abb) (index 1) did not appear (in the right order).]]></message><stack-trace><![CDATA[   в FluentAssertions.Execution.LateBoundTestFramework.Throw(String message) в C:\projects\fluentassertions-vf06b\Src\Shared\Execution\LateBoundTestFramework.cs:строка 23
   в FluentAssertions.Execution.TestFrameworkProvider.Throw(String message) в C:\projects\fluentassertions-vf06b\Src\FluentAssertions.Net40\Execution\TestFrameworkProvider.cs:строка 43
   в FluentAssertions.Execution.DefaultAssertionStrategy.HandleFailure(String message) в C:\projects\fluentassertions-vf06b\Src\Core\Execution\DefaultAssertionStrategy.cs:строка 25
   в FluentAssertions.Execution.AssertionScope.FailWith(String message, Object[] args) в C:\projects\fluentassertions-vf06b\Src\Core\Execution\AssertionScope.cs:строка 197
   в FluentAssertions.Collections.CollectionAssertions`2.ContainInOrder(IEnumerable expected, String because, Object[] becauseArgs) в C:\projects\fluentassertions-vf06b\Src\Core\Collections\CollectionAssertions.cs:строка 590
   в FluentAssertions.Collections.CollectionAssertions`2.ContainInOrder(Object[] expected) в C:\projects\fluentassertions-vf06b\Src\Core\Collections\CollectionAssertions.cs:строка 545
   в Challenge.WordsStatistics_Tests.GetStatistics_SortedByDescendingCount_AfterAdditionOfTwoWordsAndOneMore() в C:\Users\Админ\Desktop\Шпора\testing\Challenge\WordsStatistics_Tests.cs:строка 71
]]></stack-trace></failure><assertions><assertion result="Failed"><message><![CDATA[Expected collection {(1, abb), (2, abc)} to contain items {(2, abc), (1, abb)} in order, but (1, abb) (index 1) did not appear (in the right order).]]></message><stack-trace><![CDATA[   в FluentAssertions.Execution.LateBoundTestFramework.Throw(String message) в C:\projects\fluentassertions-vf06b\Src\Shared\Execution\LateBoundTestFramework.cs:строка 23
   в FluentAssertions.Execution.TestFrameworkProvider.Throw(String message) в C:\projects\fluentassertions-vf06b\Src\FluentAssertions.Net40\Execution\TestFrameworkProvider.cs:строка 43
   в FluentAssertions.Execution.DefaultAssertionStrategy.HandleFailure(String message) в C:\projects\fluentassertions-vf06b\Src\Core\Execution\DefaultAssertionStrategy.cs:строка 25
   в FluentAssertions.Execution.AssertionScope.FailWith(String message, Object[] args) в C:\projects\fluentassertions-vf06b\Src\Core\Execution\AssertionScope.cs:строка 197
   в FluentAssertions.Collections.CollectionAssertions`2.ContainInOrder(IEnumerable expected, String because, Object[] becauseArgs) в C:\projects\fluentassertions-vf06b\Src\Core\Collections\CollectionAssertions.cs:строка 590
   в FluentAssertions.Collections.CollectionAssertions`2.ContainInOrder(Object[] expected) в C:\projects\fluentassertions-vf06b\Src\Core\Collections\CollectionAssertions.cs:строка 545
   в Challenge.WordsStatistics_Tests.GetStatistics_SortedByDescendingCount_AfterAdditionOfTwoWordsAndOneMore() в C:\Users\Админ\Desktop\Шпора\testing\Challenge\WordsStatistics_Tests.cs:строка 71
]]></stack-trace></assertion></assertions></test-case><test-case id="0-1238" name="GetStatistics_TImeOut_AfterManyWords" fullname="Challenge.Infrastructure.WordsStatisticsO3_Tests.GetStatistics_TImeOut_AfterManyWords" methodname="GetStatistics_TImeOut_AfterManyWords" classname="Challenge.WordsStatistics_Tests" runstate="Runnable" seed="630217378" result="Passed" start-time="2017-10-25 09:20:21Z" end-time="2017-10-25 09:20:21Z" duration="0.280694" asserts="0"><properties><property name="Timeout" value="1000" /></properties></test-case><test-case id="0-1236" name="GetStatistics_UpperCase_AfterYO" fullname="Challenge.Infrastructure.WordsStatisticsO3_Tests.GetStatistics_UpperCase_AfterYO" methodname="GetStatistics_UpperCase_AfterYO" classname="Challenge.WordsStatistics_Tests" runstate="Runnable" seed="545559698" result="Passed" start-time="2017-10-25 09:20:21Z" end-time="2017-10-25 09:20:21Z" duration="0.000155" asserts="0" /></test-suite></test-suite></test-suite></test-suite></test-run>