<test-run id="2" name="Challenge.exe" fullname="C:\Users\Админ\Desktop\Шпора\testing\Challenge\bin\Debug\Challenge.exe" testcasecount="360" result="Failed" total="17" passed="16" failed="1" inconclusive="0" skipped="0" asserts="0" engine-version="3.7.0.0" clr-version="4.0.30319.42000" start-time="2017-10-25 09:20:19Z" end-time="2017-10-25 09:20:19Z" duration="0.246035"><command-line><![CDATA["C:\Users\Админ\Desktop\Шпора\testing\Challenge\bin\Debug\Challenge.exe" ]]></command-line><filter><test>Challenge.Infrastructure.WordsStatisticsCR_Tests</test></filter><test-suite type="Assembly" id="0-1383" name="Challenge.exe" fullname="C:\Users\Админ\Desktop\Шпора\testing\Challenge\bin\Debug\Challenge.exe" runstate="Runnable" testcasecount="360" result="Failed" site="Child" start-time="2017-10-25 09:20:19Z" end-time="2017-10-25 09:20:19Z" duration="0.228713" total="17" passed="16" failed="1" warnings="0" inconclusive="0" skipped="0" asserts="0"><environment framework-version="3.8.1.0" clr-version="4.0.30319.42000" os-version="Microsoft Windows NT 10.0.15063.0" platform="Win32NT" cwd="C:\Users\Админ\Desktop\Шпора\testing\Challenge\bin\Debug" machine-name="DAGEPOKLAPTOP" user="Админ" user-domain="DAGEPOKLAPTOP" culture="ru-RU" uiculture="ru-RU" os-architecture="x86" /><settings><setting name="ImageRuntimeVersion" value="4.0.30319" /><setting name="ImageTargetFrameworkName" value=".NETFramework,Version=v4.5" /><setting name="ImageRequiresX86" value="True" /><setting name="RunAsX86" value="True" /><setting name="ImageRequiresDefaultAppDomainAssemblyResolver" value="False" /><setting name="RuntimeFramework" value="net-4.0" /><setting name="NumberOfTestWorkers" value="4" /></settings><properties><property name="_PID" value="15988" /><property name="_APPDOMAIN" value="domain-87e06b39-Challenge.exe" /></properties><failure><message><![CDATA[One or more child tests had errors]]></message></failure><test-suite type="TestSuite" id="0-1384" name="Challenge" fullname="Challenge" runstate="Runnable" testcasecount="360" result="Failed" site="Child" start-time="2017-10-25 09:20:19Z" end-time="2017-10-25 09:20:19Z" duration="0.228512" total="17" passed="16" failed="1" warnings="0" inconclusive="0" skipped="0" asserts="0"><failure><message><![CDATA[One or more child tests had errors]]></message></failure><test-suite type="TestSuite" id="0-1385" name="Infrastructure" fullname="Challenge.Infrastructure" runstate="Runnable" testcasecount="343" result="Failed" site="Child" start-time="2017-10-25 09:20:19Z" end-time="2017-10-25 09:20:19Z" duration="0.228056" total="17" passed="16" failed="1" warnings="0" inconclusive="0" skipped="0" asserts="0"><failure><message><![CDATA[One or more child tests had errors]]></message></failure><test-suite type="TestFixture" id="0-1059" name="WordsStatisticsCR_Tests" fullname="Challenge.Infrastructure.WordsStatisticsCR_Tests" classname="Challenge.Infrastructure.WordsStatisticsCR_Tests" runstate="Runnable" testcasecount="17" result="Failed" site="Child" start-time="2017-10-25 09:20:19Z" end-time="2017-10-25 09:20:19Z" duration="0.226367" total="17" passed="16" failed="1" warnings="0" inconclusive="0" skipped="0" asserts="0"><failure><message><![CDATA[One or more child tests had errors]]></message></failure><test-case id="0-1072" name="GetStatisitcs_OrderByDesceding_AfterAlmostSameWordsWithAlmostSameCount" fullname="Challenge.Infrastructure.WordsStatisticsCR_Tests.GetStatisitcs_OrderByDesceding_AfterAlmostSameWordsWithAlmostSameCount" methodname="GetStatisitcs_OrderByDesceding_AfterAlmostSameWordsWithAlmostSameCount" classname="Challenge.WordsStatistics_Tests" runstate="Runnable" seed="1011836924" result="Passed" start-time="2017-10-25 09:20:19Z" end-time="2017-10-25 09:20:19Z" duration="0.002552" asserts="0" /><test-case id="0-1073" name="GetStatistics_AfterGet" fullname="Challenge.Infrastructure.WordsStatisticsCR_Tests.GetStatistics_AfterGet" methodname="GetStatistics_AfterGet" classname="Challenge.WordsStatistics_Tests" runstate="Runnable" seed="35678488" result="Passed" start-time="2017-10-25 09:20:19Z" end-time="2017-10-25 09:20:19Z" duration="0.000239" asserts="0" /><test-case id="0-1061" name="GetStatistics_ContainsItem_AfterAddition" fullname="Challenge.Infrastructure.WordsStatisticsCR_Tests.GetStatistics_ContainsItem_AfterAddition" methodname="GetStatistics_ContainsItem_AfterAddition" classname="Challenge.WordsStatistics_Tests" runstate="Runnable" seed="1052254962" result="Passed" start-time="2017-10-25 09:20:19Z" end-time="2017-10-25 09:20:19Z" duration="0.000355" asserts="0" /><test-case id="0-1069" name="GetStatistics_ContainsItem_AfterAdditionRussionWord" fullname="Challenge.Infrastructure.WordsStatisticsCR_Tests.GetStatistics_ContainsItem_AfterAdditionRussionWord" methodname="GetStatistics_ContainsItem_AfterAdditionRussionWord" classname="Challenge.WordsStatistics_Tests" runstate="Runnable" seed="898794860" result="Passed" start-time="2017-10-25 09:20:19Z" end-time="2017-10-25 09:20:19Z" duration="0.000181" asserts="0" /><test-case id="0-1068" name="GetStatistics_ContainsItem_AfterAdditionWordsWithTenWhiteSpaces" fullname="Challenge.Infrastructure.WordsStatisticsCR_Tests.GetStatistics_ContainsItem_AfterAdditionWordsWithTenWhiteSpaces" methodname="GetStatistics_ContainsItem_AfterAdditionWordsWithTenWhiteSpaces" classname="Challenge.WordsStatistics_Tests" runstate="Runnable" seed="2094040559" result="Passed" start-time="2017-10-25 09:20:19Z" end-time="2017-10-25 09:20:19Z" duration="0.000142" asserts="0" /><test-case id="0-1062" name="GetStatistics_ContainsManyItems_AfterAdditionOfDifferentWords" fullname="Challenge.Infrastructure.WordsStatisticsCR_Tests.GetStatistics_ContainsManyItems_AfterAdditionOfDifferentWords" methodname="GetStatistics_ContainsManyItems_AfterAdditionOfDifferentWords" classname="Challenge.WordsStatistics_Tests" runstate="Runnable" seed="146440929" result="Passed" start-time="2017-10-25 09:20:19Z" end-time="2017-10-25 09:20:19Z" duration="0.000133" asserts="0" /><test-case id="0-1067" name="GetStatistics_ContainsTwoSameItems_AfterAddiotionWordswithSamePrefixDifferentCase" fullname="Challenge.Infrastructure.WordsStatisticsCR_Tests.GetStatistics_ContainsTwoSameItems_AfterAddiotionWordswithSamePrefixDifferentCase" methodname="GetStatistics_ContainsTwoSameItems_AfterAddiotionWordswithSamePrefixDifferentCase" classname="Challenge.WordsStatistics_Tests" runstate="Runnable" seed="175360059" result="Passed" start-time="2017-10-25 09:20:19Z" end-time="2017-10-25 09:20:19Z" duration="0.000135" asserts="0" /><test-case id="0-1063" name="GetStatistics_ContainsTwoSameItems_AfterAdditionOfDifferentWordsWithSamePrefices" fullname="Challenge.Infrastructure.WordsStatisticsCR_Tests.GetStatistics_ContainsTwoSameItems_AfterAdditionOfDifferentWordsWithSamePrefices" methodname="GetStatistics_ContainsTwoSameItems_AfterAdditionOfDifferentWordsWithSamePrefices" classname="Challenge.WordsStatistics_Tests" runstate="Runnable" seed="1760056569" result="Passed" start-time="2017-10-25 09:20:19Z" end-time="2017-10-25 09:20:19Z" duration="0.000205" asserts="0" /><test-case id="0-1064" name="GetStatistics_ContainsTwoSameItems_AfterAdditionOfSameWordsDifferentCase" fullname="Challenge.Infrastructure.WordsStatisticsCR_Tests.GetStatistics_ContainsTwoSameItems_AfterAdditionOfSameWordsDifferentCase" methodname="GetStatistics_ContainsTwoSameItems_AfterAdditionOfSameWordsDifferentCase" classname="Challenge.WordsStatistics_Tests" runstate="Runnable" seed="1004164935" result="Passed" start-time="2017-10-25 09:20:19Z" end-time="2017-10-25 09:20:19Z" duration="0.000105" asserts="0" /><test-case id="0-1070" name="GetStatistics_IsEmpty_AfterAdditionEmptyWord" fullname="Challenge.Infrastructure.WordsStatisticsCR_Tests.GetStatistics_IsEmpty_AfterAdditionEmptyWord" methodname="GetStatistics_IsEmpty_AfterAdditionEmptyWord" classname="Challenge.WordsStatistics_Tests" runstate="Runnable" seed="689733569" result="Passed" start-time="2017-10-25 09:20:19Z" end-time="2017-10-25 09:20:19Z" duration="0.000247" asserts="0" /><test-case id="0-1066" name="GetStatistics_IsEmpty_AfterAdditionWhiteSpaces" fullname="Challenge.Infrastructure.WordsStatisticsCR_Tests.GetStatistics_IsEmpty_AfterAdditionWhiteSpaces" methodname="GetStatistics_IsEmpty_AfterAdditionWhiteSpaces" classname="Challenge.WordsStatistics_Tests" runstate="Runnable" seed="2101978186" result="Failed" start-time="2017-10-25 09:20:19Z" end-time="2017-10-25 09:20:19Z" duration="0.058952" asserts="0"><failure><message><![CDATA[Expected collection to be empty, but found {(1,   )}.]]></message><stack-trace><![CDATA[   в FluentAssertions.Execution.LateBoundTestFramework.Throw(String message) в C:\projects\fluentassertions-vf06b\Src\Shared\Execution\LateBoundTestFramework.cs:строка 23
   в FluentAssertions.Execution.TestFrameworkProvider.Throw(String message) в C:\projects\fluentassertions-vf06b\Src\FluentAssertions.Net40\Execution\TestFrameworkProvider.cs:строка 43
   в FluentAssertions.Execution.DefaultAssertionStrategy.HandleFailure(String message) в C:\projects\fluentassertions-vf06b\Src\Core\Execution\DefaultAssertionStrategy.cs:строка 25
   в FluentAssertions.Execution.AssertionScope.FailWith(String message, Object[] args) в C:\projects\fluentassertions-vf06b\Src\Core\Execution\AssertionScope.cs:строка 197
   в FluentAssertions.Execution.GivenSelector`1.FailWith(String message, Object[] args) в C:\projects\fluentassertions-vf06b\Src\Core\Execution\GivenSelector.cs:строка 122
   в FluentAssertions.Execution.GivenSelector`1.FailWith(String message, Func`2[] args) в C:\projects\fluentassertions-vf06b\Src\Core\Execution\GivenSelector.cs:строка 96
   в FluentAssertions.Collections.CollectionAssertions`2.BeEmpty(String because, Object[] becauseArgs) в C:\projects\fluentassertions-vf06b\Src\Core\Collections\CollectionAssertions.cs:строка 30
   в Challenge.WordsStatistics_Tests.GetStatistics_IsEmpty_AfterAdditionWhiteSpaces() в C:\Users\Админ\Desktop\Шпора\testing\Challenge\WordsStatistics_Tests.cs:строка 78
]]></stack-trace></failure><assertions><assertion result="Failed"><message><![CDATA[Expected collection to be empty, but found {(1,   )}.]]></message><stack-trace><![CDATA[   в FluentAssertions.Execution.LateBoundTestFramework.Throw(String message) в C:\projects\fluentassertions-vf06b\Src\Shared\Execution\LateBoundTestFramework.cs:строка 23
   в FluentAssertions.Execution.TestFrameworkProvider.Throw(String message) в C:\projects\fluentassertions-vf06b\Src\FluentAssertions.Net40\Execution\TestFrameworkProvider.cs:строка 43
   в FluentAssertions.Execution.DefaultAssertionStrategy.HandleFailure(String message) в C:\projects\fluentassertions-vf06b\Src\Core\Execution\DefaultAssertionStrategy.cs:строка 25
   в FluentAssertions.Execution.AssertionScope.FailWith(String message, Object[] args) в C:\projects\fluentassertions-vf06b\Src\Core\Execution\AssertionScope.cs:строка 197
   в FluentAssertions.Execution.GivenSelector`1.FailWith(String message, Object[] args) в C:\projects\fluentassertions-vf06b\Src\Core\Execution\GivenSelector.cs:строка 122
   в FluentAssertions.Execution.GivenSelector`1.FailWith(String message, Func`2[] args) в C:\projects\fluentassertions-vf06b\Src\Core\Execution\GivenSelector.cs:строка 96
   в FluentAssertions.Collections.CollectionAssertions`2.BeEmpty(String because, Object[] becauseArgs) в C:\projects\fluentassertions-vf06b\Src\Core\Collections\CollectionAssertions.cs:строка 30
   в Challenge.WordsStatistics_Tests.GetStatistics_IsEmpty_AfterAdditionWhiteSpaces() в C:\Users\Админ\Desktop\Шпора\testing\Challenge\WordsStatistics_Tests.cs:строка 78
]]></stack-trace></assertion></assertions></test-case><test-case id="0-1060" name="GetStatistics_IsEmpty_AfterCreation" fullname="Challenge.Infrastructure.WordsStatisticsCR_Tests.GetStatistics_IsEmpty_AfterCreation" methodname="GetStatistics_IsEmpty_AfterCreation" classname="Challenge.WordsStatistics_Tests" runstate="Runnable" seed="370546500" result="Passed" start-time="2017-10-25 09:20:19Z" end-time="2017-10-25 09:20:19Z" duration="0.000186" asserts="0" /><test-case id="0-1071" name="GetStatistics_IsEmpty_AfterNoAddiotional" fullname="Challenge.Infrastructure.WordsStatisticsCR_Tests.GetStatistics_IsEmpty_AfterNoAddiotional" methodname="GetStatistics_IsEmpty_AfterNoAddiotional" classname="Challenge.WordsStatistics_Tests" runstate="Runnable" seed="1011029060" result="Passed" start-time="2017-10-25 09:20:19Z" end-time="2017-10-25 09:20:19Z" duration="0.000128" asserts="0" /><test-case id="0-1075" name="GetStatistics_NotEmpty_AfterTowGetCalls" fullname="Challenge.Infrastructure.WordsStatisticsCR_Tests.GetStatistics_NotEmpty_AfterTowGetCalls" methodname="GetStatistics_NotEmpty_AfterTowGetCalls" classname="Challenge.WordsStatistics_Tests" runstate="Runnable" seed="1372389378" result="Passed" start-time="2017-10-25 09:20:19Z" end-time="2017-10-25 09:20:19Z" duration="0.000085" asserts="0" /><test-case id="0-1065" name="GetStatistics_SortedByDescendingCount_AfterAdditionOfTwoWordsAndOneMore" fullname="Challenge.Infrastructure.WordsStatisticsCR_Tests.GetStatistics_SortedByDescendingCount_AfterAdditionOfTwoWordsAndOneMore" methodname="GetStatistics_SortedByDescendingCount_AfterAdditionOfTwoWordsAndOneMore" classname="Challenge.WordsStatistics_Tests" runstate="Runnable" seed="807984672" result="Passed" start-time="2017-10-25 09:20:19Z" end-time="2017-10-25 09:20:19Z" duration="0.000091" asserts="0" /><test-case id="0-1076" name="GetStatistics_TImeOut_AfterManyWords" fullname="Challenge.Infrastructure.WordsStatisticsCR_Tests.GetStatistics_TImeOut_AfterManyWords" methodname="GetStatistics_TImeOut_AfterManyWords" classname="Challenge.WordsStatistics_Tests" runstate="Runnable" seed="284223295" result="Passed" start-time="2017-10-25 09:20:19Z" end-time="2017-10-25 09:20:19Z" duration="0.142586" asserts="0"><properties><property name="Timeout" value="1000" /></properties></test-case><test-case id="0-1074" name="GetStatistics_UpperCase_AfterYO" fullname="Challenge.Infrastructure.WordsStatisticsCR_Tests.GetStatistics_UpperCase_AfterYO" methodname="GetStatistics_UpperCase_AfterYO" classname="Challenge.WordsStatistics_Tests" runstate="Runnable" seed="1006799678" result="Passed" start-time="2017-10-25 09:20:19Z" end-time="2017-10-25 09:20:19Z" duration="0.000181" asserts="0" /></test-suite></test-suite></test-suite></test-suite></test-run>