<test-run id="2" name="Challenge.exe" fullname="C:\Users\Админ\Desktop\Шпора\testing\Challenge\bin\Debug\Challenge.exe" testcasecount="360" result="Failed" total="17" passed="16" failed="1" inconclusive="0" skipped="0" asserts="0" engine-version="3.7.0.0" clr-version="4.0.30319.42000" start-time="2017-10-25 09:20:19Z" end-time="2017-10-25 09:20:19Z" duration="0.233288"><command-line><![CDATA["C:\Users\Админ\Desktop\Шпора\testing\Challenge\bin\Debug\Challenge.exe" ]]></command-line><filter><test>Challenge.Infrastructure.WordsStatisticsE3_Tests</test></filter><test-suite type="Assembly" id="0-1383" name="Challenge.exe" fullname="C:\Users\Админ\Desktop\Шпора\testing\Challenge\bin\Debug\Challenge.exe" runstate="Runnable" testcasecount="360" result="Failed" site="Child" start-time="2017-10-25 09:20:19Z" end-time="2017-10-25 09:20:19Z" duration="0.213416" total="17" passed="16" failed="1" warnings="0" inconclusive="0" skipped="0" asserts="0"><environment framework-version="3.8.1.0" clr-version="4.0.30319.42000" os-version="Microsoft Windows NT 10.0.15063.0" platform="Win32NT" cwd="C:\Users\Админ\Desktop\Шпора\testing\Challenge\bin\Debug" machine-name="DAGEPOKLAPTOP" user="Админ" user-domain="DAGEPOKLAPTOP" culture="ru-RU" uiculture="ru-RU" os-architecture="x86" /><settings><setting name="ImageRuntimeVersion" value="4.0.30319" /><setting name="ImageTargetFrameworkName" value=".NETFramework,Version=v4.5" /><setting name="ImageRequiresX86" value="True" /><setting name="RunAsX86" value="True" /><setting name="ImageRequiresDefaultAppDomainAssemblyResolver" value="False" /><setting name="RuntimeFramework" value="net-4.0" /><setting name="NumberOfTestWorkers" value="4" /></settings><properties><property name="_PID" value="15988" /><property name="_APPDOMAIN" value="domain-87e06b39-Challenge.exe" /></properties><failure><message><![CDATA[One or more child tests had errors]]></message></failure><test-suite type="TestSuite" id="0-1384" name="Challenge" fullname="Challenge" runstate="Runnable" testcasecount="360" result="Failed" site="Child" start-time="2017-10-25 09:20:19Z" end-time="2017-10-25 09:20:19Z" duration="0.213269" total="17" passed="16" failed="1" warnings="0" inconclusive="0" skipped="0" asserts="0"><failure><message><![CDATA[One or more child tests had errors]]></message></failure><test-suite type="TestSuite" id="0-1385" name="Infrastructure" fullname="Challenge.Infrastructure" runstate="Runnable" testcasecount="343" result="Failed" site="Child" start-time="2017-10-25 09:20:19Z" end-time="2017-10-25 09:20:19Z" duration="0.212115" total="17" passed="16" failed="1" warnings="0" inconclusive="0" skipped="0" asserts="0"><failure><message><![CDATA[One or more child tests had errors]]></message></failure><test-suite type="TestFixture" id="0-1095" name="WordsStatisticsE3_Tests" fullname="Challenge.Infrastructure.WordsStatisticsE3_Tests" classname="Challenge.Infrastructure.WordsStatisticsE3_Tests" runstate="Runnable" testcasecount="17" result="Failed" site="Child" start-time="2017-10-25 09:20:19Z" end-time="2017-10-25 09:20:19Z" duration="0.211727" total="17" passed="16" failed="1" warnings="0" inconclusive="0" skipped="0" asserts="0"><failure><message><![CDATA[One or more child tests had errors]]></message></failure><test-case id="0-1108" name="GetStatisitcs_OrderByDesceding_AfterAlmostSameWordsWithAlmostSameCount" fullname="Challenge.Infrastructure.WordsStatisticsE3_Tests.GetStatisitcs_OrderByDesceding_AfterAlmostSameWordsWithAlmostSameCount" methodname="GetStatisitcs_OrderByDesceding_AfterAlmostSameWordsWithAlmostSameCount" classname="Challenge.WordsStatistics_Tests" runstate="Runnable" seed="475253508" result="Passed" start-time="2017-10-25 09:20:19Z" end-time="2017-10-25 09:20:19Z" duration="0.000611" asserts="0" /><test-case id="0-1109" name="GetStatistics_AfterGet" fullname="Challenge.Infrastructure.WordsStatisticsE3_Tests.GetStatistics_AfterGet" methodname="GetStatistics_AfterGet" classname="Challenge.WordsStatistics_Tests" runstate="Runnable" seed="2025829047" result="Passed" start-time="2017-10-25 09:20:19Z" end-time="2017-10-25 09:20:19Z" duration="0.000097" asserts="0" /><test-case id="0-1097" name="GetStatistics_ContainsItem_AfterAddition" fullname="Challenge.Infrastructure.WordsStatisticsE3_Tests.GetStatistics_ContainsItem_AfterAddition" methodname="GetStatistics_ContainsItem_AfterAddition" classname="Challenge.WordsStatistics_Tests" runstate="Runnable" seed="631982271" result="Passed" start-time="2017-10-25 09:20:19Z" end-time="2017-10-25 09:20:19Z" duration="0.000136" asserts="0" /><test-case id="0-1105" name="GetStatistics_ContainsItem_AfterAdditionRussionWord" fullname="Challenge.Infrastructure.WordsStatisticsE3_Tests.GetStatistics_ContainsItem_AfterAdditionRussionWord" methodname="GetStatistics_ContainsItem_AfterAdditionRussionWord" classname="Challenge.WordsStatistics_Tests" runstate="Runnable" seed="1123524872" result="Passed" start-time="2017-10-25 09:20:19Z" end-time="2017-10-25 09:20:19Z" duration="0.000056" asserts="0" /><test-case id="0-1104" name="GetStatistics_ContainsItem_AfterAdditionWordsWithTenWhiteSpaces" fullname="Challenge.Infrastructure.WordsStatisticsE3_Tests.GetStatistics_ContainsItem_AfterAdditionWordsWithTenWhiteSpaces" methodname="GetStatistics_ContainsItem_AfterAdditionWordsWithTenWhiteSpaces" classname="Challenge.WordsStatistics_Tests" runstate="Runnable" seed="863749802" result="Failed" start-time="2017-10-25 09:20:19Z" end-time="2017-10-25 09:20:19Z" duration="0.001541" asserts="0"><failure><message><![CDATA[Expected collection {empty} to contain (1,           ).]]></message><stack-trace><![CDATA[   в FluentAssertions.Execution.LateBoundTestFramework.Throw(String message) в C:\projects\fluentassertions-vf06b\Src\Shared\Execution\LateBoundTestFramework.cs:строка 23
   в FluentAssertions.Execution.TestFrameworkProvider.Throw(String message) в C:\projects\fluentassertions-vf06b\Src\FluentAssertions.Net40\Execution\TestFrameworkProvider.cs:строка 43
   в FluentAssertions.Execution.DefaultAssertionStrategy.HandleFailure(String message) в C:\projects\fluentassertions-vf06b\Src\Core\Execution\DefaultAssertionStrategy.cs:строка 25
   в FluentAssertions.Execution.AssertionScope.FailWith(String message, Object[] args) в C:\projects\fluentassertions-vf06b\Src\Core\Execution\AssertionScope.cs:строка 197
   в FluentAssertions.Collections.SelfReferencingCollectionAssertions`2.Contain(T expected, String because, Object[] becauseArgs) в C:\projects\fluentassertions-vf06b\Src\Core\Collections\SelfReferencingCollectionAssertions.cs:строка 262
   в Challenge.WordsStatistics_Tests.GetStatistics_ContainsItem_AfterAdditionWordsWithTenWhiteSpaces() в C:\Users\Админ\Desktop\Шпора\testing\Challenge\WordsStatistics_Tests.cs:строка 93
]]></stack-trace></failure><assertions><assertion result="Failed"><message><![CDATA[Expected collection {empty} to contain (1,           ).]]></message><stack-trace><![CDATA[   в FluentAssertions.Execution.LateBoundTestFramework.Throw(String message) в C:\projects\fluentassertions-vf06b\Src\Shared\Execution\LateBoundTestFramework.cs:строка 23
   в FluentAssertions.Execution.TestFrameworkProvider.Throw(String message) в C:\projects\fluentassertions-vf06b\Src\FluentAssertions.Net40\Execution\TestFrameworkProvider.cs:строка 43
   в FluentAssertions.Execution.DefaultAssertionStrategy.HandleFailure(String message) в C:\projects\fluentassertions-vf06b\Src\Core\Execution\DefaultAssertionStrategy.cs:строка 25
   в FluentAssertions.Execution.AssertionScope.FailWith(String message, Object[] args) в C:\projects\fluentassertions-vf06b\Src\Core\Execution\AssertionScope.cs:строка 197
   в FluentAssertions.Collections.SelfReferencingCollectionAssertions`2.Contain(T expected, String because, Object[] becauseArgs) в C:\projects\fluentassertions-vf06b\Src\Core\Collections\SelfReferencingCollectionAssertions.cs:строка 262
   в Challenge.WordsStatistics_Tests.GetStatistics_ContainsItem_AfterAdditionWordsWithTenWhiteSpaces() в C:\Users\Админ\Desktop\Шпора\testing\Challenge\WordsStatistics_Tests.cs:строка 93
]]></stack-trace></assertion></assertions></test-case><test-case id="0-1098" name="GetStatistics_ContainsManyItems_AfterAdditionOfDifferentWords" fullname="Challenge.Infrastructure.WordsStatisticsE3_Tests.GetStatistics_ContainsManyItems_AfterAdditionOfDifferentWords" methodname="GetStatistics_ContainsManyItems_AfterAdditionOfDifferentWords" classname="Challenge.WordsStatistics_Tests" runstate="Runnable" seed="766497912" result="Passed" start-time="2017-10-25 09:20:19Z" end-time="2017-10-25 09:20:19Z" duration="0.000140" asserts="0" /><test-case id="0-1103" name="GetStatistics_ContainsTwoSameItems_AfterAddiotionWordswithSamePrefixDifferentCase" fullname="Challenge.Infrastructure.WordsStatisticsE3_Tests.GetStatistics_ContainsTwoSameItems_AfterAddiotionWordswithSamePrefixDifferentCase" methodname="GetStatistics_ContainsTwoSameItems_AfterAddiotionWordswithSamePrefixDifferentCase" classname="Challenge.WordsStatistics_Tests" runstate="Runnable" seed="1539551117" result="Passed" start-time="2017-10-25 09:20:19Z" end-time="2017-10-25 09:20:19Z" duration="0.000094" asserts="0" /><test-case id="0-1099" name="GetStatistics_ContainsTwoSameItems_AfterAdditionOfDifferentWordsWithSamePrefices" fullname="Challenge.Infrastructure.WordsStatisticsE3_Tests.GetStatistics_ContainsTwoSameItems_AfterAdditionOfDifferentWordsWithSamePrefices" methodname="GetStatistics_ContainsTwoSameItems_AfterAdditionOfDifferentWordsWithSamePrefices" classname="Challenge.WordsStatistics_Tests" runstate="Runnable" seed="389567404" result="Passed" start-time="2017-10-25 09:20:19Z" end-time="2017-10-25 09:20:19Z" duration="0.000086" asserts="0" /><test-case id="0-1100" name="GetStatistics_ContainsTwoSameItems_AfterAdditionOfSameWordsDifferentCase" fullname="Challenge.Infrastructure.WordsStatisticsE3_Tests.GetStatistics_ContainsTwoSameItems_AfterAdditionOfSameWordsDifferentCase" methodname="GetStatistics_ContainsTwoSameItems_AfterAdditionOfSameWordsDifferentCase" classname="Challenge.WordsStatistics_Tests" runstate="Runnable" seed="1184151677" result="Passed" start-time="2017-10-25 09:20:19Z" end-time="2017-10-25 09:20:19Z" duration="0.000075" asserts="0" /><test-case id="0-1106" name="GetStatistics_IsEmpty_AfterAdditionEmptyWord" fullname="Challenge.Infrastructure.WordsStatisticsE3_Tests.GetStatistics_IsEmpty_AfterAdditionEmptyWord" methodname="GetStatistics_IsEmpty_AfterAdditionEmptyWord" classname="Challenge.WordsStatistics_Tests" runstate="Runnable" seed="43541130" result="Passed" start-time="2017-10-25 09:20:19Z" end-time="2017-10-25 09:20:19Z" duration="0.000140" asserts="0" /><test-case id="0-1102" name="GetStatistics_IsEmpty_AfterAdditionWhiteSpaces" fullname="Challenge.Infrastructure.WordsStatisticsE3_Tests.GetStatistics_IsEmpty_AfterAdditionWhiteSpaces" methodname="GetStatistics_IsEmpty_AfterAdditionWhiteSpaces" classname="Challenge.WordsStatistics_Tests" runstate="Runnable" seed="133210250" result="Passed" start-time="2017-10-25 09:20:19Z" end-time="2017-10-25 09:20:19Z" duration="0.000132" asserts="0" /><test-case id="0-1096" name="GetStatistics_IsEmpty_AfterCreation" fullname="Challenge.Infrastructure.WordsStatisticsE3_Tests.GetStatistics_IsEmpty_AfterCreation" methodname="GetStatistics_IsEmpty_AfterCreation" classname="Challenge.WordsStatistics_Tests" runstate="Runnable" seed="34464854" result="Passed" start-time="2017-10-25 09:20:19Z" end-time="2017-10-25 09:20:19Z" duration="0.000097" asserts="0" /><test-case id="0-1107" name="GetStatistics_IsEmpty_AfterNoAddiotional" fullname="Challenge.Infrastructure.WordsStatisticsE3_Tests.GetStatistics_IsEmpty_AfterNoAddiotional" methodname="GetStatistics_IsEmpty_AfterNoAddiotional" classname="Challenge.WordsStatistics_Tests" runstate="Runnable" seed="1887487065" result="Passed" start-time="2017-10-25 09:20:19Z" end-time="2017-10-25 09:20:19Z" duration="0.000125" asserts="0" /><test-case id="0-1111" name="GetStatistics_NotEmpty_AfterTowGetCalls" fullname="Challenge.Infrastructure.WordsStatisticsE3_Tests.GetStatistics_NotEmpty_AfterTowGetCalls" methodname="GetStatistics_NotEmpty_AfterTowGetCalls" classname="Challenge.WordsStatistics_Tests" runstate="Runnable" seed="324478155" result="Passed" start-time="2017-10-25 09:20:19Z" end-time="2017-10-25 09:20:19Z" duration="0.000086" asserts="0" /><test-case id="0-1101" name="GetStatistics_SortedByDescendingCount_AfterAdditionOfTwoWordsAndOneMore" fullname="Challenge.Infrastructure.WordsStatisticsE3_Tests.GetStatistics_SortedByDescendingCount_AfterAdditionOfTwoWordsAndOneMore" methodname="GetStatistics_SortedByDescendingCount_AfterAdditionOfTwoWordsAndOneMore" classname="Challenge.WordsStatistics_Tests" runstate="Runnable" seed="1819510955" result="Passed" start-time="2017-10-25 09:20:19Z" end-time="2017-10-25 09:20:19Z" duration="0.000088" asserts="0" /><test-case id="0-1112" name="GetStatistics_TImeOut_AfterManyWords" fullname="Challenge.Infrastructure.WordsStatisticsE3_Tests.GetStatistics_TImeOut_AfterManyWords" methodname="GetStatistics_TImeOut_AfterManyWords" classname="Challenge.WordsStatistics_Tests" runstate="Runnable" seed="1534417" result="Passed" start-time="2017-10-25 09:20:19Z" end-time="2017-10-25 09:20:19Z" duration="0.207553" asserts="0"><properties><property name="Timeout" value="1000" /></properties></test-case><test-case id="0-1110" name="GetStatistics_UpperCase_AfterYO" fullname="Challenge.Infrastructure.WordsStatisticsE3_Tests.GetStatistics_UpperCase_AfterYO" methodname="GetStatistics_UpperCase_AfterYO" classname="Challenge.WordsStatistics_Tests" runstate="Runnable" seed="279147500" result="Passed" start-time="2017-10-25 09:20:19Z" end-time="2017-10-25 09:20:19Z" duration="0.000170" asserts="0" /></test-suite></test-suite></test-suite></test-suite></test-run>