<test-run id="2" name="Challenge.exe" fullname="C:\Users\Админ\Desktop\Шпора\testing\Challenge\bin\Debug\Challenge.exe" testcasecount="360" result="Passed" total="17" passed="17" failed="0" inconclusive="0" skipped="0" asserts="0" engine-version="3.7.0.0" clr-version="4.0.30319.42000" start-time="2017-10-19 08:15:28Z" end-time="2017-10-19 08:15:28Z" duration="0.209522"><command-line><![CDATA["C:\Users\Админ\Desktop\Шпора\testing\Challenge\bin\Debug\Challenge.exe"   ]]></command-line><filter><test>Challenge.Infrastructure.WordsStatistics_EN2_Tests</test></filter><test-suite type="Assembly" id="0-1383" name="Challenge.exe" fullname="C:\Users\Админ\Desktop\Шпора\testing\Challenge\bin\Debug\Challenge.exe" runstate="Runnable" testcasecount="360" result="Passed" start-time="2017-10-19 08:15:28Z" end-time="2017-10-19 08:15:28Z" duration="0.185985" total="17" passed="17" failed="0" warnings="0" inconclusive="0" skipped="0" asserts="0"><environment framework-version="3.8.1.0" clr-version="4.0.30319.42000" os-version="Microsoft Windows NT 10.0.15063.0" platform="Win32NT" cwd="C:\Users\Админ\Desktop\Шпора\testing\Challenge\bin\Debug" machine-name="DAGEPOKLAPTOP" user="Админ" user-domain="DAGEPOKLAPTOP" culture="ru-RU" uiculture="ru-RU" os-architecture="x86" /><settings><setting name="ImageRuntimeVersion" value="4.0.30319" /><setting name="ImageTargetFrameworkName" value=".NETFramework,Version=v4.5" /><setting name="ImageRequiresX86" value="True" /><setting name="RunAsX86" value="True" /><setting name="ImageRequiresDefaultAppDomainAssemblyResolver" value="False" /><setting name="RuntimeFramework" value="net-4.0" /><setting name="NumberOfTestWorkers" value="4" /></settings><properties><property name="_PID" value="1472" /><property name="_APPDOMAIN" value="domain-87e06b39-Challenge.exe" /></properties><test-suite type="TestSuite" id="0-1384" name="Challenge" fullname="Challenge" runstate="Runnable" testcasecount="360" result="Passed" start-time="2017-10-19 08:15:28Z" end-time="2017-10-19 08:15:28Z" duration="0.185902" total="17" passed="17" failed="0" warnings="0" inconclusive="0" skipped="0" asserts="0"><test-suite type="TestSuite" id="0-1385" name="Infrastructure" fullname="Challenge.Infrastructure" runstate="Runnable" testcasecount="343" result="Passed" start-time="2017-10-19 08:15:28Z" end-time="2017-10-19 08:15:28Z" duration="0.185545" total="17" passed="17" failed="0" warnings="0" inconclusive="0" skipped="0" asserts="0"><test-suite type="TestFixture" id="0-1329" name="WordsStatistics_EN2_Tests" fullname="Challenge.Infrastructure.WordsStatistics_EN2_Tests" classname="Challenge.Infrastructure.WordsStatistics_EN2_Tests" runstate="Runnable" testcasecount="17" result="Passed" start-time="2017-10-19 08:15:28Z" end-time="2017-10-19 08:15:28Z" duration="0.184874" total="17" passed="17" failed="0" warnings="0" inconclusive="0" skipped="0" asserts="0"><test-case id="0-1342" name="GetStatisitcs_OrderByDesceding_AfterAlmostSameWordsWithAlmostSameCount" fullname="Challenge.Infrastructure.WordsStatistics_EN2_Tests.GetStatisitcs_OrderByDesceding_AfterAlmostSameWordsWithAlmostSameCount" methodname="GetStatisitcs_OrderByDesceding_AfterAlmostSameWordsWithAlmostSameCount" classname="Challenge.WordsStatistics_Tests" runstate="Runnable" seed="1186950945" result="Passed" start-time="2017-10-19 08:15:28Z" end-time="2017-10-19 08:15:28Z" duration="0.000714" asserts="0" /><test-case id="0-1343" name="GetStatistics_AfterGet" fullname="Challenge.Infrastructure.WordsStatistics_EN2_Tests.GetStatistics_AfterGet" methodname="GetStatistics_AfterGet" classname="Challenge.WordsStatistics_Tests" runstate="Runnable" seed="408838491" result="Passed" start-time="2017-10-19 08:15:28Z" end-time="2017-10-19 08:15:28Z" duration="0.000168" asserts="0" /><test-case id="0-1331" name="GetStatistics_ContainsItem_AfterAddition" fullname="Challenge.Infrastructure.WordsStatistics_EN2_Tests.GetStatistics_ContainsItem_AfterAddition" methodname="GetStatistics_ContainsItem_AfterAddition" classname="Challenge.WordsStatistics_Tests" runstate="Runnable" seed="984534963" result="Passed" start-time="2017-10-19 08:15:28Z" end-time="2017-10-19 08:15:28Z" duration="0.000211" asserts="0" /><test-case id="0-1339" name="GetStatistics_ContainsItem_AfterAdditionRussionWord" fullname="Challenge.Infrastructure.WordsStatistics_EN2_Tests.GetStatistics_ContainsItem_AfterAdditionRussionWord" methodname="GetStatistics_ContainsItem_AfterAdditionRussionWord" classname="Challenge.WordsStatistics_Tests" runstate="Runnable" seed="475798277" result="Passed" start-time="2017-10-19 08:15:28Z" end-time="2017-10-19 08:15:28Z" duration="0.000153" asserts="0" /><test-case id="0-1338" name="GetStatistics_ContainsItem_AfterAdditionWordsWithTenWhiteSpaces" fullname="Challenge.Infrastructure.WordsStatistics_EN2_Tests.GetStatistics_ContainsItem_AfterAdditionWordsWithTenWhiteSpaces" methodname="GetStatistics_ContainsItem_AfterAdditionWordsWithTenWhiteSpaces" classname="Challenge.WordsStatistics_Tests" runstate="Runnable" seed="1934545060" result="Passed" start-time="2017-10-19 08:15:28Z" end-time="2017-10-19 08:15:28Z" duration="0.000090" asserts="0" /><test-case id="0-1332" name="GetStatistics_ContainsManyItems_AfterAdditionOfDifferentWords" fullname="Challenge.Infrastructure.WordsStatistics_EN2_Tests.GetStatistics_ContainsManyItems_AfterAdditionOfDifferentWords" methodname="GetStatistics_ContainsManyItems_AfterAdditionOfDifferentWords" classname="Challenge.WordsStatistics_Tests" runstate="Runnable" seed="795642377" result="Passed" start-time="2017-10-19 08:15:28Z" end-time="2017-10-19 08:15:28Z" duration="0.000087" asserts="0" /><test-case id="0-1337" name="GetStatistics_ContainsTwoSameItems_AfterAddiotionWordswithSamePrefixDifferentCase" fullname="Challenge.Infrastructure.WordsStatistics_EN2_Tests.GetStatistics_ContainsTwoSameItems_AfterAddiotionWordswithSamePrefixDifferentCase" methodname="GetStatistics_ContainsTwoSameItems_AfterAddiotionWordswithSamePrefixDifferentCase" classname="Challenge.WordsStatistics_Tests" runstate="Runnable" seed="1219227415" result="Passed" start-time="2017-10-19 08:15:28Z" end-time="2017-10-19 08:15:28Z" duration="0.000083" asserts="0" /><test-case id="0-1333" name="GetStatistics_ContainsTwoSameItems_AfterAdditionOfDifferentWordsWithSamePrefices" fullname="Challenge.Infrastructure.WordsStatistics_EN2_Tests.GetStatistics_ContainsTwoSameItems_AfterAdditionOfDifferentWordsWithSamePrefices" methodname="GetStatistics_ContainsTwoSameItems_AfterAdditionOfDifferentWordsWithSamePrefices" classname="Challenge.WordsStatistics_Tests" runstate="Runnable" seed="1540793364" result="Passed" start-time="2017-10-19 08:15:28Z" end-time="2017-10-19 08:15:28Z" duration="0.000161" asserts="0" /><test-case id="0-1334" name="GetStatistics_ContainsTwoSameItems_AfterAdditionOfSameWordsDifferentCase" fullname="Challenge.Infrastructure.WordsStatistics_EN2_Tests.GetStatistics_ContainsTwoSameItems_AfterAdditionOfSameWordsDifferentCase" methodname="GetStatistics_ContainsTwoSameItems_AfterAdditionOfSameWordsDifferentCase" classname="Challenge.WordsStatistics_Tests" runstate="Runnable" seed="1905589284" result="Passed" start-time="2017-10-19 08:15:28Z" end-time="2017-10-19 08:15:28Z" duration="0.000106" asserts="0" /><test-case id="0-1340" name="GetStatistics_IsEmpty_AfterAdditionEmptyWord" fullname="Challenge.Infrastructure.WordsStatistics_EN2_Tests.GetStatistics_IsEmpty_AfterAdditionEmptyWord" methodname="GetStatistics_IsEmpty_AfterAdditionEmptyWord" classname="Challenge.WordsStatistics_Tests" runstate="Runnable" seed="1086030250" result="Passed" start-time="2017-10-19 08:15:28Z" end-time="2017-10-19 08:15:28Z" duration="0.000152" asserts="0" /><test-case id="0-1336" name="GetStatistics_IsEmpty_AfterAdditionWhiteSpaces" fullname="Challenge.Infrastructure.WordsStatistics_EN2_Tests.GetStatistics_IsEmpty_AfterAdditionWhiteSpaces" methodname="GetStatistics_IsEmpty_AfterAdditionWhiteSpaces" classname="Challenge.WordsStatistics_Tests" runstate="Runnable" seed="1399291447" result="Passed" start-time="2017-10-19 08:15:28Z" end-time="2017-10-19 08:15:28Z" duration="0.000136" asserts="0" /><test-case id="0-1330" name="GetStatistics_IsEmpty_AfterCreation" fullname="Challenge.Infrastructure.WordsStatistics_EN2_Tests.GetStatistics_IsEmpty_AfterCreation" methodname="GetStatistics_IsEmpty_AfterCreation" classname="Challenge.WordsStatistics_Tests" runstate="Runnable" seed="1320558191" result="Passed" start-time="2017-10-19 08:15:28Z" end-time="2017-10-19 08:15:28Z" duration="0.000120" asserts="0" /><test-case id="0-1341" name="GetStatistics_IsEmpty_AfterNoAddiotional" fullname="Challenge.Infrastructure.WordsStatistics_EN2_Tests.GetStatistics_IsEmpty_AfterNoAddiotional" methodname="GetStatistics_IsEmpty_AfterNoAddiotional" classname="Challenge.WordsStatistics_Tests" runstate="Runnable" seed="1992684244" result="Passed" start-time="2017-10-19 08:15:28Z" end-time="2017-10-19 08:15:28Z" duration="0.000114" asserts="0" /><test-case id="0-1345" name="GetStatistics_NotEmpty_AfterTowGetCalls" fullname="Challenge.Infrastructure.WordsStatistics_EN2_Tests.GetStatistics_NotEmpty_AfterTowGetCalls" methodname="GetStatistics_NotEmpty_AfterTowGetCalls" classname="Challenge.WordsStatistics_Tests" runstate="Runnable" seed="1506656232" result="Passed" start-time="2017-10-19 08:15:28Z" end-time="2017-10-19 08:15:28Z" duration="0.000087" asserts="0" /><test-case id="0-1335" name="GetStatistics_SortedByDescendingCount_AfterAdditionOfTwoWordsAndOneMore" fullname="Challenge.Infrastructure.WordsStatistics_EN2_Tests.GetStatistics_SortedByDescendingCount_AfterAdditionOfTwoWordsAndOneMore" methodname="GetStatistics_SortedByDescendingCount_AfterAdditionOfTwoWordsAndOneMore" classname="Challenge.WordsStatistics_Tests" runstate="Runnable" seed="1350240381" result="Passed" start-time="2017-10-19 08:15:28Z" end-time="2017-10-19 08:15:28Z" duration="0.000291" asserts="0" /><test-case id="0-1346" name="GetStatistics_TImeOut_AfterManyWords" fullname="Challenge.Infrastructure.WordsStatistics_EN2_Tests.GetStatistics_TImeOut_AfterManyWords" methodname="GetStatistics_TImeOut_AfterManyWords" classname="Challenge.WordsStatistics_Tests" runstate="Runnable" seed="1200947626" result="Passed" start-time="2017-10-19 08:15:28Z" end-time="2017-10-19 08:15:28Z" duration="0.181435" asserts="0"><properties><property name="Timeout" value="1000" /></properties></test-case><test-case id="0-1344" name="GetStatistics_UpperCase_AfterYO" fullname="Challenge.Infrastructure.WordsStatistics_EN2_Tests.GetStatistics_UpperCase_AfterYO" methodname="GetStatistics_UpperCase_AfterYO" classname="Challenge.WordsStatistics_Tests" runstate="Runnable" seed="348065718" result="Passed" start-time="2017-10-19 08:15:28Z" end-time="2017-10-19 08:15:28Z" duration="0.000153" asserts="0" /></test-suite></test-suite></test-suite></test-suite></test-run>