<test-run id="2" name="Challenge.exe" fullname="C:\Users\Админ\Desktop\Шпора\testing\Challenge\bin\Debug\Challenge.exe" testcasecount="360" result="Passed" total="17" passed="17" failed="0" inconclusive="0" skipped="0" asserts="0" engine-version="3.7.0.0" clr-version="4.0.30319.42000" start-time="2017-10-25 09:20:20Z" end-time="2017-10-25 09:20:20Z" duration="0.261603"><command-line><![CDATA["C:\Users\Админ\Desktop\Шпора\testing\Challenge\bin\Debug\Challenge.exe" ]]></command-line><filter><test>Challenge.Infrastructure.WordsStatisticsL4_Tests</test></filter><test-suite type="Assembly" id="0-1383" name="Challenge.exe" fullname="C:\Users\Админ\Desktop\Шпора\testing\Challenge\bin\Debug\Challenge.exe" runstate="Runnable" testcasecount="360" result="Passed" start-time="2017-10-25 09:20:20Z" end-time="2017-10-25 09:20:20Z" duration="0.242313" total="17" passed="17" failed="0" warnings="0" inconclusive="0" skipped="0" asserts="0"><environment framework-version="3.8.1.0" clr-version="4.0.30319.42000" os-version="Microsoft Windows NT 10.0.15063.0" platform="Win32NT" cwd="C:\Users\Админ\Desktop\Шпора\testing\Challenge\bin\Debug" machine-name="DAGEPOKLAPTOP" user="Админ" user-domain="DAGEPOKLAPTOP" culture="ru-RU" uiculture="ru-RU" os-architecture="x86" /><settings><setting name="ImageRuntimeVersion" value="4.0.30319" /><setting name="ImageTargetFrameworkName" value=".NETFramework,Version=v4.5" /><setting name="ImageRequiresX86" value="True" /><setting name="RunAsX86" value="True" /><setting name="ImageRequiresDefaultAppDomainAssemblyResolver" value="False" /><setting name="RuntimeFramework" value="net-4.0" /><setting name="NumberOfTestWorkers" value="4" /></settings><properties><property name="_PID" value="15988" /><property name="_APPDOMAIN" value="domain-87e06b39-Challenge.exe" /></properties><test-suite type="TestSuite" id="0-1384" name="Challenge" fullname="Challenge" runstate="Runnable" testcasecount="360" result="Passed" start-time="2017-10-25 09:20:20Z" end-time="2017-10-25 09:20:20Z" duration="0.242215" total="17" passed="17" failed="0" warnings="0" inconclusive="0" skipped="0" asserts="0"><test-suite type="TestSuite" id="0-1385" name="Infrastructure" fullname="Challenge.Infrastructure" runstate="Runnable" testcasecount="343" result="Passed" start-time="2017-10-25 09:20:20Z" end-time="2017-10-25 09:20:20Z" duration="0.242195" total="17" passed="17" failed="0" warnings="0" inconclusive="0" skipped="0" asserts="0"><test-suite type="TestFixture" id="0-1167" name="WordsStatisticsL4_Tests" fullname="Challenge.Infrastructure.WordsStatisticsL4_Tests" classname="Challenge.Infrastructure.WordsStatisticsL4_Tests" runstate="Runnable" testcasecount="17" result="Passed" start-time="2017-10-25 09:20:20Z" end-time="2017-10-25 09:20:20Z" duration="0.241866" total="17" passed="17" failed="0" warnings="0" inconclusive="0" skipped="0" asserts="0"><test-case id="0-1180" name="GetStatisitcs_OrderByDesceding_AfterAlmostSameWordsWithAlmostSameCount" fullname="Challenge.Infrastructure.WordsStatisticsL4_Tests.GetStatisitcs_OrderByDesceding_AfterAlmostSameWordsWithAlmostSameCount" methodname="GetStatisitcs_OrderByDesceding_AfterAlmostSameWordsWithAlmostSameCount" classname="Challenge.WordsStatistics_Tests" runstate="Runnable" seed="2081725579" result="Passed" start-time="2017-10-25 09:20:20Z" end-time="2017-10-25 09:20:20Z" duration="0.000680" asserts="0" /><test-case id="0-1181" name="GetStatistics_AfterGet" fullname="Challenge.Infrastructure.WordsStatisticsL4_Tests.GetStatistics_AfterGet" methodname="GetStatistics_AfterGet" classname="Challenge.WordsStatistics_Tests" runstate="Runnable" seed="1654525666" result="Passed" start-time="2017-10-25 09:20:20Z" end-time="2017-10-25 09:20:20Z" duration="0.000138" asserts="0" /><test-case id="0-1169" name="GetStatistics_ContainsItem_AfterAddition" fullname="Challenge.Infrastructure.WordsStatisticsL4_Tests.GetStatistics_ContainsItem_AfterAddition" methodname="GetStatistics_ContainsItem_AfterAddition" classname="Challenge.WordsStatistics_Tests" runstate="Runnable" seed="1332955253" result="Passed" start-time="2017-10-25 09:20:20Z" end-time="2017-10-25 09:20:20Z" duration="0.000192" asserts="0" /><test-case id="0-1177" name="GetStatistics_ContainsItem_AfterAdditionRussionWord" fullname="Challenge.Infrastructure.WordsStatisticsL4_Tests.GetStatistics_ContainsItem_AfterAdditionRussionWord" methodname="GetStatistics_ContainsItem_AfterAdditionRussionWord" classname="Challenge.WordsStatistics_Tests" runstate="Runnable" seed="429318458" result="Passed" start-time="2017-10-25 09:20:20Z" end-time="2017-10-25 09:20:20Z" duration="0.000086" asserts="0" /><test-case id="0-1176" name="GetStatistics_ContainsItem_AfterAdditionWordsWithTenWhiteSpaces" fullname="Challenge.Infrastructure.WordsStatisticsL4_Tests.GetStatistics_ContainsItem_AfterAdditionWordsWithTenWhiteSpaces" methodname="GetStatistics_ContainsItem_AfterAdditionWordsWithTenWhiteSpaces" classname="Challenge.WordsStatistics_Tests" runstate="Runnable" seed="1767075867" result="Passed" start-time="2017-10-25 09:20:20Z" end-time="2017-10-25 09:20:20Z" duration="0.000054" asserts="0" /><test-case id="0-1170" name="GetStatistics_ContainsManyItems_AfterAdditionOfDifferentWords" fullname="Challenge.Infrastructure.WordsStatisticsL4_Tests.GetStatistics_ContainsManyItems_AfterAdditionOfDifferentWords" methodname="GetStatistics_ContainsManyItems_AfterAdditionOfDifferentWords" classname="Challenge.WordsStatistics_Tests" runstate="Runnable" seed="1009705135" result="Passed" start-time="2017-10-25 09:20:20Z" end-time="2017-10-25 09:20:20Z" duration="0.000077" asserts="0" /><test-case id="0-1175" name="GetStatistics_ContainsTwoSameItems_AfterAddiotionWordswithSamePrefixDifferentCase" fullname="Challenge.Infrastructure.WordsStatisticsL4_Tests.GetStatistics_ContainsTwoSameItems_AfterAddiotionWordswithSamePrefixDifferentCase" methodname="GetStatistics_ContainsTwoSameItems_AfterAddiotionWordswithSamePrefixDifferentCase" classname="Challenge.WordsStatistics_Tests" runstate="Runnable" seed="141042145" result="Passed" start-time="2017-10-25 09:20:20Z" end-time="2017-10-25 09:20:20Z" duration="0.000076" asserts="0" /><test-case id="0-1171" name="GetStatistics_ContainsTwoSameItems_AfterAdditionOfDifferentWordsWithSamePrefices" fullname="Challenge.Infrastructure.WordsStatisticsL4_Tests.GetStatistics_ContainsTwoSameItems_AfterAdditionOfDifferentWordsWithSamePrefices" methodname="GetStatistics_ContainsTwoSameItems_AfterAdditionOfDifferentWordsWithSamePrefices" classname="Challenge.WordsStatistics_Tests" runstate="Runnable" seed="97276062" result="Passed" start-time="2017-10-25 09:20:20Z" end-time="2017-10-25 09:20:20Z" duration="0.000075" asserts="0" /><test-case id="0-1172" name="GetStatistics_ContainsTwoSameItems_AfterAdditionOfSameWordsDifferentCase" fullname="Challenge.Infrastructure.WordsStatisticsL4_Tests.GetStatistics_ContainsTwoSameItems_AfterAdditionOfSameWordsDifferentCase" methodname="GetStatistics_ContainsTwoSameItems_AfterAdditionOfSameWordsDifferentCase" classname="Challenge.WordsStatistics_Tests" runstate="Runnable" seed="570497492" result="Passed" start-time="2017-10-25 09:20:20Z" end-time="2017-10-25 09:20:20Z" duration="0.000075" asserts="0" /><test-case id="0-1178" name="GetStatistics_IsEmpty_AfterAdditionEmptyWord" fullname="Challenge.Infrastructure.WordsStatisticsL4_Tests.GetStatistics_IsEmpty_AfterAdditionEmptyWord" methodname="GetStatistics_IsEmpty_AfterAdditionEmptyWord" classname="Challenge.WordsStatistics_Tests" runstate="Runnable" seed="2113908981" result="Passed" start-time="2017-10-25 09:20:20Z" end-time="2017-10-25 09:20:20Z" duration="0.000132" asserts="0" /><test-case id="0-1174" name="GetStatistics_IsEmpty_AfterAdditionWhiteSpaces" fullname="Challenge.Infrastructure.WordsStatisticsL4_Tests.GetStatistics_IsEmpty_AfterAdditionWhiteSpaces" methodname="GetStatistics_IsEmpty_AfterAdditionWhiteSpaces" classname="Challenge.WordsStatistics_Tests" runstate="Runnable" seed="1919306678" result="Passed" start-time="2017-10-25 09:20:20Z" end-time="2017-10-25 09:20:20Z" duration="0.000122" asserts="0" /><test-case id="0-1168" name="GetStatistics_IsEmpty_AfterCreation" fullname="Challenge.Infrastructure.WordsStatisticsL4_Tests.GetStatistics_IsEmpty_AfterCreation" methodname="GetStatistics_IsEmpty_AfterCreation" classname="Challenge.WordsStatistics_Tests" runstate="Runnable" seed="20899015" result="Passed" start-time="2017-10-25 09:20:20Z" end-time="2017-10-25 09:20:20Z" duration="0.000119" asserts="0" /><test-case id="0-1179" name="GetStatistics_IsEmpty_AfterNoAddiotional" fullname="Challenge.Infrastructure.WordsStatisticsL4_Tests.GetStatistics_IsEmpty_AfterNoAddiotional" methodname="GetStatistics_IsEmpty_AfterNoAddiotional" classname="Challenge.WordsStatistics_Tests" runstate="Runnable" seed="1734901327" result="Passed" start-time="2017-10-25 09:20:20Z" end-time="2017-10-25 09:20:20Z" duration="0.000117" asserts="0" /><test-case id="0-1183" name="GetStatistics_NotEmpty_AfterTowGetCalls" fullname="Challenge.Infrastructure.WordsStatisticsL4_Tests.GetStatistics_NotEmpty_AfterTowGetCalls" methodname="GetStatistics_NotEmpty_AfterTowGetCalls" classname="Challenge.WordsStatistics_Tests" runstate="Runnable" seed="1728331836" result="Passed" start-time="2017-10-25 09:20:20Z" end-time="2017-10-25 09:20:20Z" duration="0.000068" asserts="0" /><test-case id="0-1173" name="GetStatistics_SortedByDescendingCount_AfterAdditionOfTwoWordsAndOneMore" fullname="Challenge.Infrastructure.WordsStatisticsL4_Tests.GetStatistics_SortedByDescendingCount_AfterAdditionOfTwoWordsAndOneMore" methodname="GetStatistics_SortedByDescendingCount_AfterAdditionOfTwoWordsAndOneMore" classname="Challenge.WordsStatistics_Tests" runstate="Runnable" seed="90929684" result="Passed" start-time="2017-10-25 09:20:20Z" end-time="2017-10-25 09:20:20Z" duration="0.000072" asserts="0" /><test-case id="0-1184" name="GetStatistics_TImeOut_AfterManyWords" fullname="Challenge.Infrastructure.WordsStatisticsL4_Tests.GetStatistics_TImeOut_AfterManyWords" methodname="GetStatistics_TImeOut_AfterManyWords" classname="Challenge.WordsStatistics_Tests" runstate="Runnable" seed="332860501" result="Passed" start-time="2017-10-25 09:20:20Z" end-time="2017-10-25 09:20:20Z" duration="0.239068" asserts="0"><properties><property name="Timeout" value="1000" /></properties></test-case><test-case id="0-1182" name="GetStatistics_UpperCase_AfterYO" fullname="Challenge.Infrastructure.WordsStatisticsL4_Tests.GetStatistics_UpperCase_AfterYO" methodname="GetStatistics_UpperCase_AfterYO" classname="Challenge.WordsStatistics_Tests" runstate="Runnable" seed="664239515" result="Passed" start-time="2017-10-25 09:20:20Z" end-time="2017-10-25 09:20:20Z" duration="0.000165" asserts="0" /></test-suite></test-suite></test-suite></test-suite></test-run>