<test-run id="2" name="Challenge.exe" fullname="C:\Users\Админ\Desktop\Шпора\testing\Challenge\bin\Debug\Challenge.exe" testcasecount="360" result="Failed" total="17" passed="16" failed="1" inconclusive="0" skipped="0" asserts="0" engine-version="3.7.0.0" clr-version="4.0.30319.42000" start-time="2017-10-25 09:20:21Z" end-time="2017-10-25 09:20:22Z" duration="0.493520"><command-line><![CDATA["C:\Users\Админ\Desktop\Шпора\testing\Challenge\bin\Debug\Challenge.exe" ]]></command-line><filter><test>Challenge.Infrastructure.WordsStatisticsO4_Tests</test></filter><test-suite type="Assembly" id="0-1383" name="Challenge.exe" fullname="C:\Users\Админ\Desktop\Шпора\testing\Challenge\bin\Debug\Challenge.exe" runstate="Runnable" testcasecount="360" result="Failed" site="Child" start-time="2017-10-25 09:20:21Z" end-time="2017-10-25 09:20:22Z" duration="0.472127" total="17" passed="16" failed="1" warnings="0" inconclusive="0" skipped="0" asserts="0"><environment framework-version="3.8.1.0" clr-version="4.0.30319.42000" os-version="Microsoft Windows NT 10.0.15063.0" platform="Win32NT" cwd="C:\Users\Админ\Desktop\Шпора\testing\Challenge\bin\Debug" machine-name="DAGEPOKLAPTOP" user="Админ" user-domain="DAGEPOKLAPTOP" culture="ru-RU" uiculture="ru-RU" os-architecture="x86" /><settings><setting name="ImageRuntimeVersion" value="4.0.30319" /><setting name="ImageTargetFrameworkName" value=".NETFramework,Version=v4.5" /><setting name="ImageRequiresX86" value="True" /><setting name="RunAsX86" value="True" /><setting name="ImageRequiresDefaultAppDomainAssemblyResolver" value="False" /><setting name="RuntimeFramework" value="net-4.0" /><setting name="NumberOfTestWorkers" value="4" /></settings><properties><property name="_PID" value="15988" /><property name="_APPDOMAIN" value="domain-87e06b39-Challenge.exe" /></properties><failure><message><![CDATA[One or more child tests had errors]]></message></failure><test-suite type="TestSuite" id="0-1384" name="Challenge" fullname="Challenge" runstate="Runnable" testcasecount="360" result="Failed" site="Child" start-time="2017-10-25 09:20:21Z" end-time="2017-10-25 09:20:22Z" duration="0.472014" total="17" passed="16" failed="1" warnings="0" inconclusive="0" skipped="0" asserts="0"><failure><message><![CDATA[One or more child tests had errors]]></message></failure><test-suite type="TestSuite" id="0-1385" name="Infrastructure" fullname="Challenge.Infrastructure" runstate="Runnable" testcasecount="343" result="Failed" site="Child" start-time="2017-10-25 09:20:21Z" end-time="2017-10-25 09:20:22Z" duration="0.471710" total="17" passed="16" failed="1" warnings="0" inconclusive="0" skipped="0" asserts="0"><failure><message><![CDATA[One or more child tests had errors]]></message></failure><test-suite type="TestFixture" id="0-1239" name="WordsStatisticsO4_Tests" fullname="Challenge.Infrastructure.WordsStatisticsO4_Tests" classname="Challenge.Infrastructure.WordsStatisticsO4_Tests" runstate="Runnable" testcasecount="17" result="Failed" site="Child" start-time="2017-10-25 09:20:21Z" end-time="2017-10-25 09:20:22Z" duration="0.470862" total="17" passed="16" failed="1" warnings="0" inconclusive="0" skipped="0" asserts="0"><failure><message><![CDATA[One or more child tests had errors]]></message></failure><test-case id="0-1252" name="GetStatisitcs_OrderByDesceding_AfterAlmostSameWordsWithAlmostSameCount" fullname="Challenge.Infrastructure.WordsStatisticsO4_Tests.GetStatisitcs_OrderByDesceding_AfterAlmostSameWordsWithAlmostSameCount" methodname="GetStatisitcs_OrderByDesceding_AfterAlmostSameWordsWithAlmostSameCount" classname="Challenge.WordsStatistics_Tests" runstate="Runnable" seed="1095926466" result="Failed" start-time="2017-10-25 09:20:21Z" end-time="2017-10-25 09:20:21Z" duration="0.027523" asserts="0"><failure><message><![CDATA[Expected collection {(2, abd), (2, abc), (1, abe)} to contain items {(2, abc), (2, abd), (1, abe)} in order, but (2, abd) (index 1) did not appear (in the right order).]]></message><stack-trace><![CDATA[   в FluentAssertions.Execution.LateBoundTestFramework.Throw(String message) в C:\projects\fluentassertions-vf06b\Src\Shared\Execution\LateBoundTestFramework.cs:строка 23
   в FluentAssertions.Execution.TestFrameworkProvider.Throw(String message) в C:\projects\fluentassertions-vf06b\Src\FluentAssertions.Net40\Execution\TestFrameworkProvider.cs:строка 43
   в FluentAssertions.Execution.DefaultAssertionStrategy.HandleFailure(String message) в C:\projects\fluentassertions-vf06b\Src\Core\Execution\DefaultAssertionStrategy.cs:строка 25
   в FluentAssertions.Execution.AssertionScope.FailWith(String message, Object[] args) в C:\projects\fluentassertions-vf06b\Src\Core\Execution\AssertionScope.cs:строка 197
   в FluentAssertions.Collections.CollectionAssertions`2.ContainInOrder(IEnumerable expected, String because, Object[] becauseArgs) в C:\projects\fluentassertions-vf06b\Src\Core\Collections\CollectionAssertions.cs:строка 590
   в FluentAssertions.Collections.CollectionAssertions`2.ContainInOrder(Object[] expected) в C:\projects\fluentassertions-vf06b\Src\Core\Collections\CollectionAssertions.cs:строка 545
   в Challenge.WordsStatistics_Tests.GetStatisitcs_OrderByDesceding_AfterAlmostSameWordsWithAlmostSameCount() в C:\Users\Админ\Desktop\Шпора\testing\Challenge\WordsStatistics_Tests.cs:строка 124
]]></stack-trace></failure><assertions><assertion result="Failed"><message><![CDATA[Expected collection {(2, abd), (2, abc), (1, abe)} to contain items {(2, abc), (2, abd), (1, abe)} in order, but (2, abd) (index 1) did not appear (in the right order).]]></message><stack-trace><![CDATA[   в FluentAssertions.Execution.LateBoundTestFramework.Throw(String message) в C:\projects\fluentassertions-vf06b\Src\Shared\Execution\LateBoundTestFramework.cs:строка 23
   в FluentAssertions.Execution.TestFrameworkProvider.Throw(String message) в C:\projects\fluentassertions-vf06b\Src\FluentAssertions.Net40\Execution\TestFrameworkProvider.cs:строка 43
   в FluentAssertions.Execution.DefaultAssertionStrategy.HandleFailure(String message) в C:\projects\fluentassertions-vf06b\Src\Core\Execution\DefaultAssertionStrategy.cs:строка 25
   в FluentAssertions.Execution.AssertionScope.FailWith(String message, Object[] args) в C:\projects\fluentassertions-vf06b\Src\Core\Execution\AssertionScope.cs:строка 197
   в FluentAssertions.Collections.CollectionAssertions`2.ContainInOrder(IEnumerable expected, String because, Object[] becauseArgs) в C:\projects\fluentassertions-vf06b\Src\Core\Collections\CollectionAssertions.cs:строка 590
   в FluentAssertions.Collections.CollectionAssertions`2.ContainInOrder(Object[] expected) в C:\projects\fluentassertions-vf06b\Src\Core\Collections\CollectionAssertions.cs:строка 545
   в Challenge.WordsStatistics_Tests.GetStatisitcs_OrderByDesceding_AfterAlmostSameWordsWithAlmostSameCount() в C:\Users\Админ\Desktop\Шпора\testing\Challenge\WordsStatistics_Tests.cs:строка 124
]]></stack-trace></assertion></assertions></test-case><test-case id="0-1253" name="GetStatistics_AfterGet" fullname="Challenge.Infrastructure.WordsStatisticsO4_Tests.GetStatistics_AfterGet" methodname="GetStatistics_AfterGet" classname="Challenge.WordsStatistics_Tests" runstate="Runnable" seed="1885986470" result="Passed" start-time="2017-10-25 09:20:21Z" end-time="2017-10-25 09:20:21Z" duration="0.000209" asserts="0" /><test-case id="0-1241" name="GetStatistics_ContainsItem_AfterAddition" fullname="Challenge.Infrastructure.WordsStatisticsO4_Tests.GetStatistics_ContainsItem_AfterAddition" methodname="GetStatistics_ContainsItem_AfterAddition" classname="Challenge.WordsStatistics_Tests" runstate="Runnable" seed="2021995715" result="Passed" start-time="2017-10-25 09:20:21Z" end-time="2017-10-25 09:20:21Z" duration="0.000262" asserts="0" /><test-case id="0-1249" name="GetStatistics_ContainsItem_AfterAdditionRussionWord" fullname="Challenge.Infrastructure.WordsStatisticsO4_Tests.GetStatistics_ContainsItem_AfterAdditionRussionWord" methodname="GetStatistics_ContainsItem_AfterAdditionRussionWord" classname="Challenge.WordsStatistics_Tests" runstate="Runnable" seed="887204521" result="Passed" start-time="2017-10-25 09:20:21Z" end-time="2017-10-25 09:20:21Z" duration="0.000171" asserts="0" /><test-case id="0-1248" name="GetStatistics_ContainsItem_AfterAdditionWordsWithTenWhiteSpaces" fullname="Challenge.Infrastructure.WordsStatisticsO4_Tests.GetStatistics_ContainsItem_AfterAdditionWordsWithTenWhiteSpaces" methodname="GetStatistics_ContainsItem_AfterAdditionWordsWithTenWhiteSpaces" classname="Challenge.WordsStatistics_Tests" runstate="Runnable" seed="1135200396" result="Passed" start-time="2017-10-25 09:20:21Z" end-time="2017-10-25 09:20:21Z" duration="0.000158" asserts="0" /><test-case id="0-1242" name="GetStatistics_ContainsManyItems_AfterAdditionOfDifferentWords" fullname="Challenge.Infrastructure.WordsStatisticsO4_Tests.GetStatistics_ContainsManyItems_AfterAdditionOfDifferentWords" methodname="GetStatistics_ContainsManyItems_AfterAdditionOfDifferentWords" classname="Challenge.WordsStatistics_Tests" runstate="Runnable" seed="617212815" result="Passed" start-time="2017-10-25 09:20:21Z" end-time="2017-10-25 09:20:21Z" duration="0.000160" asserts="0" /><test-case id="0-1247" name="GetStatistics_ContainsTwoSameItems_AfterAddiotionWordswithSamePrefixDifferentCase" fullname="Challenge.Infrastructure.WordsStatisticsO4_Tests.GetStatistics_ContainsTwoSameItems_AfterAddiotionWordswithSamePrefixDifferentCase" methodname="GetStatistics_ContainsTwoSameItems_AfterAddiotionWordswithSamePrefixDifferentCase" classname="Challenge.WordsStatistics_Tests" runstate="Runnable" seed="946316480" result="Passed" start-time="2017-10-25 09:20:21Z" end-time="2017-10-25 09:20:21Z" duration="0.000172" asserts="0" /><test-case id="0-1243" name="GetStatistics_ContainsTwoSameItems_AfterAdditionOfDifferentWordsWithSamePrefices" fullname="Challenge.Infrastructure.WordsStatisticsO4_Tests.GetStatistics_ContainsTwoSameItems_AfterAdditionOfDifferentWordsWithSamePrefices" methodname="GetStatistics_ContainsTwoSameItems_AfterAdditionOfDifferentWordsWithSamePrefices" classname="Challenge.WordsStatistics_Tests" runstate="Runnable" seed="2023988121" result="Passed" start-time="2017-10-25 09:20:21Z" end-time="2017-10-25 09:20:21Z" duration="0.000146" asserts="0" /><test-case id="0-1244" name="GetStatistics_ContainsTwoSameItems_AfterAdditionOfSameWordsDifferentCase" fullname="Challenge.Infrastructure.WordsStatisticsO4_Tests.GetStatistics_ContainsTwoSameItems_AfterAdditionOfSameWordsDifferentCase" methodname="GetStatistics_ContainsTwoSameItems_AfterAdditionOfSameWordsDifferentCase" classname="Challenge.WordsStatistics_Tests" runstate="Runnable" seed="600184274" result="Passed" start-time="2017-10-25 09:20:21Z" end-time="2017-10-25 09:20:21Z" duration="0.000192" asserts="0" /><test-case id="0-1250" name="GetStatistics_IsEmpty_AfterAdditionEmptyWord" fullname="Challenge.Infrastructure.WordsStatisticsO4_Tests.GetStatistics_IsEmpty_AfterAdditionEmptyWord" methodname="GetStatistics_IsEmpty_AfterAdditionEmptyWord" classname="Challenge.WordsStatistics_Tests" runstate="Runnable" seed="2114344407" result="Passed" start-time="2017-10-25 09:20:21Z" end-time="2017-10-25 09:20:21Z" duration="0.001431" asserts="0" /><test-case id="0-1246" name="GetStatistics_IsEmpty_AfterAdditionWhiteSpaces" fullname="Challenge.Infrastructure.WordsStatisticsO4_Tests.GetStatistics_IsEmpty_AfterAdditionWhiteSpaces" methodname="GetStatistics_IsEmpty_AfterAdditionWhiteSpaces" classname="Challenge.WordsStatistics_Tests" runstate="Runnable" seed="2044507534" result="Passed" start-time="2017-10-25 09:20:21Z" end-time="2017-10-25 09:20:21Z" duration="0.000337" asserts="0" /><test-case id="0-1240" name="GetStatistics_IsEmpty_AfterCreation" fullname="Challenge.Infrastructure.WordsStatisticsO4_Tests.GetStatistics_IsEmpty_AfterCreation" methodname="GetStatistics_IsEmpty_AfterCreation" classname="Challenge.WordsStatistics_Tests" runstate="Runnable" seed="927036820" result="Passed" start-time="2017-10-25 09:20:21Z" end-time="2017-10-25 09:20:21Z" duration="0.006221" asserts="0" /><test-case id="0-1251" name="GetStatistics_IsEmpty_AfterNoAddiotional" fullname="Challenge.Infrastructure.WordsStatisticsO4_Tests.GetStatistics_IsEmpty_AfterNoAddiotional" methodname="GetStatistics_IsEmpty_AfterNoAddiotional" classname="Challenge.WordsStatistics_Tests" runstate="Runnable" seed="1894953716" result="Passed" start-time="2017-10-25 09:20:21Z" end-time="2017-10-25 09:20:21Z" duration="0.000216" asserts="0" /><test-case id="0-1255" name="GetStatistics_NotEmpty_AfterTowGetCalls" fullname="Challenge.Infrastructure.WordsStatisticsO4_Tests.GetStatistics_NotEmpty_AfterTowGetCalls" methodname="GetStatistics_NotEmpty_AfterTowGetCalls" classname="Challenge.WordsStatistics_Tests" runstate="Runnable" seed="305226916" result="Passed" start-time="2017-10-25 09:20:21Z" end-time="2017-10-25 09:20:21Z" duration="0.000222" asserts="0" /><test-case id="0-1245" name="GetStatistics_SortedByDescendingCount_AfterAdditionOfTwoWordsAndOneMore" fullname="Challenge.Infrastructure.WordsStatisticsO4_Tests.GetStatistics_SortedByDescendingCount_AfterAdditionOfTwoWordsAndOneMore" methodname="GetStatistics_SortedByDescendingCount_AfterAdditionOfTwoWordsAndOneMore" classname="Challenge.WordsStatistics_Tests" runstate="Runnable" seed="1414526063" result="Passed" start-time="2017-10-25 09:20:21Z" end-time="2017-10-25 09:20:21Z" duration="0.000257" asserts="0" /><test-case id="0-1256" name="GetStatistics_TImeOut_AfterManyWords" fullname="Challenge.Infrastructure.WordsStatisticsO4_Tests.GetStatistics_TImeOut_AfterManyWords" methodname="GetStatistics_TImeOut_AfterManyWords" classname="Challenge.WordsStatistics_Tests" runstate="Runnable" seed="1979943629" result="Passed" start-time="2017-10-25 09:20:21Z" end-time="2017-10-25 09:20:22Z" duration="0.403104" asserts="0"><properties><property name="Timeout" value="1000" /></properties></test-case><test-case id="0-1254" name="GetStatistics_UpperCase_AfterYO" fullname="Challenge.Infrastructure.WordsStatisticsO4_Tests.GetStatistics_UpperCase_AfterYO" methodname="GetStatistics_UpperCase_AfterYO" classname="Challenge.WordsStatistics_Tests" runstate="Runnable" seed="1464259917" result="Passed" start-time="2017-10-25 09:20:22Z" end-time="2017-10-25 09:20:22Z" duration="0.000161" asserts="0" /></test-suite></test-suite></test-suite></test-suite></test-run>