<test-run id="2" name="Challenge.exe" fullname="C:\Users\Админ\Desktop\Шпора\testing\Challenge\bin\Debug\Challenge.exe" testcasecount="360" result="Passed" total="17" passed="17" failed="0" inconclusive="0" skipped="0" asserts="0" engine-version="3.7.0.0" clr-version="4.0.30319.42000" start-time="2017-10-25 09:20:21Z" end-time="2017-10-25 09:20:21Z" duration="0.102615"><command-line><![CDATA["C:\Users\Админ\Desktop\Шпора\testing\Challenge\bin\Debug\Challenge.exe" ]]></command-line><filter><test>Challenge.Infrastructure.WordsStatisticsO2_Tests</test></filter><test-suite type="Assembly" id="0-1383" name="Challenge.exe" fullname="C:\Users\Админ\Desktop\Шпора\testing\Challenge\bin\Debug\Challenge.exe" runstate="Runnable" testcasecount="360" result="Passed" start-time="2017-10-25 09:20:21Z" end-time="2017-10-25 09:20:21Z" duration="0.084682" total="17" passed="17" failed="0" warnings="0" inconclusive="0" skipped="0" asserts="0"><environment framework-version="3.8.1.0" clr-version="4.0.30319.42000" os-version="Microsoft Windows NT 10.0.15063.0" platform="Win32NT" cwd="C:\Users\Админ\Desktop\Шпора\testing\Challenge\bin\Debug" machine-name="DAGEPOKLAPTOP" user="Админ" user-domain="DAGEPOKLAPTOP" culture="ru-RU" uiculture="ru-RU" os-architecture="x86" /><settings><setting name="ImageRuntimeVersion" value="4.0.30319" /><setting name="ImageTargetFrameworkName" value=".NETFramework,Version=v4.5" /><setting name="ImageRequiresX86" value="True" /><setting name="RunAsX86" value="True" /><setting name="ImageRequiresDefaultAppDomainAssemblyResolver" value="False" /><setting name="RuntimeFramework" value="net-4.0" /><setting name="NumberOfTestWorkers" value="4" /></settings><properties><property name="_PID" value="15988" /><property name="_APPDOMAIN" value="domain-87e06b39-Challenge.exe" /></properties><test-suite type="TestSuite" id="0-1384" name="Challenge" fullname="Challenge" runstate="Runnable" testcasecount="360" result="Passed" start-time="2017-10-25 09:20:21Z" end-time="2017-10-25 09:20:21Z" duration="0.084363" total="17" passed="17" failed="0" warnings="0" inconclusive="0" skipped="0" asserts="0"><test-suite type="TestSuite" id="0-1385" name="Infrastructure" fullname="Challenge.Infrastructure" runstate="Runnable" testcasecount="343" result="Passed" start-time="2017-10-25 09:20:21Z" end-time="2017-10-25 09:20:21Z" duration="0.083404" total="17" passed="17" failed="0" warnings="0" inconclusive="0" skipped="0" asserts="0"><test-suite type="TestFixture" id="0-1203" name="WordsStatisticsO2_Tests" fullname="Challenge.Infrastructure.WordsStatisticsO2_Tests" classname="Challenge.Infrastructure.WordsStatisticsO2_Tests" runstate="Runnable" testcasecount="17" result="Passed" start-time="2017-10-25 09:20:21Z" end-time="2017-10-25 09:20:21Z" duration="0.082684" total="17" passed="17" failed="0" warnings="0" inconclusive="0" skipped="0" asserts="0"><test-case id="0-1216" name="GetStatisitcs_OrderByDesceding_AfterAlmostSameWordsWithAlmostSameCount" fullname="Challenge.Infrastructure.WordsStatisticsO2_Tests.GetStatisitcs_OrderByDesceding_AfterAlmostSameWordsWithAlmostSameCount" methodname="GetStatisitcs_OrderByDesceding_AfterAlmostSameWordsWithAlmostSameCount" classname="Challenge.WordsStatistics_Tests" runstate="Runnable" seed="573391446" result="Passed" start-time="2017-10-25 09:20:21Z" end-time="2017-10-25 09:20:21Z" duration="0.002071" asserts="0" /><test-case id="0-1217" name="GetStatistics_AfterGet" fullname="Challenge.Infrastructure.WordsStatisticsO2_Tests.GetStatistics_AfterGet" methodname="GetStatistics_AfterGet" classname="Challenge.WordsStatistics_Tests" runstate="Runnable" seed="1507219759" result="Passed" start-time="2017-10-25 09:20:21Z" end-time="2017-10-25 09:20:21Z" duration="0.000244" asserts="0" /><test-case id="0-1205" name="GetStatistics_ContainsItem_AfterAddition" fullname="Challenge.Infrastructure.WordsStatisticsO2_Tests.GetStatistics_ContainsItem_AfterAddition" methodname="GetStatistics_ContainsItem_AfterAddition" classname="Challenge.WordsStatistics_Tests" runstate="Runnable" seed="142851063" result="Passed" start-time="2017-10-25 09:20:21Z" end-time="2017-10-25 09:20:21Z" duration="0.000323" asserts="0" /><test-case id="0-1213" name="GetStatistics_ContainsItem_AfterAdditionRussionWord" fullname="Challenge.Infrastructure.WordsStatisticsO2_Tests.GetStatistics_ContainsItem_AfterAdditionRussionWord" methodname="GetStatistics_ContainsItem_AfterAdditionRussionWord" classname="Challenge.WordsStatistics_Tests" runstate="Runnable" seed="109375406" result="Passed" start-time="2017-10-25 09:20:21Z" end-time="2017-10-25 09:20:21Z" duration="0.000223" asserts="0" /><test-case id="0-1212" name="GetStatistics_ContainsItem_AfterAdditionWordsWithTenWhiteSpaces" fullname="Challenge.Infrastructure.WordsStatisticsO2_Tests.GetStatistics_ContainsItem_AfterAdditionWordsWithTenWhiteSpaces" methodname="GetStatistics_ContainsItem_AfterAdditionWordsWithTenWhiteSpaces" classname="Challenge.WordsStatistics_Tests" runstate="Runnable" seed="934800043" result="Passed" start-time="2017-10-25 09:20:21Z" end-time="2017-10-25 09:20:21Z" duration="0.000200" asserts="0" /><test-case id="0-1206" name="GetStatistics_ContainsManyItems_AfterAdditionOfDifferentWords" fullname="Challenge.Infrastructure.WordsStatisticsO2_Tests.GetStatistics_ContainsManyItems_AfterAdditionOfDifferentWords" methodname="GetStatistics_ContainsManyItems_AfterAdditionOfDifferentWords" classname="Challenge.WordsStatistics_Tests" runstate="Runnable" seed="2069369916" result="Passed" start-time="2017-10-25 09:20:21Z" end-time="2017-10-25 09:20:21Z" duration="0.000143" asserts="0" /><test-case id="0-1211" name="GetStatistics_ContainsTwoSameItems_AfterAddiotionWordswithSamePrefixDifferentCase" fullname="Challenge.Infrastructure.WordsStatisticsO2_Tests.GetStatistics_ContainsTwoSameItems_AfterAddiotionWordswithSamePrefixDifferentCase" methodname="GetStatistics_ContainsTwoSameItems_AfterAddiotionWordswithSamePrefixDifferentCase" classname="Challenge.WordsStatistics_Tests" runstate="Runnable" seed="186306264" result="Passed" start-time="2017-10-25 09:20:21Z" end-time="2017-10-25 09:20:21Z" duration="0.000107" asserts="0" /><test-case id="0-1207" name="GetStatistics_ContainsTwoSameItems_AfterAdditionOfDifferentWordsWithSamePrefices" fullname="Challenge.Infrastructure.WordsStatisticsO2_Tests.GetStatistics_ContainsTwoSameItems_AfterAdditionOfDifferentWordsWithSamePrefices" methodname="GetStatistics_ContainsTwoSameItems_AfterAdditionOfDifferentWordsWithSamePrefices" classname="Challenge.WordsStatistics_Tests" runstate="Runnable" seed="1340061867" result="Passed" start-time="2017-10-25 09:20:21Z" end-time="2017-10-25 09:20:21Z" duration="0.000160" asserts="0" /><test-case id="0-1208" name="GetStatistics_ContainsTwoSameItems_AfterAdditionOfSameWordsDifferentCase" fullname="Challenge.Infrastructure.WordsStatisticsO2_Tests.GetStatistics_ContainsTwoSameItems_AfterAdditionOfSameWordsDifferentCase" methodname="GetStatistics_ContainsTwoSameItems_AfterAdditionOfSameWordsDifferentCase" classname="Challenge.WordsStatistics_Tests" runstate="Runnable" seed="1726879537" result="Passed" start-time="2017-10-25 09:20:21Z" end-time="2017-10-25 09:20:21Z" duration="0.000126" asserts="0" /><test-case id="0-1214" name="GetStatistics_IsEmpty_AfterAdditionEmptyWord" fullname="Challenge.Infrastructure.WordsStatisticsO2_Tests.GetStatistics_IsEmpty_AfterAdditionEmptyWord" methodname="GetStatistics_IsEmpty_AfterAdditionEmptyWord" classname="Challenge.WordsStatistics_Tests" runstate="Runnable" seed="489602385" result="Passed" start-time="2017-10-25 09:20:21Z" end-time="2017-10-25 09:20:21Z" duration="0.000214" asserts="0" /><test-case id="0-1210" name="GetStatistics_IsEmpty_AfterAdditionWhiteSpaces" fullname="Challenge.Infrastructure.WordsStatisticsO2_Tests.GetStatistics_IsEmpty_AfterAdditionWhiteSpaces" methodname="GetStatistics_IsEmpty_AfterAdditionWhiteSpaces" classname="Challenge.WordsStatistics_Tests" runstate="Runnable" seed="898091123" result="Passed" start-time="2017-10-25 09:20:21Z" end-time="2017-10-25 09:20:21Z" duration="0.000254" asserts="0" /><test-case id="0-1204" name="GetStatistics_IsEmpty_AfterCreation" fullname="Challenge.Infrastructure.WordsStatisticsO2_Tests.GetStatistics_IsEmpty_AfterCreation" methodname="GetStatistics_IsEmpty_AfterCreation" classname="Challenge.WordsStatistics_Tests" runstate="Runnable" seed="872141699" result="Passed" start-time="2017-10-25 09:20:21Z" end-time="2017-10-25 09:20:21Z" duration="0.004522" asserts="0" /><test-case id="0-1215" name="GetStatistics_IsEmpty_AfterNoAddiotional" fullname="Challenge.Infrastructure.WordsStatisticsO2_Tests.GetStatistics_IsEmpty_AfterNoAddiotional" methodname="GetStatistics_IsEmpty_AfterNoAddiotional" classname="Challenge.WordsStatistics_Tests" runstate="Runnable" seed="1322865900" result="Passed" start-time="2017-10-25 09:20:21Z" end-time="2017-10-25 09:20:21Z" duration="0.000223" asserts="0" /><test-case id="0-1219" name="GetStatistics_NotEmpty_AfterTowGetCalls" fullname="Challenge.Infrastructure.WordsStatisticsO2_Tests.GetStatistics_NotEmpty_AfterTowGetCalls" methodname="GetStatistics_NotEmpty_AfterTowGetCalls" classname="Challenge.WordsStatistics_Tests" runstate="Runnable" seed="1067516770" result="Passed" start-time="2017-10-25 09:20:21Z" end-time="2017-10-25 09:20:21Z" duration="0.000123" asserts="0" /><test-case id="0-1209" name="GetStatistics_SortedByDescendingCount_AfterAdditionOfTwoWordsAndOneMore" fullname="Challenge.Infrastructure.WordsStatisticsO2_Tests.GetStatistics_SortedByDescendingCount_AfterAdditionOfTwoWordsAndOneMore" methodname="GetStatistics_SortedByDescendingCount_AfterAdditionOfTwoWordsAndOneMore" classname="Challenge.WordsStatistics_Tests" runstate="Runnable" seed="2023070733" result="Passed" start-time="2017-10-25 09:20:21Z" end-time="2017-10-25 09:20:21Z" duration="0.000164" asserts="0" /><test-case id="0-1220" name="GetStatistics_TImeOut_AfterManyWords" fullname="Challenge.Infrastructure.WordsStatisticsO2_Tests.GetStatistics_TImeOut_AfterManyWords" methodname="GetStatistics_TImeOut_AfterManyWords" classname="Challenge.WordsStatistics_Tests" runstate="Runnable" seed="218890799" result="Passed" start-time="2017-10-25 09:20:21Z" end-time="2017-10-25 09:20:21Z" duration="0.043546" asserts="0"><properties><property name="Timeout" value="1000" /></properties></test-case><test-case id="0-1218" name="GetStatistics_UpperCase_AfterYO" fullname="Challenge.Infrastructure.WordsStatisticsO2_Tests.GetStatistics_UpperCase_AfterYO" methodname="GetStatistics_UpperCase_AfterYO" classname="Challenge.WordsStatistics_Tests" runstate="Runnable" seed="1194207585" result="Passed" start-time="2017-10-25 09:20:21Z" end-time="2017-10-25 09:20:21Z" duration="0.000167" asserts="0" /></test-suite></test-suite></test-suite></test-suite></test-run>