<test-run id="2" name="Challenge.exe" fullname="C:\Users\Админ\Desktop\Шпора\testing\Challenge\bin\Debug\Challenge.exe" testcasecount="360" result="Failed" total="17" passed="16" failed="1" inconclusive="0" skipped="0" asserts="0" engine-version="3.7.0.0" clr-version="4.0.30319.42000" start-time="2017-10-25 09:20:22Z" end-time="2017-10-25 09:20:22Z" duration="0.249739"><command-line><![CDATA["C:\Users\Админ\Desktop\Шпора\testing\Challenge\bin\Debug\Challenge.exe" ]]></command-line><filter><test>Challenge.Infrastructure.WordsStatistics_123_Tests</test></filter><test-suite type="Assembly" id="0-1383" name="Challenge.exe" fullname="C:\Users\Админ\Desktop\Шпора\testing\Challenge\bin\Debug\Challenge.exe" runstate="Runnable" testcasecount="360" result="Failed" site="Child" start-time="2017-10-25 09:20:22Z" end-time="2017-10-25 09:20:22Z" duration="0.232598" total="17" passed="16" failed="1" warnings="0" inconclusive="0" skipped="0" asserts="0"><environment framework-version="3.8.1.0" clr-version="4.0.30319.42000" os-version="Microsoft Windows NT 10.0.15063.0" platform="Win32NT" cwd="C:\Users\Админ\Desktop\Шпора\testing\Challenge\bin\Debug" machine-name="DAGEPOKLAPTOP" user="Админ" user-domain="DAGEPOKLAPTOP" culture="ru-RU" uiculture="ru-RU" os-architecture="x86" /><settings><setting name="ImageRuntimeVersion" value="4.0.30319" /><setting name="ImageTargetFrameworkName" value=".NETFramework,Version=v4.5" /><setting name="ImageRequiresX86" value="True" /><setting name="RunAsX86" value="True" /><setting name="ImageRequiresDefaultAppDomainAssemblyResolver" value="False" /><setting name="RuntimeFramework" value="net-4.0" /><setting name="NumberOfTestWorkers" value="4" /></settings><properties><property name="_PID" value="15988" /><property name="_APPDOMAIN" value="domain-87e06b39-Challenge.exe" /></properties><failure><message><![CDATA[One or more child tests had errors]]></message></failure><test-suite type="TestSuite" id="0-1384" name="Challenge" fullname="Challenge" runstate="Runnable" testcasecount="360" result="Failed" site="Child" start-time="2017-10-25 09:20:22Z" end-time="2017-10-25 09:20:22Z" duration="0.232501" total="17" passed="16" failed="1" warnings="0" inconclusive="0" skipped="0" asserts="0"><failure><message><![CDATA[One or more child tests had errors]]></message></failure><test-suite type="TestSuite" id="0-1385" name="Infrastructure" fullname="Challenge.Infrastructure" runstate="Runnable" testcasecount="343" result="Failed" site="Child" start-time="2017-10-25 09:20:22Z" end-time="2017-10-25 09:20:22Z" duration="0.232479" total="17" passed="16" failed="1" warnings="0" inconclusive="0" skipped="0" asserts="0"><failure><message><![CDATA[One or more child tests had errors]]></message></failure><test-suite type="TestFixture" id="0-1257" name="WordsStatistics_123_Tests" fullname="Challenge.Infrastructure.WordsStatistics_123_Tests" classname="Challenge.Infrastructure.WordsStatistics_123_Tests" runstate="Runnable" testcasecount="17" result="Failed" site="Child" start-time="2017-10-25 09:20:22Z" end-time="2017-10-25 09:20:22Z" duration="0.232155" total="17" passed="16" failed="1" warnings="0" inconclusive="0" skipped="0" asserts="0"><failure><message><![CDATA[One or more child tests had errors]]></message></failure><test-case id="0-1270" name="GetStatisitcs_OrderByDesceding_AfterAlmostSameWordsWithAlmostSameCount" fullname="Challenge.Infrastructure.WordsStatistics_123_Tests.GetStatisitcs_OrderByDesceding_AfterAlmostSameWordsWithAlmostSameCount" methodname="GetStatisitcs_OrderByDesceding_AfterAlmostSameWordsWithAlmostSameCount" classname="Challenge.WordsStatistics_Tests" runstate="Runnable" seed="1758043340" result="Passed" start-time="2017-10-25 09:20:22Z" end-time="2017-10-25 09:20:22Z" duration="0.012058" asserts="0" /><test-case id="0-1271" name="GetStatistics_AfterGet" fullname="Challenge.Infrastructure.WordsStatistics_123_Tests.GetStatistics_AfterGet" methodname="GetStatistics_AfterGet" classname="Challenge.WordsStatistics_Tests" runstate="Runnable" seed="988016614" result="Passed" start-time="2017-10-25 09:20:22Z" end-time="2017-10-25 09:20:22Z" duration="0.001167" asserts="0" /><test-case id="0-1259" name="GetStatistics_ContainsItem_AfterAddition" fullname="Challenge.Infrastructure.WordsStatistics_123_Tests.GetStatistics_ContainsItem_AfterAddition" methodname="GetStatistics_ContainsItem_AfterAddition" classname="Challenge.WordsStatistics_Tests" runstate="Runnable" seed="1258008065" result="Passed" start-time="2017-10-25 09:20:22Z" end-time="2017-10-25 09:20:22Z" duration="0.001263" asserts="0" /><test-case id="0-1267" name="GetStatistics_ContainsItem_AfterAdditionRussionWord" fullname="Challenge.Infrastructure.WordsStatistics_123_Tests.GetStatistics_ContainsItem_AfterAdditionRussionWord" methodname="GetStatistics_ContainsItem_AfterAdditionRussionWord" classname="Challenge.WordsStatistics_Tests" runstate="Runnable" seed="1622071505" result="Passed" start-time="2017-10-25 09:20:22Z" end-time="2017-10-25 09:20:22Z" duration="0.001334" asserts="0" /><test-case id="0-1266" name="GetStatistics_ContainsItem_AfterAdditionWordsWithTenWhiteSpaces" fullname="Challenge.Infrastructure.WordsStatistics_123_Tests.GetStatistics_ContainsItem_AfterAdditionWordsWithTenWhiteSpaces" methodname="GetStatistics_ContainsItem_AfterAdditionWordsWithTenWhiteSpaces" classname="Challenge.WordsStatistics_Tests" runstate="Runnable" seed="259205943" result="Passed" start-time="2017-10-25 09:20:22Z" end-time="2017-10-25 09:20:22Z" duration="0.001165" asserts="0" /><test-case id="0-1260" name="GetStatistics_ContainsManyItems_AfterAdditionOfDifferentWords" fullname="Challenge.Infrastructure.WordsStatistics_123_Tests.GetStatistics_ContainsManyItems_AfterAdditionOfDifferentWords" methodname="GetStatistics_ContainsManyItems_AfterAdditionOfDifferentWords" classname="Challenge.WordsStatistics_Tests" runstate="Runnable" seed="37209776" result="Passed" start-time="2017-10-25 09:20:22Z" end-time="2017-10-25 09:20:22Z" duration="0.003627" asserts="0" /><test-case id="0-1265" name="GetStatistics_ContainsTwoSameItems_AfterAddiotionWordswithSamePrefixDifferentCase" fullname="Challenge.Infrastructure.WordsStatistics_123_Tests.GetStatistics_ContainsTwoSameItems_AfterAddiotionWordswithSamePrefixDifferentCase" methodname="GetStatistics_ContainsTwoSameItems_AfterAddiotionWordswithSamePrefixDifferentCase" classname="Challenge.WordsStatistics_Tests" runstate="Runnable" seed="129973652" result="Passed" start-time="2017-10-25 09:20:22Z" end-time="2017-10-25 09:20:22Z" duration="0.000992" asserts="0" /><test-case id="0-1261" name="GetStatistics_ContainsTwoSameItems_AfterAdditionOfDifferentWordsWithSamePrefices" fullname="Challenge.Infrastructure.WordsStatistics_123_Tests.GetStatistics_ContainsTwoSameItems_AfterAdditionOfDifferentWordsWithSamePrefices" methodname="GetStatistics_ContainsTwoSameItems_AfterAdditionOfDifferentWordsWithSamePrefices" classname="Challenge.WordsStatistics_Tests" runstate="Runnable" seed="862072881" result="Passed" start-time="2017-10-25 09:20:22Z" end-time="2017-10-25 09:20:22Z" duration="0.000980" asserts="0" /><test-case id="0-1262" name="GetStatistics_ContainsTwoSameItems_AfterAdditionOfSameWordsDifferentCase" fullname="Challenge.Infrastructure.WordsStatistics_123_Tests.GetStatistics_ContainsTwoSameItems_AfterAdditionOfSameWordsDifferentCase" methodname="GetStatistics_ContainsTwoSameItems_AfterAdditionOfSameWordsDifferentCase" classname="Challenge.WordsStatistics_Tests" runstate="Runnable" seed="1925660520" result="Passed" start-time="2017-10-25 09:20:22Z" end-time="2017-10-25 09:20:22Z" duration="0.000987" asserts="0" /><test-case id="0-1268" name="GetStatistics_IsEmpty_AfterAdditionEmptyWord" fullname="Challenge.Infrastructure.WordsStatistics_123_Tests.GetStatistics_IsEmpty_AfterAdditionEmptyWord" methodname="GetStatistics_IsEmpty_AfterAdditionEmptyWord" classname="Challenge.WordsStatistics_Tests" runstate="Runnable" seed="64513643" result="Passed" start-time="2017-10-25 09:20:22Z" end-time="2017-10-25 09:20:22Z" duration="0.003703" asserts="0" /><test-case id="0-1264" name="GetStatistics_IsEmpty_AfterAdditionWhiteSpaces" fullname="Challenge.Infrastructure.WordsStatistics_123_Tests.GetStatistics_IsEmpty_AfterAdditionWhiteSpaces" methodname="GetStatistics_IsEmpty_AfterAdditionWhiteSpaces" classname="Challenge.WordsStatistics_Tests" runstate="Runnable" seed="208427367" result="Passed" start-time="2017-10-25 09:20:22Z" end-time="2017-10-25 09:20:22Z" duration="0.001148" asserts="0" /><test-case id="0-1258" name="GetStatistics_IsEmpty_AfterCreation" fullname="Challenge.Infrastructure.WordsStatistics_123_Tests.GetStatistics_IsEmpty_AfterCreation" methodname="GetStatistics_IsEmpty_AfterCreation" classname="Challenge.WordsStatistics_Tests" runstate="Runnable" seed="728375978" result="Passed" start-time="2017-10-25 09:20:22Z" end-time="2017-10-25 09:20:22Z" duration="0.001157" asserts="0" /><test-case id="0-1269" name="GetStatistics_IsEmpty_AfterNoAddiotional" fullname="Challenge.Infrastructure.WordsStatistics_123_Tests.GetStatistics_IsEmpty_AfterNoAddiotional" methodname="GetStatistics_IsEmpty_AfterNoAddiotional" classname="Challenge.WordsStatistics_Tests" runstate="Runnable" seed="1974833288" result="Passed" start-time="2017-10-25 09:20:22Z" end-time="2017-10-25 09:20:22Z" duration="0.001117" asserts="0" /><test-case id="0-1273" name="GetStatistics_NotEmpty_AfterTowGetCalls" fullname="Challenge.Infrastructure.WordsStatistics_123_Tests.GetStatistics_NotEmpty_AfterTowGetCalls" methodname="GetStatistics_NotEmpty_AfterTowGetCalls" classname="Challenge.WordsStatistics_Tests" runstate="Runnable" seed="1701912559" result="Passed" start-time="2017-10-25 09:20:22Z" end-time="2017-10-25 09:20:22Z" duration="0.001419" asserts="0" /><test-case id="0-1263" name="GetStatistics_SortedByDescendingCount_AfterAdditionOfTwoWordsAndOneMore" fullname="Challenge.Infrastructure.WordsStatistics_123_Tests.GetStatistics_SortedByDescendingCount_AfterAdditionOfTwoWordsAndOneMore" methodname="GetStatistics_SortedByDescendingCount_AfterAdditionOfTwoWordsAndOneMore" classname="Challenge.WordsStatistics_Tests" runstate="Runnable" seed="519084683" result="Passed" start-time="2017-10-25 09:20:22Z" end-time="2017-10-25 09:20:22Z" duration="0.000914" asserts="0" /><test-case id="0-1274" name="GetStatistics_TImeOut_AfterManyWords" fullname="Challenge.Infrastructure.WordsStatistics_123_Tests.GetStatistics_TImeOut_AfterManyWords" methodname="GetStatistics_TImeOut_AfterManyWords" classname="Challenge.WordsStatistics_Tests" runstate="Runnable" seed="1969392188" result="Failed" start-time="2017-10-25 09:20:22Z" end-time="2017-10-25 09:20:22Z" duration="0.188189" asserts="0"><properties><property name="Timeout" value="1000" /></properties><failure><message><![CDATA[Expected collection {(9, 16059), (7, 15829), (7, 16058), (7, 18478), (7, 19649), (6, 12631), (6, 12632), (6, 13400), (6, 13407), (6, 13560), (6, 13979), (6, 14954), (6, 15059), (6, 15089), (6, 16055), (6, 16069), (6, 16445), (6, 16446), (6, 16447), (6, 16723), (6, 16733), (6, 16736), (6, 16737), (6, 17059), (6, 17405), (6, 17748), (6, 17749), (6, 18479), (6, 19052), (6, 19529), (6, 19539), (6, 19648), ...9969 more...} to contain (1, 1).]]></message><stack-trace><![CDATA[   в FluentAssertions.Execution.LateBoundTestFramework.Throw(String message) в C:\projects\fluentassertions-vf06b\Src\Shared\Execution\LateBoundTestFramework.cs:строка 23
   в FluentAssertions.Execution.TestFrameworkProvider.Throw(String message) в C:\projects\fluentassertions-vf06b\Src\FluentAssertions.Net40\Execution\TestFrameworkProvider.cs:строка 43
   в FluentAssertions.Execution.DefaultAssertionStrategy.HandleFailure(String message) в C:\projects\fluentassertions-vf06b\Src\Core\Execution\DefaultAssertionStrategy.cs:строка 25
   в FluentAssertions.Execution.AssertionScope.FailWith(String message, Object[] args) в C:\projects\fluentassertions-vf06b\Src\Core\Execution\AssertionScope.cs:строка 197
   в FluentAssertions.Collections.SelfReferencingCollectionAssertions`2.Contain(T expected, String because, Object[] becauseArgs) в C:\projects\fluentassertions-vf06b\Src\Core\Collections\SelfReferencingCollectionAssertions.cs:строка 262
   в Challenge.WordsStatistics_Tests.GetStatistics_TImeOut_AfterManyWords() в C:\Users\Админ\Desktop\Шпора\testing\Challenge\WordsStatistics_Tests.cs:строка 159
]]></stack-trace></failure><assertions><assertion result="Failed"><message><![CDATA[Expected collection {(9, 16059), (7, 15829), (7, 16058), (7, 18478), (7, 19649), (6, 12631), (6, 12632), (6, 13400), (6, 13407), (6, 13560), (6, 13979), (6, 14954), (6, 15059), (6, 15089), (6, 16055), (6, 16069), (6, 16445), (6, 16446), (6, 16447), (6, 16723), (6, 16733), (6, 16736), (6, 16737), (6, 17059), (6, 17405), (6, 17748), (6, 17749), (6, 18479), (6, 19052), (6, 19529), (6, 19539), (6, 19648), ...9969 more...} to contain (1, 1).]]></message><stack-trace><![CDATA[   в FluentAssertions.Execution.LateBoundTestFramework.Throw(String message) в C:\projects\fluentassertions-vf06b\Src\Shared\Execution\LateBoundTestFramework.cs:строка 23
   в FluentAssertions.Execution.TestFrameworkProvider.Throw(String message) в C:\projects\fluentassertions-vf06b\Src\FluentAssertions.Net40\Execution\TestFrameworkProvider.cs:строка 43
   в FluentAssertions.Execution.DefaultAssertionStrategy.HandleFailure(String message) в C:\projects\fluentassertions-vf06b\Src\Core\Execution\DefaultAssertionStrategy.cs:строка 25
   в FluentAssertions.Execution.AssertionScope.FailWith(String message, Object[] args) в C:\projects\fluentassertions-vf06b\Src\Core\Execution\AssertionScope.cs:строка 197
   в FluentAssertions.Collections.SelfReferencingCollectionAssertions`2.Contain(T expected, String because, Object[] becauseArgs) в C:\projects\fluentassertions-vf06b\Src\Core\Collections\SelfReferencingCollectionAssertions.cs:строка 262
   в Challenge.WordsStatistics_Tests.GetStatistics_TImeOut_AfterManyWords() в C:\Users\Админ\Desktop\Шпора\testing\Challenge\WordsStatistics_Tests.cs:строка 159
]]></stack-trace></assertion></assertions></test-case><test-case id="0-1272" name="GetStatistics_UpperCase_AfterYO" fullname="Challenge.Infrastructure.WordsStatistics_123_Tests.GetStatistics_UpperCase_AfterYO" methodname="GetStatistics_UpperCase_AfterYO" classname="Challenge.WordsStatistics_Tests" runstate="Runnable" seed="980730379" result="Passed" start-time="2017-10-25 09:20:22Z" end-time="2017-10-25 09:20:22Z" duration="0.001190" asserts="0" /></test-suite></test-suite></test-suite></test-suite></test-run>