<test-run id="2" name="Challenge.exe" fullname="C:\Users\Админ\Desktop\Шпора\testing\Challenge\bin\Debug\Challenge.exe" testcasecount="360" result="Passed" total="17" passed="17" failed="0" inconclusive="0" skipped="0" asserts="0" engine-version="3.7.0.0" clr-version="4.0.30319.42000" start-time="2017-10-19 08:15:28Z" end-time="2017-10-19 08:15:28Z" duration="0.178301"><command-line><![CDATA["C:\Users\Админ\Desktop\Шпора\testing\Challenge\bin\Debug\Challenge.exe"   ]]></command-line><filter><test>Challenge.Infrastructure.WordsStatistics_STA_Tests</test></filter><test-suite type="Assembly" id="0-1383" name="Challenge.exe" fullname="C:\Users\Админ\Desktop\Шпора\testing\Challenge\bin\Debug\Challenge.exe" runstate="Runnable" testcasecount="360" result="Passed" start-time="2017-10-19 08:15:28Z" end-time="2017-10-19 08:15:28Z" duration="0.162859" total="17" passed="17" failed="0" warnings="0" inconclusive="0" skipped="0" asserts="0"><environment framework-version="3.8.1.0" clr-version="4.0.30319.42000" os-version="Microsoft Windows NT 10.0.15063.0" platform="Win32NT" cwd="C:\Users\Админ\Desktop\Шпора\testing\Challenge\bin\Debug" machine-name="DAGEPOKLAPTOP" user="Админ" user-domain="DAGEPOKLAPTOP" culture="ru-RU" uiculture="ru-RU" os-architecture="x86" /><settings><setting name="ImageRuntimeVersion" value="4.0.30319" /><setting name="ImageTargetFrameworkName" value=".NETFramework,Version=v4.5" /><setting name="ImageRequiresX86" value="True" /><setting name="RunAsX86" value="True" /><setting name="ImageRequiresDefaultAppDomainAssemblyResolver" value="False" /><setting name="RuntimeFramework" value="net-4.0" /><setting name="NumberOfTestWorkers" value="4" /></settings><properties><property name="_PID" value="1472" /><property name="_APPDOMAIN" value="domain-87e06b39-Challenge.exe" /></properties><test-suite type="TestSuite" id="0-1384" name="Challenge" fullname="Challenge" runstate="Runnable" testcasecount="360" result="Passed" start-time="2017-10-19 08:15:28Z" end-time="2017-10-19 08:15:28Z" duration="0.162758" total="17" passed="17" failed="0" warnings="0" inconclusive="0" skipped="0" asserts="0"><test-suite type="TestSuite" id="0-1385" name="Infrastructure" fullname="Challenge.Infrastructure" runstate="Runnable" testcasecount="343" result="Passed" start-time="2017-10-19 08:15:28Z" end-time="2017-10-19 08:15:28Z" duration="0.162416" total="17" passed="17" failed="0" warnings="0" inconclusive="0" skipped="0" asserts="0"><test-suite type="TestFixture" id="0-1365" name="WordsStatistics_STA_Tests" fullname="Challenge.Infrastructure.WordsStatistics_STA_Tests" classname="Challenge.Infrastructure.WordsStatistics_STA_Tests" runstate="Runnable" testcasecount="17" result="Passed" start-time="2017-10-19 08:15:28Z" end-time="2017-10-19 08:15:28Z" duration="0.161908" total="17" passed="17" failed="0" warnings="0" inconclusive="0" skipped="0" asserts="0"><test-case id="0-1378" name="GetStatisitcs_OrderByDesceding_AfterAlmostSameWordsWithAlmostSameCount" fullname="Challenge.Infrastructure.WordsStatistics_STA_Tests.GetStatisitcs_OrderByDesceding_AfterAlmostSameWordsWithAlmostSameCount" methodname="GetStatisitcs_OrderByDesceding_AfterAlmostSameWordsWithAlmostSameCount" classname="Challenge.WordsStatistics_Tests" runstate="Runnable" seed="2124081022" result="Passed" start-time="2017-10-19 08:15:28Z" end-time="2017-10-19 08:15:28Z" duration="0.002491" asserts="0" /><test-case id="0-1379" name="GetStatistics_AfterGet" fullname="Challenge.Infrastructure.WordsStatistics_STA_Tests.GetStatistics_AfterGet" methodname="GetStatistics_AfterGet" classname="Challenge.WordsStatistics_Tests" runstate="Runnable" seed="800408470" result="Passed" start-time="2017-10-19 08:15:28Z" end-time="2017-10-19 08:15:28Z" duration="0.000181" asserts="0" /><test-case id="0-1367" name="GetStatistics_ContainsItem_AfterAddition" fullname="Challenge.Infrastructure.WordsStatistics_STA_Tests.GetStatistics_ContainsItem_AfterAddition" methodname="GetStatistics_ContainsItem_AfterAddition" classname="Challenge.WordsStatistics_Tests" runstate="Runnable" seed="1006565422" result="Passed" start-time="2017-10-19 08:15:28Z" end-time="2017-10-19 08:15:28Z" duration="0.000241" asserts="0" /><test-case id="0-1375" name="GetStatistics_ContainsItem_AfterAdditionRussionWord" fullname="Challenge.Infrastructure.WordsStatistics_STA_Tests.GetStatistics_ContainsItem_AfterAdditionRussionWord" methodname="GetStatistics_ContainsItem_AfterAdditionRussionWord" classname="Challenge.WordsStatistics_Tests" runstate="Runnable" seed="1214097604" result="Passed" start-time="2017-10-19 08:15:28Z" end-time="2017-10-19 08:15:28Z" duration="0.000114" asserts="0" /><test-case id="0-1374" name="GetStatistics_ContainsItem_AfterAdditionWordsWithTenWhiteSpaces" fullname="Challenge.Infrastructure.WordsStatistics_STA_Tests.GetStatistics_ContainsItem_AfterAdditionWordsWithTenWhiteSpaces" methodname="GetStatistics_ContainsItem_AfterAdditionWordsWithTenWhiteSpaces" classname="Challenge.WordsStatistics_Tests" runstate="Runnable" seed="1667476203" result="Passed" start-time="2017-10-19 08:15:28Z" end-time="2017-10-19 08:15:28Z" duration="0.000077" asserts="0" /><test-case id="0-1368" name="GetStatistics_ContainsManyItems_AfterAdditionOfDifferentWords" fullname="Challenge.Infrastructure.WordsStatistics_STA_Tests.GetStatistics_ContainsManyItems_AfterAdditionOfDifferentWords" methodname="GetStatistics_ContainsManyItems_AfterAdditionOfDifferentWords" classname="Challenge.WordsStatistics_Tests" runstate="Runnable" seed="695767977" result="Passed" start-time="2017-10-19 08:15:28Z" end-time="2017-10-19 08:15:28Z" duration="0.000080" asserts="0" /><test-case id="0-1373" name="GetStatistics_ContainsTwoSameItems_AfterAddiotionWordswithSamePrefixDifferentCase" fullname="Challenge.Infrastructure.WordsStatistics_STA_Tests.GetStatistics_ContainsTwoSameItems_AfterAddiotionWordswithSamePrefixDifferentCase" methodname="GetStatistics_ContainsTwoSameItems_AfterAddiotionWordswithSamePrefixDifferentCase" classname="Challenge.WordsStatistics_Tests" runstate="Runnable" seed="134858050" result="Passed" start-time="2017-10-19 08:15:28Z" end-time="2017-10-19 08:15:28Z" duration="0.000077" asserts="0" /><test-case id="0-1369" name="GetStatistics_ContainsTwoSameItems_AfterAdditionOfDifferentWordsWithSamePrefices" fullname="Challenge.Infrastructure.WordsStatistics_STA_Tests.GetStatistics_ContainsTwoSameItems_AfterAdditionOfDifferentWordsWithSamePrefices" methodname="GetStatistics_ContainsTwoSameItems_AfterAdditionOfDifferentWordsWithSamePrefices" classname="Challenge.WordsStatistics_Tests" runstate="Runnable" seed="1869521191" result="Passed" start-time="2017-10-19 08:15:28Z" end-time="2017-10-19 08:15:28Z" duration="0.000075" asserts="0" /><test-case id="0-1370" name="GetStatistics_ContainsTwoSameItems_AfterAdditionOfSameWordsDifferentCase" fullname="Challenge.Infrastructure.WordsStatistics_STA_Tests.GetStatistics_ContainsTwoSameItems_AfterAdditionOfSameWordsDifferentCase" methodname="GetStatistics_ContainsTwoSameItems_AfterAdditionOfSameWordsDifferentCase" classname="Challenge.WordsStatistics_Tests" runstate="Runnable" seed="935854561" result="Passed" start-time="2017-10-19 08:15:28Z" end-time="2017-10-19 08:15:28Z" duration="0.000077" asserts="0" /><test-case id="0-1376" name="GetStatistics_IsEmpty_AfterAdditionEmptyWord" fullname="Challenge.Infrastructure.WordsStatistics_STA_Tests.GetStatistics_IsEmpty_AfterAdditionEmptyWord" methodname="GetStatistics_IsEmpty_AfterAdditionEmptyWord" classname="Challenge.WordsStatistics_Tests" runstate="Runnable" seed="1794610467" result="Passed" start-time="2017-10-19 08:15:28Z" end-time="2017-10-19 08:15:28Z" duration="0.000135" asserts="0" /><test-case id="0-1372" name="GetStatistics_IsEmpty_AfterAdditionWhiteSpaces" fullname="Challenge.Infrastructure.WordsStatistics_STA_Tests.GetStatistics_IsEmpty_AfterAdditionWhiteSpaces" methodname="GetStatistics_IsEmpty_AfterAdditionWhiteSpaces" classname="Challenge.WordsStatistics_Tests" runstate="Runnable" seed="472167405" result="Passed" start-time="2017-10-19 08:15:28Z" end-time="2017-10-19 08:15:28Z" duration="0.000130" asserts="0" /><test-case id="0-1366" name="GetStatistics_IsEmpty_AfterCreation" fullname="Challenge.Infrastructure.WordsStatistics_STA_Tests.GetStatistics_IsEmpty_AfterCreation" methodname="GetStatistics_IsEmpty_AfterCreation" classname="Challenge.WordsStatistics_Tests" runstate="Runnable" seed="1409895242" result="Passed" start-time="2017-10-19 08:15:28Z" end-time="2017-10-19 08:15:28Z" duration="0.000126" asserts="0" /><test-case id="0-1377" name="GetStatistics_IsEmpty_AfterNoAddiotional" fullname="Challenge.Infrastructure.WordsStatistics_STA_Tests.GetStatistics_IsEmpty_AfterNoAddiotional" methodname="GetStatistics_IsEmpty_AfterNoAddiotional" classname="Challenge.WordsStatistics_Tests" runstate="Runnable" seed="1607253526" result="Passed" start-time="2017-10-19 08:15:28Z" end-time="2017-10-19 08:15:28Z" duration="0.000180" asserts="0" /><test-case id="0-1381" name="GetStatistics_NotEmpty_AfterTowGetCalls" fullname="Challenge.Infrastructure.WordsStatistics_STA_Tests.GetStatistics_NotEmpty_AfterTowGetCalls" methodname="GetStatistics_NotEmpty_AfterTowGetCalls" classname="Challenge.WordsStatistics_Tests" runstate="Runnable" seed="929455611" result="Passed" start-time="2017-10-19 08:15:28Z" end-time="2017-10-19 08:15:28Z" duration="0.000091" asserts="0" /><test-case id="0-1371" name="GetStatistics_SortedByDescendingCount_AfterAdditionOfTwoWordsAndOneMore" fullname="Challenge.Infrastructure.WordsStatistics_STA_Tests.GetStatistics_SortedByDescendingCount_AfterAdditionOfTwoWordsAndOneMore" methodname="GetStatistics_SortedByDescendingCount_AfterAdditionOfTwoWordsAndOneMore" classname="Challenge.WordsStatistics_Tests" runstate="Runnable" seed="1509356092" result="Passed" start-time="2017-10-19 08:15:28Z" end-time="2017-10-19 08:15:28Z" duration="0.000086" asserts="0" /><test-case id="0-1382" name="GetStatistics_TImeOut_AfterManyWords" fullname="Challenge.Infrastructure.WordsStatistics_STA_Tests.GetStatistics_TImeOut_AfterManyWords" methodname="GetStatistics_TImeOut_AfterManyWords" classname="Challenge.WordsStatistics_Tests" runstate="Runnable" seed="2083216937" result="Passed" start-time="2017-10-19 08:15:28Z" end-time="2017-10-19 08:15:28Z" duration="0.157014" asserts="0"><properties><property name="Timeout" value="1000" /></properties></test-case><test-case id="0-1380" name="GetStatistics_UpperCase_AfterYO" fullname="Challenge.Infrastructure.WordsStatistics_STA_Tests.GetStatistics_UpperCase_AfterYO" methodname="GetStatistics_UpperCase_AfterYO" classname="Challenge.WordsStatistics_Tests" runstate="Runnable" seed="935543184" result="Passed" start-time="2017-10-19 08:15:28Z" end-time="2017-10-19 08:15:28Z" duration="0.000210" asserts="0" /></test-suite></test-suite></test-suite></test-suite></test-run>