<test-run id="2" name="Challenge.exe" fullname="C:\Users\Админ\Desktop\Шпора\testing\Challenge\bin\Debug\Challenge.exe" testcasecount="360" result="Failed" total="17" passed="16" failed="1" inconclusive="0" skipped="0" asserts="0" engine-version="3.7.0.0" clr-version="4.0.30319.42000" start-time="2017-10-25 09:20:22Z" end-time="2017-10-25 09:20:23Z" duration="1.424368"><command-line><![CDATA["C:\Users\Админ\Desktop\Шпора\testing\Challenge\bin\Debug\Challenge.exe" ]]></command-line><filter><test>Challenge.Infrastructure.WordsStatistics_998_Tests</test></filter><test-suite type="Assembly" id="0-1383" name="Challenge.exe" fullname="C:\Users\Админ\Desktop\Шпора\testing\Challenge\bin\Debug\Challenge.exe" runstate="Runnable" testcasecount="360" result="Failed" site="Child" start-time="2017-10-25 09:20:22Z" end-time="2017-10-25 09:20:23Z" duration="1.401479" total="17" passed="16" failed="1" warnings="0" inconclusive="0" skipped="0" asserts="0"><environment framework-version="3.8.1.0" clr-version="4.0.30319.42000" os-version="Microsoft Windows NT 10.0.15063.0" platform="Win32NT" cwd="C:\Users\Админ\Desktop\Шпора\testing\Challenge\bin\Debug" machine-name="DAGEPOKLAPTOP" user="Админ" user-domain="DAGEPOKLAPTOP" culture="ru-RU" uiculture="ru-RU" os-architecture="x86" /><settings><setting name="ImageRuntimeVersion" value="4.0.30319" /><setting name="ImageTargetFrameworkName" value=".NETFramework,Version=v4.5" /><setting name="ImageRequiresX86" value="True" /><setting name="RunAsX86" value="True" /><setting name="ImageRequiresDefaultAppDomainAssemblyResolver" value="False" /><setting name="RuntimeFramework" value="net-4.0" /><setting name="NumberOfTestWorkers" value="4" /></settings><properties><property name="_PID" value="15988" /><property name="_APPDOMAIN" value="domain-87e06b39-Challenge.exe" /></properties><failure><message><![CDATA[One or more child tests had errors]]></message></failure><test-suite type="TestSuite" id="0-1384" name="Challenge" fullname="Challenge" runstate="Runnable" testcasecount="360" result="Failed" site="Child" start-time="2017-10-25 09:20:22Z" end-time="2017-10-25 09:20:23Z" duration="1.401369" total="17" passed="16" failed="1" warnings="0" inconclusive="0" skipped="0" asserts="0"><failure><message><![CDATA[One or more child tests had errors]]></message></failure><test-suite type="TestSuite" id="0-1385" name="Infrastructure" fullname="Challenge.Infrastructure" runstate="Runnable" testcasecount="343" result="Failed" site="Child" start-time="2017-10-25 09:20:22Z" end-time="2017-10-25 09:20:23Z" duration="1.401319" total="17" passed="16" failed="1" warnings="0" inconclusive="0" skipped="0" asserts="0"><failure><message><![CDATA[One or more child tests had errors]]></message></failure><test-suite type="TestFixture" id="0-1275" name="WordsStatistics_998_Tests" fullname="Challenge.Infrastructure.WordsStatistics_998_Tests" classname="Challenge.Infrastructure.WordsStatistics_998_Tests" runstate="Runnable" testcasecount="17" result="Failed" site="Child" start-time="2017-10-25 09:20:22Z" end-time="2017-10-25 09:20:23Z" duration="1.400491" total="17" passed="16" failed="1" warnings="0" inconclusive="0" skipped="0" asserts="0"><failure><message><![CDATA[One or more child tests had errors]]></message></failure><test-case id="0-1288" name="GetStatisitcs_OrderByDesceding_AfterAlmostSameWordsWithAlmostSameCount" fullname="Challenge.Infrastructure.WordsStatistics_998_Tests.GetStatisitcs_OrderByDesceding_AfterAlmostSameWordsWithAlmostSameCount" methodname="GetStatisitcs_OrderByDesceding_AfterAlmostSameWordsWithAlmostSameCount" classname="Challenge.WordsStatistics_Tests" runstate="Runnable" seed="1751914126" result="Passed" start-time="2017-10-25 09:20:22Z" end-time="2017-10-25 09:20:22Z" duration="0.005094" asserts="0" /><test-case id="0-1289" name="GetStatistics_AfterGet" fullname="Challenge.Infrastructure.WordsStatistics_998_Tests.GetStatistics_AfterGet" methodname="GetStatistics_AfterGet" classname="Challenge.WordsStatistics_Tests" runstate="Runnable" seed="1964575820" result="Passed" start-time="2017-10-25 09:20:22Z" end-time="2017-10-25 09:20:22Z" duration="0.000178" asserts="0" /><test-case id="0-1277" name="GetStatistics_ContainsItem_AfterAddition" fullname="Challenge.Infrastructure.WordsStatistics_998_Tests.GetStatistics_ContainsItem_AfterAddition" methodname="GetStatistics_ContainsItem_AfterAddition" classname="Challenge.WordsStatistics_Tests" runstate="Runnable" seed="165949947" result="Passed" start-time="2017-10-25 09:20:22Z" end-time="2017-10-25 09:20:22Z" duration="0.000185" asserts="0" /><test-case id="0-1285" name="GetStatistics_ContainsItem_AfterAdditionRussionWord" fullname="Challenge.Infrastructure.WordsStatistics_998_Tests.GetStatistics_ContainsItem_AfterAdditionRussionWord" methodname="GetStatistics_ContainsItem_AfterAdditionRussionWord" classname="Challenge.WordsStatistics_Tests" runstate="Runnable" seed="1500153763" result="Passed" start-time="2017-10-25 09:20:22Z" end-time="2017-10-25 09:20:22Z" duration="0.004486" asserts="0" /><test-case id="0-1284" name="GetStatistics_ContainsItem_AfterAdditionWordsWithTenWhiteSpaces" fullname="Challenge.Infrastructure.WordsStatistics_998_Tests.GetStatistics_ContainsItem_AfterAdditionWordsWithTenWhiteSpaces" methodname="GetStatistics_ContainsItem_AfterAdditionWordsWithTenWhiteSpaces" classname="Challenge.WordsStatistics_Tests" runstate="Runnable" seed="826578334" result="Passed" start-time="2017-10-25 09:20:22Z" end-time="2017-10-25 09:20:22Z" duration="0.000142" asserts="0" /><test-case id="0-1278" name="GetStatistics_ContainsManyItems_AfterAdditionOfDifferentWords" fullname="Challenge.Infrastructure.WordsStatistics_998_Tests.GetStatistics_ContainsManyItems_AfterAdditionOfDifferentWords" methodname="GetStatistics_ContainsManyItems_AfterAdditionOfDifferentWords" classname="Challenge.WordsStatistics_Tests" runstate="Runnable" seed="1745691951" result="Passed" start-time="2017-10-25 09:20:22Z" end-time="2017-10-25 09:20:22Z" duration="0.000104" asserts="0" /><test-case id="0-1283" name="GetStatistics_ContainsTwoSameItems_AfterAddiotionWordswithSamePrefixDifferentCase" fullname="Challenge.Infrastructure.WordsStatistics_998_Tests.GetStatistics_ContainsTwoSameItems_AfterAddiotionWordswithSamePrefixDifferentCase" methodname="GetStatistics_ContainsTwoSameItems_AfterAddiotionWordswithSamePrefixDifferentCase" classname="Challenge.WordsStatistics_Tests" runstate="Runnable" seed="107083876" result="Passed" start-time="2017-10-25 09:20:22Z" end-time="2017-10-25 09:20:22Z" duration="0.000084" asserts="0" /><test-case id="0-1279" name="GetStatistics_ContainsTwoSameItems_AfterAdditionOfDifferentWordsWithSamePrefices" fullname="Challenge.Infrastructure.WordsStatistics_998_Tests.GetStatistics_ContainsTwoSameItems_AfterAdditionOfDifferentWordsWithSamePrefices" methodname="GetStatistics_ContainsTwoSameItems_AfterAdditionOfDifferentWordsWithSamePrefices" classname="Challenge.WordsStatistics_Tests" runstate="Runnable" seed="1744383919" result="Passed" start-time="2017-10-25 09:20:22Z" end-time="2017-10-25 09:20:22Z" duration="0.000073" asserts="0" /><test-case id="0-1280" name="GetStatistics_ContainsTwoSameItems_AfterAdditionOfSameWordsDifferentCase" fullname="Challenge.Infrastructure.WordsStatistics_998_Tests.GetStatistics_ContainsTwoSameItems_AfterAdditionOfSameWordsDifferentCase" methodname="GetStatistics_ContainsTwoSameItems_AfterAdditionOfSameWordsDifferentCase" classname="Challenge.WordsStatistics_Tests" runstate="Runnable" seed="1931239854" result="Passed" start-time="2017-10-25 09:20:22Z" end-time="2017-10-25 09:20:22Z" duration="0.000077" asserts="0" /><test-case id="0-1286" name="GetStatistics_IsEmpty_AfterAdditionEmptyWord" fullname="Challenge.Infrastructure.WordsStatistics_998_Tests.GetStatistics_IsEmpty_AfterAdditionEmptyWord" methodname="GetStatistics_IsEmpty_AfterAdditionEmptyWord" classname="Challenge.WordsStatistics_Tests" runstate="Runnable" seed="212279414" result="Passed" start-time="2017-10-25 09:20:22Z" end-time="2017-10-25 09:20:22Z" duration="0.000144" asserts="0" /><test-case id="0-1282" name="GetStatistics_IsEmpty_AfterAdditionWhiteSpaces" fullname="Challenge.Infrastructure.WordsStatistics_998_Tests.GetStatistics_IsEmpty_AfterAdditionWhiteSpaces" methodname="GetStatistics_IsEmpty_AfterAdditionWhiteSpaces" classname="Challenge.WordsStatistics_Tests" runstate="Runnable" seed="502622069" result="Passed" start-time="2017-10-25 09:20:22Z" end-time="2017-10-25 09:20:22Z" duration="0.000192" asserts="0" /><test-case id="0-1276" name="GetStatistics_IsEmpty_AfterCreation" fullname="Challenge.Infrastructure.WordsStatistics_998_Tests.GetStatistics_IsEmpty_AfterCreation" methodname="GetStatistics_IsEmpty_AfterCreation" classname="Challenge.WordsStatistics_Tests" runstate="Runnable" seed="796593351" result="Passed" start-time="2017-10-25 09:20:22Z" end-time="2017-10-25 09:20:22Z" duration="0.000154" asserts="0" /><test-case id="0-1287" name="GetStatistics_IsEmpty_AfterNoAddiotional" fullname="Challenge.Infrastructure.WordsStatistics_998_Tests.GetStatistics_IsEmpty_AfterNoAddiotional" methodname="GetStatistics_IsEmpty_AfterNoAddiotional" classname="Challenge.WordsStatistics_Tests" runstate="Runnable" seed="1975362113" result="Passed" start-time="2017-10-25 09:20:22Z" end-time="2017-10-25 09:20:22Z" duration="0.000131" asserts="0" /><test-case id="0-1291" name="GetStatistics_NotEmpty_AfterTowGetCalls" fullname="Challenge.Infrastructure.WordsStatistics_998_Tests.GetStatistics_NotEmpty_AfterTowGetCalls" methodname="GetStatistics_NotEmpty_AfterTowGetCalls" classname="Challenge.WordsStatistics_Tests" runstate="Runnable" seed="1921055578" result="Passed" start-time="2017-10-25 09:20:22Z" end-time="2017-10-25 09:20:22Z" duration="0.000083" asserts="0" /><test-case id="0-1281" name="GetStatistics_SortedByDescendingCount_AfterAdditionOfTwoWordsAndOneMore" fullname="Challenge.Infrastructure.WordsStatistics_998_Tests.GetStatistics_SortedByDescendingCount_AfterAdditionOfTwoWordsAndOneMore" methodname="GetStatistics_SortedByDescendingCount_AfterAdditionOfTwoWordsAndOneMore" classname="Challenge.WordsStatistics_Tests" runstate="Runnable" seed="885358350" result="Passed" start-time="2017-10-25 09:20:22Z" end-time="2017-10-25 09:20:22Z" duration="0.000089" asserts="0" /><test-case id="0-1292" name="GetStatistics_TImeOut_AfterManyWords" fullname="Challenge.Infrastructure.WordsStatistics_998_Tests.GetStatistics_TImeOut_AfterManyWords" methodname="GetStatistics_TImeOut_AfterManyWords" classname="Challenge.WordsStatistics_Tests" runstate="Runnable" seed="1102930524" result="Failed" start-time="2017-10-25 09:20:22Z" end-time="2017-10-25 09:20:23Z" duration="1.387842" asserts="0"><properties><property name="Timeout" value="1000" /></properties><failure><message><![CDATA[Test exceeded Timeout value of 1000ms]]></message></failure></test-case><test-case id="0-1290" name="GetStatistics_UpperCase_AfterYO" fullname="Challenge.Infrastructure.WordsStatistics_998_Tests.GetStatistics_UpperCase_AfterYO" methodname="GetStatistics_UpperCase_AfterYO" classname="Challenge.WordsStatistics_Tests" runstate="Runnable" seed="1838801449" result="Passed" start-time="2017-10-25 09:20:23Z" end-time="2017-10-25 09:20:23Z" duration="0.000150" asserts="0" /></test-suite></test-suite></test-suite></test-suite></test-run>