<test-run id="2" name="Challenge.exe" fullname="C:\Users\Админ\Desktop\Шпора\testing\Challenge\bin\Debug\Challenge.exe" testcasecount="360" result="Passed" total="17" passed="17" failed="0" inconclusive="0" skipped="0" asserts="0" engine-version="3.7.0.0" clr-version="4.0.30319.42000" start-time="2017-10-25 09:20:19Z" end-time="2017-10-25 09:20:20Z" duration="0.293833"><command-line><![CDATA["C:\Users\Админ\Desktop\Шпора\testing\Challenge\bin\Debug\Challenge.exe" ]]></command-line><filter><test>Challenge.Infrastructure.WordsStatisticsE4_Tests</test></filter><test-suite type="Assembly" id="0-1383" name="Challenge.exe" fullname="C:\Users\Админ\Desktop\Шпора\testing\Challenge\bin\Debug\Challenge.exe" runstate="Runnable" testcasecount="360" result="Passed" start-time="2017-10-25 09:20:19Z" end-time="2017-10-25 09:20:20Z" duration="0.273796" total="17" passed="17" failed="0" warnings="0" inconclusive="0" skipped="0" asserts="0"><environment framework-version="3.8.1.0" clr-version="4.0.30319.42000" os-version="Microsoft Windows NT 10.0.15063.0" platform="Win32NT" cwd="C:\Users\Админ\Desktop\Шпора\testing\Challenge\bin\Debug" machine-name="DAGEPOKLAPTOP" user="Админ" user-domain="DAGEPOKLAPTOP" culture="ru-RU" uiculture="ru-RU" os-architecture="x86" /><settings><setting name="ImageRuntimeVersion" value="4.0.30319" /><setting name="ImageTargetFrameworkName" value=".NETFramework,Version=v4.5" /><setting name="ImageRequiresX86" value="True" /><setting name="RunAsX86" value="True" /><setting name="ImageRequiresDefaultAppDomainAssemblyResolver" value="False" /><setting name="RuntimeFramework" value="net-4.0" /><setting name="NumberOfTestWorkers" value="4" /></settings><properties><property name="_PID" value="15988" /><property name="_APPDOMAIN" value="domain-87e06b39-Challenge.exe" /></properties><test-suite type="TestSuite" id="0-1384" name="Challenge" fullname="Challenge" runstate="Runnable" testcasecount="360" result="Passed" start-time="2017-10-25 09:20:19Z" end-time="2017-10-25 09:20:20Z" duration="0.272857" total="17" passed="17" failed="0" warnings="0" inconclusive="0" skipped="0" asserts="0"><test-suite type="TestSuite" id="0-1385" name="Infrastructure" fullname="Challenge.Infrastructure" runstate="Runnable" testcasecount="343" result="Passed" start-time="2017-10-25 09:20:19Z" end-time="2017-10-25 09:20:20Z" duration="0.272730" total="17" passed="17" failed="0" warnings="0" inconclusive="0" skipped="0" asserts="0"><test-suite type="TestFixture" id="0-1113" name="WordsStatisticsE4_Tests" fullname="Challenge.Infrastructure.WordsStatisticsE4_Tests" classname="Challenge.Infrastructure.WordsStatisticsE4_Tests" runstate="Runnable" testcasecount="17" result="Passed" start-time="2017-10-25 09:20:19Z" end-time="2017-10-25 09:20:20Z" duration="0.271856" total="17" passed="17" failed="0" warnings="0" inconclusive="0" skipped="0" asserts="0"><test-case id="0-1126" name="GetStatisitcs_OrderByDesceding_AfterAlmostSameWordsWithAlmostSameCount" fullname="Challenge.Infrastructure.WordsStatisticsE4_Tests.GetStatisitcs_OrderByDesceding_AfterAlmostSameWordsWithAlmostSameCount" methodname="GetStatisitcs_OrderByDesceding_AfterAlmostSameWordsWithAlmostSameCount" classname="Challenge.WordsStatistics_Tests" runstate="Runnable" seed="822393186" result="Passed" start-time="2017-10-25 09:20:19Z" end-time="2017-10-25 09:20:19Z" duration="0.001914" asserts="0" /><test-case id="0-1127" name="GetStatistics_AfterGet" fullname="Challenge.Infrastructure.WordsStatisticsE4_Tests.GetStatistics_AfterGet" methodname="GetStatistics_AfterGet" classname="Challenge.WordsStatistics_Tests" runstate="Runnable" seed="1348941167" result="Passed" start-time="2017-10-25 09:20:19Z" end-time="2017-10-25 09:20:19Z" duration="0.000197" asserts="0" /><test-case id="0-1115" name="GetStatistics_ContainsItem_AfterAddition" fullname="Challenge.Infrastructure.WordsStatisticsE4_Tests.GetStatistics_ContainsItem_AfterAddition" methodname="GetStatistics_ContainsItem_AfterAddition" classname="Challenge.WordsStatistics_Tests" runstate="Runnable" seed="652415951" result="Passed" start-time="2017-10-25 09:20:19Z" end-time="2017-10-25 09:20:19Z" duration="0.000396" asserts="0" /><test-case id="0-1123" name="GetStatistics_ContainsItem_AfterAdditionRussionWord" fullname="Challenge.Infrastructure.WordsStatisticsE4_Tests.GetStatistics_ContainsItem_AfterAdditionRussionWord" methodname="GetStatistics_ContainsItem_AfterAdditionRussionWord" classname="Challenge.WordsStatistics_Tests" runstate="Runnable" seed="1540680872" result="Passed" start-time="2017-10-25 09:20:19Z" end-time="2017-10-25 09:20:19Z" duration="0.000146" asserts="0" /><test-case id="0-1122" name="GetStatistics_ContainsItem_AfterAdditionWordsWithTenWhiteSpaces" fullname="Challenge.Infrastructure.WordsStatisticsE4_Tests.GetStatistics_ContainsItem_AfterAdditionWordsWithTenWhiteSpaces" methodname="GetStatistics_ContainsItem_AfterAdditionWordsWithTenWhiteSpaces" classname="Challenge.WordsStatistics_Tests" runstate="Runnable" seed="361776199" result="Passed" start-time="2017-10-25 09:20:19Z" end-time="2017-10-25 09:20:19Z" duration="0.000090" asserts="0" /><test-case id="0-1116" name="GetStatistics_ContainsManyItems_AfterAdditionOfDifferentWords" fullname="Challenge.Infrastructure.WordsStatisticsE4_Tests.GetStatistics_ContainsManyItems_AfterAdditionOfDifferentWords" methodname="GetStatistics_ContainsManyItems_AfterAdditionOfDifferentWords" classname="Challenge.WordsStatistics_Tests" runstate="Runnable" seed="2045973263" result="Passed" start-time="2017-10-25 09:20:19Z" end-time="2017-10-25 09:20:19Z" duration="0.000082" asserts="0" /><test-case id="0-1121" name="GetStatistics_ContainsTwoSameItems_AfterAddiotionWordswithSamePrefixDifferentCase" fullname="Challenge.Infrastructure.WordsStatisticsE4_Tests.GetStatistics_ContainsTwoSameItems_AfterAddiotionWordswithSamePrefixDifferentCase" methodname="GetStatistics_ContainsTwoSameItems_AfterAddiotionWordswithSamePrefixDifferentCase" classname="Challenge.WordsStatistics_Tests" runstate="Runnable" seed="325081914" result="Passed" start-time="2017-10-25 09:20:19Z" end-time="2017-10-25 09:20:19Z" duration="0.000084" asserts="0" /><test-case id="0-1117" name="GetStatistics_ContainsTwoSameItems_AfterAdditionOfDifferentWordsWithSamePrefices" fullname="Challenge.Infrastructure.WordsStatisticsE4_Tests.GetStatistics_ContainsTwoSameItems_AfterAdditionOfDifferentWordsWithSamePrefices" methodname="GetStatistics_ContainsTwoSameItems_AfterAdditionOfDifferentWordsWithSamePrefices" classname="Challenge.WordsStatistics_Tests" runstate="Runnable" seed="211847555" result="Passed" start-time="2017-10-25 09:20:19Z" end-time="2017-10-25 09:20:19Z" duration="0.000137" asserts="0" /><test-case id="0-1118" name="GetStatistics_ContainsTwoSameItems_AfterAdditionOfSameWordsDifferentCase" fullname="Challenge.Infrastructure.WordsStatisticsE4_Tests.GetStatistics_ContainsTwoSameItems_AfterAdditionOfSameWordsDifferentCase" methodname="GetStatistics_ContainsTwoSameItems_AfterAdditionOfSameWordsDifferentCase" classname="Challenge.WordsStatistics_Tests" runstate="Runnable" seed="2068083065" result="Passed" start-time="2017-10-25 09:20:19Z" end-time="2017-10-25 09:20:19Z" duration="0.000222" asserts="0" /><test-case id="0-1124" name="GetStatistics_IsEmpty_AfterAdditionEmptyWord" fullname="Challenge.Infrastructure.WordsStatisticsE4_Tests.GetStatistics_IsEmpty_AfterAdditionEmptyWord" methodname="GetStatistics_IsEmpty_AfterAdditionEmptyWord" classname="Challenge.WordsStatistics_Tests" runstate="Runnable" seed="689831449" result="Passed" start-time="2017-10-25 09:20:19Z" end-time="2017-10-25 09:20:19Z" duration="0.000154" asserts="0" /><test-case id="0-1120" name="GetStatistics_IsEmpty_AfterAdditionWhiteSpaces" fullname="Challenge.Infrastructure.WordsStatisticsE4_Tests.GetStatistics_IsEmpty_AfterAdditionWhiteSpaces" methodname="GetStatistics_IsEmpty_AfterAdditionWhiteSpaces" classname="Challenge.WordsStatistics_Tests" runstate="Runnable" seed="603797952" result="Passed" start-time="2017-10-25 09:20:19Z" end-time="2017-10-25 09:20:19Z" duration="0.000128" asserts="0" /><test-case id="0-1114" name="GetStatistics_IsEmpty_AfterCreation" fullname="Challenge.Infrastructure.WordsStatisticsE4_Tests.GetStatistics_IsEmpty_AfterCreation" methodname="GetStatistics_IsEmpty_AfterCreation" classname="Challenge.WordsStatistics_Tests" runstate="Runnable" seed="2102436178" result="Passed" start-time="2017-10-25 09:20:19Z" end-time="2017-10-25 09:20:19Z" duration="0.006939" asserts="0" /><test-case id="0-1125" name="GetStatistics_IsEmpty_AfterNoAddiotional" fullname="Challenge.Infrastructure.WordsStatisticsE4_Tests.GetStatistics_IsEmpty_AfterNoAddiotional" methodname="GetStatistics_IsEmpty_AfterNoAddiotional" classname="Challenge.WordsStatistics_Tests" runstate="Runnable" seed="1952148481" result="Passed" start-time="2017-10-25 09:20:19Z" end-time="2017-10-25 09:20:19Z" duration="0.000193" asserts="0" /><test-case id="0-1129" name="GetStatistics_NotEmpty_AfterTowGetCalls" fullname="Challenge.Infrastructure.WordsStatisticsE4_Tests.GetStatistics_NotEmpty_AfterTowGetCalls" methodname="GetStatistics_NotEmpty_AfterTowGetCalls" classname="Challenge.WordsStatistics_Tests" runstate="Runnable" seed="643869286" result="Passed" start-time="2017-10-25 09:20:19Z" end-time="2017-10-25 09:20:19Z" duration="0.000102" asserts="0" /><test-case id="0-1119" name="GetStatistics_SortedByDescendingCount_AfterAdditionOfTwoWordsAndOneMore" fullname="Challenge.Infrastructure.WordsStatisticsE4_Tests.GetStatistics_SortedByDescendingCount_AfterAdditionOfTwoWordsAndOneMore" methodname="GetStatistics_SortedByDescendingCount_AfterAdditionOfTwoWordsAndOneMore" classname="Challenge.WordsStatistics_Tests" runstate="Runnable" seed="727784355" result="Passed" start-time="2017-10-25 09:20:19Z" end-time="2017-10-25 09:20:19Z" duration="0.000099" asserts="0" /><test-case id="0-1130" name="GetStatistics_TImeOut_AfterManyWords" fullname="Challenge.Infrastructure.WordsStatisticsE4_Tests.GetStatistics_TImeOut_AfterManyWords" methodname="GetStatistics_TImeOut_AfterManyWords" classname="Challenge.WordsStatistics_Tests" runstate="Runnable" seed="422593417" result="Passed" start-time="2017-10-25 09:20:19Z" end-time="2017-10-25 09:20:20Z" duration="0.246972" asserts="0"><properties><property name="Timeout" value="1000" /></properties></test-case><test-case id="0-1128" name="GetStatistics_UpperCase_AfterYO" fullname="Challenge.Infrastructure.WordsStatisticsE4_Tests.GetStatistics_UpperCase_AfterYO" methodname="GetStatistics_UpperCase_AfterYO" classname="Challenge.WordsStatistics_Tests" runstate="Runnable" seed="551237436" result="Passed" start-time="2017-10-25 09:20:20Z" end-time="2017-10-25 09:20:20Z" duration="0.000184" asserts="0" /></test-suite></test-suite></test-suite></test-suite></test-run>