<test-run id="2" name="Challenge.exe" fullname="C:\Users\Админ\Desktop\Шпора\testing\Challenge\bin\Debug\Challenge.exe" testcasecount="360" result="Passed" total="17" passed="17" failed="0" inconclusive="0" skipped="0" asserts="0" engine-version="3.7.0.0" clr-version="4.0.30319.42000" start-time="2017-10-25 09:20:19Z" end-time="2017-10-25 09:20:19Z" duration="0.182933"><command-line><![CDATA["C:\Users\Админ\Desktop\Шпора\testing\Challenge\bin\Debug\Challenge.exe" ]]></command-line><filter><test>Challenge.Infrastructure.WordsStatisticsE2_Tests</test></filter><test-suite type="Assembly" id="0-1383" name="Challenge.exe" fullname="C:\Users\Админ\Desktop\Шпора\testing\Challenge\bin\Debug\Challenge.exe" runstate="Runnable" testcasecount="360" result="Passed" start-time="2017-10-25 09:20:19Z" end-time="2017-10-25 09:20:19Z" duration="0.166914" total="17" passed="17" failed="0" warnings="0" inconclusive="0" skipped="0" asserts="0"><environment framework-version="3.8.1.0" clr-version="4.0.30319.42000" os-version="Microsoft Windows NT 10.0.15063.0" platform="Win32NT" cwd="C:\Users\Админ\Desktop\Шпора\testing\Challenge\bin\Debug" machine-name="DAGEPOKLAPTOP" user="Админ" user-domain="DAGEPOKLAPTOP" culture="ru-RU" uiculture="ru-RU" os-architecture="x86" /><settings><setting name="ImageRuntimeVersion" value="4.0.30319" /><setting name="ImageTargetFrameworkName" value=".NETFramework,Version=v4.5" /><setting name="ImageRequiresX86" value="True" /><setting name="RunAsX86" value="True" /><setting name="ImageRequiresDefaultAppDomainAssemblyResolver" value="False" /><setting name="RuntimeFramework" value="net-4.0" /><setting name="NumberOfTestWorkers" value="4" /></settings><properties><property name="_PID" value="15988" /><property name="_APPDOMAIN" value="domain-87e06b39-Challenge.exe" /></properties><test-suite type="TestSuite" id="0-1384" name="Challenge" fullname="Challenge" runstate="Runnable" testcasecount="360" result="Passed" start-time="2017-10-25 09:20:19Z" end-time="2017-10-25 09:20:19Z" duration="0.166813" total="17" passed="17" failed="0" warnings="0" inconclusive="0" skipped="0" asserts="0"><test-suite type="TestSuite" id="0-1385" name="Infrastructure" fullname="Challenge.Infrastructure" runstate="Runnable" testcasecount="343" result="Passed" start-time="2017-10-25 09:20:19Z" end-time="2017-10-25 09:20:19Z" duration="0.166794" total="17" passed="17" failed="0" warnings="0" inconclusive="0" skipped="0" asserts="0"><test-suite type="TestFixture" id="0-1077" name="WordsStatisticsE2_Tests" fullname="Challenge.Infrastructure.WordsStatisticsE2_Tests" classname="Challenge.Infrastructure.WordsStatisticsE2_Tests" runstate="Runnable" testcasecount="17" result="Passed" start-time="2017-10-25 09:20:19Z" end-time="2017-10-25 09:20:19Z" duration="0.166463" total="17" passed="17" failed="0" warnings="0" inconclusive="0" skipped="0" asserts="0"><test-case id="0-1090" name="GetStatisitcs_OrderByDesceding_AfterAlmostSameWordsWithAlmostSameCount" fullname="Challenge.Infrastructure.WordsStatisticsE2_Tests.GetStatisitcs_OrderByDesceding_AfterAlmostSameWordsWithAlmostSameCount" methodname="GetStatisitcs_OrderByDesceding_AfterAlmostSameWordsWithAlmostSameCount" classname="Challenge.WordsStatistics_Tests" runstate="Runnable" seed="287863187" result="Passed" start-time="2017-10-25 09:20:19Z" end-time="2017-10-25 09:20:19Z" duration="0.000553" asserts="0" /><test-case id="0-1091" name="GetStatistics_AfterGet" fullname="Challenge.Infrastructure.WordsStatisticsE2_Tests.GetStatistics_AfterGet" methodname="GetStatistics_AfterGet" classname="Challenge.WordsStatistics_Tests" runstate="Runnable" seed="1648972691" result="Passed" start-time="2017-10-25 09:20:19Z" end-time="2017-10-25 09:20:19Z" duration="0.000098" asserts="0" /><test-case id="0-1079" name="GetStatistics_ContainsItem_AfterAddition" fullname="Challenge.Infrastructure.WordsStatisticsE2_Tests.GetStatistics_ContainsItem_AfterAddition" methodname="GetStatistics_ContainsItem_AfterAddition" classname="Challenge.WordsStatistics_Tests" runstate="Runnable" seed="1288133147" result="Passed" start-time="2017-10-25 09:20:19Z" end-time="2017-10-25 09:20:19Z" duration="0.000134" asserts="0" /><test-case id="0-1087" name="GetStatistics_ContainsItem_AfterAdditionRussionWord" fullname="Challenge.Infrastructure.WordsStatisticsE2_Tests.GetStatistics_ContainsItem_AfterAdditionRussionWord" methodname="GetStatistics_ContainsItem_AfterAdditionRussionWord" classname="Challenge.WordsStatistics_Tests" runstate="Runnable" seed="709439738" result="Passed" start-time="2017-10-25 09:20:19Z" end-time="2017-10-25 09:20:19Z" duration="0.000056" asserts="0" /><test-case id="0-1086" name="GetStatistics_ContainsItem_AfterAdditionWordsWithTenWhiteSpaces" fullname="Challenge.Infrastructure.WordsStatisticsE2_Tests.GetStatistics_ContainsItem_AfterAdditionWordsWithTenWhiteSpaces" methodname="GetStatistics_ContainsItem_AfterAdditionWordsWithTenWhiteSpaces" classname="Challenge.WordsStatistics_Tests" runstate="Runnable" seed="349827636" result="Passed" start-time="2017-10-25 09:20:19Z" end-time="2017-10-25 09:20:19Z" duration="0.000045" asserts="0" /><test-case id="0-1080" name="GetStatistics_ContainsManyItems_AfterAdditionOfDifferentWords" fullname="Challenge.Infrastructure.WordsStatisticsE2_Tests.GetStatistics_ContainsManyItems_AfterAdditionOfDifferentWords" methodname="GetStatistics_ContainsManyItems_AfterAdditionOfDifferentWords" classname="Challenge.WordsStatistics_Tests" runstate="Runnable" seed="1169720155" result="Passed" start-time="2017-10-25 09:20:19Z" end-time="2017-10-25 09:20:19Z" duration="0.000045" asserts="0" /><test-case id="0-1085" name="GetStatistics_ContainsTwoSameItems_AfterAddiotionWordswithSamePrefixDifferentCase" fullname="Challenge.Infrastructure.WordsStatisticsE2_Tests.GetStatistics_ContainsTwoSameItems_AfterAddiotionWordswithSamePrefixDifferentCase" methodname="GetStatistics_ContainsTwoSameItems_AfterAddiotionWordswithSamePrefixDifferentCase" classname="Challenge.WordsStatistics_Tests" runstate="Runnable" seed="357428211" result="Passed" start-time="2017-10-25 09:20:19Z" end-time="2017-10-25 09:20:19Z" duration="0.000052" asserts="0" /><test-case id="0-1081" name="GetStatistics_ContainsTwoSameItems_AfterAdditionOfDifferentWordsWithSamePrefices" fullname="Challenge.Infrastructure.WordsStatisticsE2_Tests.GetStatistics_ContainsTwoSameItems_AfterAdditionOfDifferentWordsWithSamePrefices" methodname="GetStatistics_ContainsTwoSameItems_AfterAdditionOfDifferentWordsWithSamePrefices" classname="Challenge.WordsStatistics_Tests" runstate="Runnable" seed="51809569" result="Passed" start-time="2017-10-25 09:20:19Z" end-time="2017-10-25 09:20:19Z" duration="0.000072" asserts="0" /><test-case id="0-1082" name="GetStatistics_ContainsTwoSameItems_AfterAdditionOfSameWordsDifferentCase" fullname="Challenge.Infrastructure.WordsStatisticsE2_Tests.GetStatistics_ContainsTwoSameItems_AfterAdditionOfSameWordsDifferentCase" methodname="GetStatistics_ContainsTwoSameItems_AfterAdditionOfSameWordsDifferentCase" classname="Challenge.WordsStatistics_Tests" runstate="Runnable" seed="29195204" result="Passed" start-time="2017-10-25 09:20:19Z" end-time="2017-10-25 09:20:19Z" duration="0.000080" asserts="0" /><test-case id="0-1088" name="GetStatistics_IsEmpty_AfterAdditionEmptyWord" fullname="Challenge.Infrastructure.WordsStatisticsE2_Tests.GetStatistics_IsEmpty_AfterAdditionEmptyWord" methodname="GetStatistics_IsEmpty_AfterAdditionEmptyWord" classname="Challenge.WordsStatistics_Tests" runstate="Runnable" seed="87810551" result="Passed" start-time="2017-10-25 09:20:19Z" end-time="2017-10-25 09:20:19Z" duration="0.000086" asserts="0" /><test-case id="0-1084" name="GetStatistics_IsEmpty_AfterAdditionWhiteSpaces" fullname="Challenge.Infrastructure.WordsStatisticsE2_Tests.GetStatistics_IsEmpty_AfterAdditionWhiteSpaces" methodname="GetStatistics_IsEmpty_AfterAdditionWhiteSpaces" classname="Challenge.WordsStatistics_Tests" runstate="Runnable" seed="1873284082" result="Passed" start-time="2017-10-25 09:20:19Z" end-time="2017-10-25 09:20:19Z" duration="0.000076" asserts="0" /><test-case id="0-1078" name="GetStatistics_IsEmpty_AfterCreation" fullname="Challenge.Infrastructure.WordsStatisticsE2_Tests.GetStatistics_IsEmpty_AfterCreation" methodname="GetStatistics_IsEmpty_AfterCreation" classname="Challenge.WordsStatistics_Tests" runstate="Runnable" seed="506076990" result="Passed" start-time="2017-10-25 09:20:19Z" end-time="2017-10-25 09:20:19Z" duration="0.000073" asserts="0" /><test-case id="0-1089" name="GetStatistics_IsEmpty_AfterNoAddiotional" fullname="Challenge.Infrastructure.WordsStatisticsE2_Tests.GetStatistics_IsEmpty_AfterNoAddiotional" methodname="GetStatistics_IsEmpty_AfterNoAddiotional" classname="Challenge.WordsStatistics_Tests" runstate="Runnable" seed="286338928" result="Passed" start-time="2017-10-25 09:20:19Z" end-time="2017-10-25 09:20:19Z" duration="0.000075" asserts="0" /><test-case id="0-1093" name="GetStatistics_NotEmpty_AfterTowGetCalls" fullname="Challenge.Infrastructure.WordsStatisticsE2_Tests.GetStatistics_NotEmpty_AfterTowGetCalls" methodname="GetStatistics_NotEmpty_AfterTowGetCalls" classname="Challenge.WordsStatistics_Tests" runstate="Runnable" seed="894895305" result="Passed" start-time="2017-10-25 09:20:19Z" end-time="2017-10-25 09:20:19Z" duration="0.000049" asserts="0" /><test-case id="0-1083" name="GetStatistics_SortedByDescendingCount_AfterAdditionOfTwoWordsAndOneMore" fullname="Challenge.Infrastructure.WordsStatisticsE2_Tests.GetStatistics_SortedByDescendingCount_AfterAdditionOfTwoWordsAndOneMore" methodname="GetStatistics_SortedByDescendingCount_AfterAdditionOfTwoWordsAndOneMore" classname="Challenge.WordsStatistics_Tests" runstate="Runnable" seed="120212950" result="Passed" start-time="2017-10-25 09:20:19Z" end-time="2017-10-25 09:20:19Z" duration="0.000059" asserts="0" /><test-case id="0-1094" name="GetStatistics_TImeOut_AfterManyWords" fullname="Challenge.Infrastructure.WordsStatisticsE2_Tests.GetStatistics_TImeOut_AfterManyWords" methodname="GetStatistics_TImeOut_AfterManyWords" classname="Challenge.WordsStatistics_Tests" runstate="Runnable" seed="1166138169" result="Passed" start-time="2017-10-25 09:20:19Z" end-time="2017-10-25 09:20:19Z" duration="0.164218" asserts="0"><properties><property name="Timeout" value="1000" /></properties></test-case><test-case id="0-1092" name="GetStatistics_UpperCase_AfterYO" fullname="Challenge.Infrastructure.WordsStatisticsE2_Tests.GetStatistics_UpperCase_AfterYO" methodname="GetStatistics_UpperCase_AfterYO" classname="Challenge.WordsStatistics_Tests" runstate="Runnable" seed="1949048026" result="Passed" start-time="2017-10-25 09:20:19Z" end-time="2017-10-25 09:20:19Z" duration="0.000162" asserts="0" /></test-suite></test-suite></test-suite></test-suite></test-run>